<?xml version="1.0" encoding="utf-8"?>
<CoverageSession xmlns:xsd="http://www.w3.org/2001/XMLSchema" xmlns:xsi="http://www.w3.org/2001/XMLSchema-instance">
  <Summary numSequencePoints="508" visitedSequencePoints="493" numBranchPoints="194" visitedBranchPoints="185" sequenceCoverage="97.05" branchCoverage="95.36" maxCyclomaticComplexity="15" minCyclomaticComplexity="1" visitedClasses="32" numClasses="34" visitedMethods="100" numMethods="103" />
  <Modules>
    <Module skippedDueTo="Filter" hash="8F-DF-0C-F9-5B-73-58-D8-FD-3D-6D-55-47-B0-2B-CB-6F-04-49-3F">
      <ModulePath>C:\WINDOWS\Microsoft.Net\assembly\GAC_64\mscorlib\v4.0_4.0.0.0__b77a5c561934e089\mscorlib.dll</ModulePath>
      <ModuleTime>2019-02-12T02:35:56.0883553Z</ModuleTime>
      <ModuleName>mscorlib</ModuleName>
      <Classes />
    </Module>
    <Module skippedDueTo="MissingPdb" hash="C3-AA-1C-1C-8E-82-1A-33-B0-D2-15-D7-67-2F-0B-23-E3-D3-35-BD">
      <ModulePath>C:\Users\kuskas\Source\Repos\fse-projectmanager\ProjectManager\packages\NUnit.ConsoleRunner.3.10.0\tools\nunit3-console.exe</ModulePath>
      <ModuleTime>2019-03-24T08:23:50Z</ModuleTime>
      <ModuleName>nunit3-console</ModuleName>
      <Classes />
    </Module>
    <Module skippedDueTo="Filter" hash="B2-06-7D-FB-E9-C5-90-1F-12-4D-6E-5D-37-9A-91-73-FE-58-BB-39">
      <ModulePath>C:\WINDOWS\Microsoft.Net\assembly\GAC_MSIL\System\v4.0_4.0.0.0__b77a5c561934e089\System.dll</ModulePath>
      <ModuleTime>2019-01-08T03:20:13.8429008Z</ModuleTime>
      <ModuleName>System</ModuleName>
      <Classes />
    </Module>
    <Module skippedDueTo="MissingPdb" hash="56-19-46-EE-B2-F2-BE-59-B4-C3-2F-4A-6E-93-59-8A-52-CC-E1-25">
      <ModulePath>C:\Users\kuskas\Source\Repos\fse-projectmanager\ProjectManager\packages\NUnit.ConsoleRunner.3.10.0\tools\nunit.engine.api.dll</ModulePath>
      <ModuleTime>2019-03-24T08:23:50Z</ModuleTime>
      <ModuleName>nunit.engine.api</ModuleName>
      <Classes />
    </Module>
    <Module skippedDueTo="MissingPdb" hash="F3-B1-83-1B-09-4C-8B-4B-4D-F1-AE-22-3B-BF-1C-83-85-41-B0-4C">
      <ModulePath>C:\Users\kuskas\Source\Repos\fse-projectmanager\ProjectManager\packages\NUnit.ConsoleRunner.3.10.0\tools\nunit.engine.dll</ModulePath>
      <ModuleTime>2019-03-24T08:23:50Z</ModuleTime>
      <ModuleName>nunit.engine</ModuleName>
      <Classes />
    </Module>
    <Module skippedDueTo="Filter" hash="C9-90-56-C8-34-0E-96-2A-07-09-EA-81-19-89-AB-9B-B6-6C-C4-D4">
      <ModulePath>C:\WINDOWS\Microsoft.Net\assembly\GAC_MSIL\System.Xml\v4.0_4.0.0.0__b77a5c561934e089\System.Xml.dll</ModulePath>
      <ModuleTime>2018-06-18T04:19:29.265858Z</ModuleTime>
      <ModuleName>System.Xml</ModuleName>
      <Classes />
    </Module>
    <Module skippedDueTo="Filter" hash="3A-73-A1-C9-77-A2-4B-0D-EE-93-92-04-28-0A-E5-0F-7B-06-36-12">
      <ModulePath>C:\WINDOWS\Microsoft.Net\assembly\GAC_64\System.Web\v4.0_4.0.0.0__b03f5f7f11d50a3a\System.Web.dll</ModulePath>
      <ModuleTime>2018-11-13T02:22:02.4055265Z</ModuleTime>
      <ModuleName>System.Web</ModuleName>
      <Classes />
    </Module>
    <Module skippedDueTo="MissingPdb" hash="8A-2E-8F-D6-9D-39-02-4A-2F-30-FC-06-42-F7-0F-A8-32-69-07-72">
      <ModulePath>C:\Users\kuskas\Source\Repos\fse-projectmanager\ProjectManager\packages\NUnit.ConsoleRunner.3.10.0\tools\Mono.Cecil.dll</ModulePath>
      <ModuleTime>2019-03-24T08:23:50Z</ModuleTime>
      <ModuleName>Mono.Cecil</ModuleName>
      <Classes />
    </Module>
    <Module skippedDueTo="Filter" hash="99-11-EB-F5-78-AC-B1-38-60-82-1D-90-D3-48-FC-57-C0-00-EA-04">
      <ModulePath>C:\WINDOWS\Microsoft.Net\assembly\GAC_MSIL\System.Runtime.Remoting\v4.0_4.0.0.0__b77a5c561934e089\System.Runtime.Remoting.dll</ModulePath>
      <ModuleTime>2018-06-18T04:19:28.9275518Z</ModuleTime>
      <ModuleName>System.Runtime.Remoting</ModuleName>
      <Classes />
    </Module>
    <Module skippedDueTo="Filter" hash="41-E7-52-4E-E7-9F-10-43-54-6F-CE-76-44-7B-9F-E0-F1-33-EE-FD">
      <ModulePath>C:\WINDOWS\Microsoft.Net\assembly\GAC_MSIL\System.Configuration\v4.0_4.0.0.0__b03f5f7f11d50a3a\System.Configuration.dll</ModulePath>
      <ModuleTime>2018-12-11T02:36:28.3231849Z</ModuleTime>
      <ModuleName>System.Configuration</ModuleName>
      <Classes />
    </Module>
    <Module skippedDueTo="MissingPdb" hash="DD-03-C0-F6-30-61-DA-66-3E-7C-57-4F-A1-08-5C-81-F5-6E-EF-AA">
      <ModulePath>C:\Users\kuskas\Source\Repos\fse-projectmanager\ProjectManager\packages\NUnit.ConsoleRunner.3.10.0\tools\nunit-agent.exe</ModulePath>
      <ModuleTime>2019-03-24T08:23:50Z</ModuleTime>
      <ModuleName>nunit-agent</ModuleName>
      <Classes />
    </Module>
    <Module skippedDueTo="Filter" hash="EE-92-34-AE-A6-A6-A8-2E-8A-34-A1-E4-20-3D-2A-23-C5-9D-D8-D2">
      <ModulePath>C:\Users\kuskas\Source\Repos\fse-projectmanager\ProjectManager\Web.Api.Tests\bin\Debug\nunit.framework.dll</ModulePath>
      <ModuleTime>2018-10-06T08:52:56Z</ModuleTime>
      <ModuleName>nunit.framework</ModuleName>
      <Classes />
    </Module>
    <Module skippedDueTo="Filter" hash="B9-05-2F-F0-B5-34-29-CD-73-A5-65-7D-D6-7B-7B-2F-20-82-C5-E4">
      <ModulePath>C:\WINDOWS\Microsoft.Net\assembly\GAC_MSIL\System.Core\v4.0_4.0.0.0__b77a5c561934e089\System.Core.dll</ModulePath>
      <ModuleTime>2019-01-08T03:20:13.6397741Z</ModuleTime>
      <ModuleName>System.Core</ModuleName>
      <Classes />
    </Module>
    <Module skippedDueTo="Filter" hash="C7-3C-59-B6-B8-3D-69-20-79-A7-F5-45-C1-30-8C-D0-1C-85-1C-9B">
      <ModulePath>C:\Users\kuskas\Source\Repos\fse-projectmanager\ProjectManager\Web.Api.Tests\bin\Debug\Web.Api.Tests.dll</ModulePath>
      <ModuleTime>2019-07-30T04:13:47.1040193Z</ModuleTime>
      <ModuleName>Web.Api.Tests</ModuleName>
      <Classes />
    </Module>
    <Module hash="B7-00-9A-E5-13-B8-BD-46-91-84-DE-B2-6F-84-91-D8-A4-48-A5-1A">
      <Summary numSequencePoints="88" visitedSequencePoints="86" numBranchPoints="56" visitedBranchPoints="51" sequenceCoverage="97.73" branchCoverage="91.07" maxCyclomaticComplexity="9" minCyclomaticComplexity="1" visitedClasses="5" numClasses="5" visitedMethods="11" numMethods="11" />
      <ModulePath>C:\Users\kuskas\Source\Repos\fse-projectmanager\ProjectManager\Web.Api.Tests\bin\Debug\ProjectManager.SharedKernel.dll</ModulePath>
      <ModuleTime>2019-07-30T03:19:21.7705345Z</ModuleTime>
      <ModuleName>ProjectManager.SharedKernel</ModuleName>
      <Files>
        <File uid="1" fullPath="C:\Users\kuskas\Source\Repos\fse-projectmanager\ProjectManager\ProjectManager.SharedKernel\Extensions.cs" />
        <File uid="2" fullPath="C:\Users\kuskas\Source\Repos\fse-projectmanager\ProjectManager\ProjectManager.SharedKernel\FilterCriteria\CompositeFilterDescriptor.cs" />
        <File uid="3" fullPath="C:\Users\kuskas\Source\Repos\fse-projectmanager\ProjectManager\ProjectManager.SharedKernel\FilterCriteria\Filter.cs" />
        <File uid="4" fullPath="C:\Users\kuskas\Source\Repos\fse-projectmanager\ProjectManager\ProjectManager.SharedKernel\FilterCriteria\FilterDescriptor.cs" />
        <File uid="5" fullPath="C:\Users\kuskas\Source\Repos\fse-projectmanager\ProjectManager\ProjectManager.SharedKernel\FilterCriteria\FilterResult.cs" />
        <File uid="6" fullPath="C:\Users\kuskas\Source\Repos\fse-projectmanager\ProjectManager\ProjectManager.SharedKernel\FilterCriteria\FilterState.cs" />
        <File uid="7" fullPath="C:\Users\kuskas\Source\Repos\fse-projectmanager\ProjectManager\ProjectManager.SharedKernel\FilterCriteria\FilterStateHelper.cs" />
        <File uid="9" fullPath="C:\Users\kuskas\Source\Repos\fse-projectmanager\ProjectManager\ProjectManager.SharedKernel\FilterCriteria\RangeFilter.cs" />
        <File uid="10" fullPath="C:\Users\kuskas\Source\Repos\fse-projectmanager\ProjectManager\ProjectManager.SharedKernel\FilterCriteria\SortDescriptor.cs" />
      </Files>
      <Classes>
        <Class>
          <Summary numSequencePoints="0" visitedSequencePoints="0" numBranchPoints="0" visitedBranchPoints="0" sequenceCoverage="0" branchCoverage="0" maxCyclomaticComplexity="0" minCyclomaticComplexity="0" visitedClasses="0" numClasses="0" visitedMethods="0" numMethods="0" />
          <FullName>&lt;Module&gt;</FullName>
          <Methods />
        </Class>
        <Class>
          <Summary numSequencePoints="16" visitedSequencePoints="16" numBranchPoints="8" visitedBranchPoints="8" sequenceCoverage="100" branchCoverage="100" maxCyclomaticComplexity="2" minCyclomaticComplexity="1" visitedClasses="1" numClasses="1" visitedMethods="4" numMethods="4" />
          <FullName>ProjectManager.SharedKernel.Extensions</FullName>
          <Methods>
            <Method visited="true" cyclomaticComplexity="1" nPathComplexity="0" sequenceCoverage="100" branchCoverage="100" isConstructor="false" isStatic="true" isGetter="false" isSetter="false">
              <Summary numSequencePoints="3" visitedSequencePoints="3" numBranchPoints="1" visitedBranchPoints="1" sequenceCoverage="100" branchCoverage="100" maxCyclomaticComplexity="1" minCyclomaticComplexity="1" visitedClasses="0" numClasses="0" visitedMethods="1" numMethods="1" />
              <MetadataToken>100663297</MetadataToken>
              <Name>T ProjectManager.SharedKernel.Extensions::ToObject(System.String)</Name>
              <FileRef uid="1" />
              <SequencePoints>
                <SequencePoint vc="4" uspid="1" ordinal="0" offset="0" sl="14" sc="9" el="14" ec="10" bec="0" bev="0" fileid="1" />
                <SequencePoint vc="4" uspid="2" ordinal="1" offset="1" sl="15" sc="13" el="15" ec="59" bec="0" bev="0" fileid="1" />
                <SequencePoint vc="3" uspid="3" ordinal="2" offset="10" sl="16" sc="9" el="16" ec="10" bec="0" bev="0" fileid="1" />
              </SequencePoints>
              <BranchPoints />
              <MethodPoint xsi:type="SequencePoint" vc="4" uspid="1" ordinal="0" offset="0" sl="14" sc="9" el="14" ec="10" bec="0" bev="0" fileid="1" />
            </Method>
            <Method visited="true" cyclomaticComplexity="1" nPathComplexity="0" sequenceCoverage="100" branchCoverage="100" isConstructor="false" isStatic="true" isGetter="false" isSetter="false">
              <Summary numSequencePoints="3" visitedSequencePoints="3" numBranchPoints="1" visitedBranchPoints="1" sequenceCoverage="100" branchCoverage="100" maxCyclomaticComplexity="1" minCyclomaticComplexity="1" visitedClasses="0" numClasses="0" visitedMethods="1" numMethods="1" />
              <MetadataToken>100663298</MetadataToken>
              <Name>System.String ProjectManager.SharedKernel.Extensions::ToJson(System.Object)</Name>
              <FileRef uid="1" />
              <SequencePoints>
                <SequencePoint vc="4" uspid="4" ordinal="0" offset="0" sl="19" sc="9" el="19" ec="10" bec="0" bev="0" fileid="1" />
                <SequencePoint vc="4" uspid="5" ordinal="1" offset="1" sl="20" sc="13" el="20" ec="55" bec="0" bev="0" fileid="1" />
                <SequencePoint vc="4" uspid="6" ordinal="2" offset="10" sl="21" sc="9" el="21" ec="10" bec="0" bev="0" fileid="1" />
              </SequencePoints>
              <BranchPoints />
              <MethodPoint xsi:type="SequencePoint" vc="4" uspid="4" ordinal="0" offset="0" sl="19" sc="9" el="19" ec="10" bec="0" bev="0" fileid="1" />
            </Method>
            <Method visited="true" cyclomaticComplexity="2" nPathComplexity="2" sequenceCoverage="100" branchCoverage="100" isConstructor="false" isStatic="true" isGetter="false" isSetter="false">
              <Summary numSequencePoints="5" visitedSequencePoints="5" numBranchPoints="3" visitedBranchPoints="3" sequenceCoverage="100" branchCoverage="100" maxCyclomaticComplexity="2" minCyclomaticComplexity="2" visitedClasses="0" numClasses="0" visitedMethods="1" numMethods="1" />
              <MetadataToken>100663299</MetadataToken>
              <Name>System.Nullable`1&lt;System.DateTime&gt; ProjectManager.SharedKernel.Extensions::YYYYMMDDToDate(System.String)</Name>
              <FileRef uid="1" />
              <SequencePoints>
                <SequencePoint vc="13" uspid="7" ordinal="0" offset="0" sl="24" sc="9" el="24" ec="10" bec="0" bev="0" fileid="1" />
                <SequencePoint vc="13" uspid="8" ordinal="1" offset="1" sl="25" sc="13" el="25" ec="52" bec="2" bev="2" fileid="1" />
                <SequencePoint vc="1" uspid="9" ordinal="2" offset="11" sl="25" sc="53" el="25" ec="65" bec="0" bev="0" fileid="1" />
                <SequencePoint vc="12" uspid="10" ordinal="3" offset="23" sl="26" sc="13" el="26" ec="91" bec="0" bev="0" fileid="1" />
                <SequencePoint vc="13" uspid="11" ordinal="4" offset="47" sl="27" sc="9" el="27" ec="10" bec="0" bev="0" fileid="1" />
              </SequencePoints>
              <BranchPoints>
                <BranchPoint vc="1" uspid="12" ordinal="0" offset="9" sl="25" path="0" offsetend="11" fileid="1" />
                <BranchPoint vc="12" uspid="13" ordinal="1" offset="9" sl="25" path="1" offsetend="23" fileid="1" />
              </BranchPoints>
              <MethodPoint xsi:type="SequencePoint" vc="13" uspid="7" ordinal="0" offset="0" sl="24" sc="9" el="24" ec="10" bec="0" bev="0" fileid="1" />
            </Method>
            <Method visited="true" cyclomaticComplexity="2" nPathComplexity="2" sequenceCoverage="100" branchCoverage="100" isConstructor="false" isStatic="true" isGetter="false" isSetter="false">
              <Summary numSequencePoints="5" visitedSequencePoints="5" numBranchPoints="3" visitedBranchPoints="3" sequenceCoverage="100" branchCoverage="100" maxCyclomaticComplexity="2" minCyclomaticComplexity="2" visitedClasses="0" numClasses="0" visitedMethods="1" numMethods="1" />
              <MetadataToken>100663300</MetadataToken>
              <Name>System.String ProjectManager.SharedKernel.Extensions::DateToYYYYMMDD(System.Nullable`1&lt;System.DateTime&gt;)</Name>
              <FileRef uid="1" />
              <SequencePoints>
                <SequencePoint vc="59" uspid="14" ordinal="0" offset="0" sl="30" sc="9" el="30" ec="10" bec="0" bev="0" fileid="1" />
                <SequencePoint vc="59" uspid="15" ordinal="1" offset="1" sl="31" sc="13" el="31" ec="28" bec="2" bev="2" fileid="1" />
                <SequencePoint vc="5" uspid="16" ordinal="2" offset="15" sl="31" sc="28" el="31" ec="48" bec="0" bev="0" fileid="1" />
                <SequencePoint vc="54" uspid="17" ordinal="3" offset="23" sl="33" sc="13" el="33" ec="58" bec="0" bev="0" fileid="1" />
                <SequencePoint vc="59" uspid="18" ordinal="4" offset="46" sl="34" sc="9" el="34" ec="10" bec="0" bev="0" fileid="1" />
              </SequencePoints>
              <BranchPoints>
                <BranchPoint vc="5" uspid="19" ordinal="0" offset="13" sl="31" path="0" offsetend="15" fileid="1" />
                <BranchPoint vc="54" uspid="20" ordinal="1" offset="13" sl="31" path="1" offsetend="23" fileid="1" />
              </BranchPoints>
              <MethodPoint xsi:type="SequencePoint" vc="59" uspid="14" ordinal="0" offset="0" sl="30" sc="9" el="30" ec="10" bec="0" bev="0" fileid="1" />
            </Method>
          </Methods>
        </Class>
        <Class>
          <Summary numSequencePoints="0" visitedSequencePoints="0" numBranchPoints="0" visitedBranchPoints="0" sequenceCoverage="0" branchCoverage="0" maxCyclomaticComplexity="1" minCyclomaticComplexity="1" visitedClasses="0" numClasses="0" visitedMethods="0" numMethods="0" />
          <FullName>ProjectManager.SharedKernel.FilterCriteria.CompositeFilterDescriptor</FullName>
          <Methods>
            <Method skippedDueTo="AutoImplementedProperty" visited="false" cyclomaticComplexity="1" nPathComplexity="0" sequenceCoverage="0" branchCoverage="0" isConstructor="false" isStatic="false" isGetter="true" isSetter="false">
              <MetadataToken>100663301</MetadataToken>
              <Name>System.String ProjectManager.SharedKernel.FilterCriteria.CompositeFilterDescriptor::get_Logic()</Name>
              <FileRef uid="2" />
              <SequencePoints />
              <BranchPoints />
            </Method>
            <Method skippedDueTo="AutoImplementedProperty" visited="false" cyclomaticComplexity="1" nPathComplexity="0" sequenceCoverage="0" branchCoverage="0" isConstructor="false" isStatic="false" isGetter="false" isSetter="true">
              <MetadataToken>100663302</MetadataToken>
              <Name>System.Void ProjectManager.SharedKernel.FilterCriteria.CompositeFilterDescriptor::set_Logic(System.String)</Name>
              <FileRef uid="2" />
              <SequencePoints />
              <BranchPoints />
            </Method>
            <Method skippedDueTo="AutoImplementedProperty" visited="false" cyclomaticComplexity="1" nPathComplexity="0" sequenceCoverage="0" branchCoverage="0" isConstructor="false" isStatic="false" isGetter="true" isSetter="false">
              <MetadataToken>100663303</MetadataToken>
              <Name>System.Collections.Generic.List`1&lt;System.Object&gt; ProjectManager.SharedKernel.FilterCriteria.CompositeFilterDescriptor::get_Filters()</Name>
              <FileRef uid="2" />
              <SequencePoints />
              <BranchPoints />
            </Method>
            <Method skippedDueTo="AutoImplementedProperty" visited="false" cyclomaticComplexity="1" nPathComplexity="0" sequenceCoverage="0" branchCoverage="0" isConstructor="false" isStatic="false" isGetter="false" isSetter="true">
              <MetadataToken>100663304</MetadataToken>
              <Name>System.Void ProjectManager.SharedKernel.FilterCriteria.CompositeFilterDescriptor::set_Filters(System.Collections.Generic.List`1&lt;System.Object&gt;)</Name>
              <FileRef uid="2" />
              <SequencePoints />
              <BranchPoints />
            </Method>
            <Method visited="true" cyclomaticComplexity="1" nPathComplexity="0" sequenceCoverage="0" branchCoverage="0" isConstructor="true" isStatic="false" isGetter="false" isSetter="false">
              <Summary numSequencePoints="0" visitedSequencePoints="0" numBranchPoints="0" visitedBranchPoints="0" sequenceCoverage="0" branchCoverage="0" maxCyclomaticComplexity="1" minCyclomaticComplexity="1" visitedClasses="0" numClasses="0" visitedMethods="0" numMethods="0" />
              <MetadataToken>100663305</MetadataToken>
              <Name>System.Void ProjectManager.SharedKernel.FilterCriteria.CompositeFilterDescriptor::.ctor()</Name>
              <SequencePoints />
              <BranchPoints />
              <MethodPoint vc="5" uspid="21" ordinal="0" offset="0" />
            </Method>
          </Methods>
        </Class>
        <Class>
          <Summary numSequencePoints="0" visitedSequencePoints="0" numBranchPoints="0" visitedBranchPoints="0" sequenceCoverage="0" branchCoverage="0" maxCyclomaticComplexity="1" minCyclomaticComplexity="1" visitedClasses="0" numClasses="0" visitedMethods="0" numMethods="0" />
          <FullName>ProjectManager.SharedKernel.FilterCriteria.Filter</FullName>
          <Methods>
            <Method skippedDueTo="AutoImplementedProperty" visited="false" cyclomaticComplexity="1" nPathComplexity="0" sequenceCoverage="0" branchCoverage="0" isConstructor="false" isStatic="false" isGetter="true" isSetter="false">
              <MetadataToken>100663306</MetadataToken>
              <Name>System.String ProjectManager.SharedKernel.FilterCriteria.Filter::get_Field()</Name>
              <FileRef uid="3" />
              <SequencePoints />
              <BranchPoints />
            </Method>
            <Method skippedDueTo="AutoImplementedProperty" visited="false" cyclomaticComplexity="1" nPathComplexity="0" sequenceCoverage="0" branchCoverage="0" isConstructor="false" isStatic="false" isGetter="false" isSetter="true">
              <MetadataToken>100663307</MetadataToken>
              <Name>System.Void ProjectManager.SharedKernel.FilterCriteria.Filter::set_Field(System.String)</Name>
              <FileRef uid="3" />
              <SequencePoints />
              <BranchPoints />
            </Method>
            <Method skippedDueTo="AutoImplementedProperty" visited="false" cyclomaticComplexity="1" nPathComplexity="0" sequenceCoverage="0" branchCoverage="0" isConstructor="false" isStatic="false" isGetter="true" isSetter="false">
              <MetadataToken>100663308</MetadataToken>
              <Name>System.String ProjectManager.SharedKernel.FilterCriteria.Filter::get_Operator()</Name>
              <FileRef uid="3" />
              <SequencePoints />
              <BranchPoints />
            </Method>
            <Method skippedDueTo="AutoImplementedProperty" visited="false" cyclomaticComplexity="1" nPathComplexity="0" sequenceCoverage="0" branchCoverage="0" isConstructor="false" isStatic="false" isGetter="false" isSetter="true">
              <MetadataToken>100663309</MetadataToken>
              <Name>System.Void ProjectManager.SharedKernel.FilterCriteria.Filter::set_Operator(System.String)</Name>
              <FileRef uid="3" />
              <SequencePoints />
              <BranchPoints />
            </Method>
            <Method skippedDueTo="AutoImplementedProperty" visited="false" cyclomaticComplexity="1" nPathComplexity="0" sequenceCoverage="0" branchCoverage="0" isConstructor="false" isStatic="false" isGetter="true" isSetter="false">
              <MetadataToken>100663310</MetadataToken>
              <Name>System.Object ProjectManager.SharedKernel.FilterCriteria.Filter::get_Value()</Name>
              <FileRef uid="3" />
              <SequencePoints />
              <BranchPoints />
            </Method>
            <Method skippedDueTo="AutoImplementedProperty" visited="false" cyclomaticComplexity="1" nPathComplexity="0" sequenceCoverage="0" branchCoverage="0" isConstructor="false" isStatic="false" isGetter="false" isSetter="true">
              <MetadataToken>100663311</MetadataToken>
              <Name>System.Void ProjectManager.SharedKernel.FilterCriteria.Filter::set_Value(System.Object)</Name>
              <FileRef uid="3" />
              <SequencePoints />
              <BranchPoints />
            </Method>
            <Method visited="false" cyclomaticComplexity="1" nPathComplexity="0" sequenceCoverage="0" branchCoverage="0" isConstructor="true" isStatic="false" isGetter="false" isSetter="false">
              <Summary numSequencePoints="0" visitedSequencePoints="0" numBranchPoints="0" visitedBranchPoints="0" sequenceCoverage="0" branchCoverage="0" maxCyclomaticComplexity="1" minCyclomaticComplexity="1" visitedClasses="0" numClasses="0" visitedMethods="0" numMethods="0" />
              <MetadataToken>100663312</MetadataToken>
              <Name>System.Void ProjectManager.SharedKernel.FilterCriteria.Filter::.ctor()</Name>
              <SequencePoints />
              <BranchPoints />
              <MethodPoint vc="0" uspid="22" ordinal="0" offset="0" />
            </Method>
          </Methods>
        </Class>
        <Class>
          <Summary numSequencePoints="9" visitedSequencePoints="9" numBranchPoints="13" visitedBranchPoints="12" sequenceCoverage="100" branchCoverage="92.31" maxCyclomaticComplexity="7" minCyclomaticComplexity="1" visitedClasses="1" numClasses="1" visitedMethods="1" numMethods="1" />
          <FullName>ProjectManager.SharedKernel.FilterCriteria.FilterDescriptor</FullName>
          <Methods>
            <Method skippedDueTo="AutoImplementedProperty" visited="false" cyclomaticComplexity="1" nPathComplexity="0" sequenceCoverage="0" branchCoverage="0" isConstructor="false" isStatic="false" isGetter="true" isSetter="false">
              <MetadataToken>100663313</MetadataToken>
              <Name>System.String ProjectManager.SharedKernel.FilterCriteria.FilterDescriptor::get_Field()</Name>
              <FileRef uid="4" />
              <SequencePoints />
              <BranchPoints />
            </Method>
            <Method skippedDueTo="AutoImplementedProperty" visited="false" cyclomaticComplexity="1" nPathComplexity="0" sequenceCoverage="0" branchCoverage="0" isConstructor="false" isStatic="false" isGetter="false" isSetter="true">
              <MetadataToken>100663314</MetadataToken>
              <Name>System.Void ProjectManager.SharedKernel.FilterCriteria.FilterDescriptor::set_Field(System.String)</Name>
              <FileRef uid="4" />
              <SequencePoints />
              <BranchPoints />
            </Method>
            <Method skippedDueTo="AutoImplementedProperty" visited="false" cyclomaticComplexity="1" nPathComplexity="0" sequenceCoverage="0" branchCoverage="0" isConstructor="false" isStatic="false" isGetter="true" isSetter="false">
              <MetadataToken>100663315</MetadataToken>
              <Name>System.String ProjectManager.SharedKernel.FilterCriteria.FilterDescriptor::get_Operator()</Name>
              <FileRef uid="4" />
              <SequencePoints />
              <BranchPoints />
            </Method>
            <Method skippedDueTo="AutoImplementedProperty" visited="false" cyclomaticComplexity="1" nPathComplexity="0" sequenceCoverage="0" branchCoverage="0" isConstructor="false" isStatic="false" isGetter="false" isSetter="true">
              <MetadataToken>100663316</MetadataToken>
              <Name>System.Void ProjectManager.SharedKernel.FilterCriteria.FilterDescriptor::set_Operator(System.String)</Name>
              <FileRef uid="4" />
              <SequencePoints />
              <BranchPoints />
            </Method>
            <Method visited="true" cyclomaticComplexity="7" nPathComplexity="64" sequenceCoverage="100" branchCoverage="92.31" isConstructor="false" isStatic="false" isGetter="true" isSetter="false">
              <Summary numSequencePoints="9" visitedSequencePoints="9" numBranchPoints="13" visitedBranchPoints="12" sequenceCoverage="100" branchCoverage="92.31" maxCyclomaticComplexity="7" minCyclomaticComplexity="7" visitedClasses="0" numClasses="0" visitedMethods="1" numMethods="1" />
              <MetadataToken>100663317</MetadataToken>
              <Name>ProjectManager.SharedKernel.FilterCriteria.FilterOperator ProjectManager.SharedKernel.FilterCriteria.FilterDescriptor::get_FilterOperator()</Name>
              <FileRef uid="4" />
              <SequencePoints>
                <SequencePoint vc="9" uspid="23" ordinal="0" offset="0" sl="86" sc="13" el="86" ec="14" bec="0" bev="0" fileid="4" />
                <SequencePoint vc="9" uspid="24" ordinal="1" offset="1" sl="87" sc="17" el="87" ec="51" bec="11" bev="11" fileid="4" />
                <SequencePoint vc="1" uspid="25" ordinal="2" offset="90" sl="90" sc="25" el="90" ec="56" bec="0" bev="0" fileid="4" />
                <SequencePoint vc="1" uspid="26" ordinal="3" offset="94" sl="93" sc="25" el="93" ec="61" bec="0" bev="0" fileid="4" />
                <SequencePoint vc="2" uspid="27" ordinal="4" offset="98" sl="96" sc="25" el="96" ec="64" bec="0" bev="0" fileid="4" />
                <SequencePoint vc="3" uspid="28" ordinal="5" offset="102" sl="99" sc="25" el="99" ec="55" bec="0" bev="0" fileid="4" />
                <SequencePoint vc="1" uspid="29" ordinal="6" offset="106" sl="102" sc="25" el="102" ec="58" bec="0" bev="0" fileid="4" />
                <SequencePoint vc="1" uspid="30" ordinal="7" offset="110" sl="105" sc="25" el="105" ec="114" bec="0" bev="0" fileid="4" />
                <SequencePoint vc="8" uspid="31" ordinal="8" offset="147" sl="107" sc="13" el="107" ec="14" bec="0" bev="0" fileid="4" />
              </SequencePoints>
              <BranchPoints>
                <BranchPoint vc="9" uspid="32" ordinal="0" offset="21" sl="87" path="0" offsetend="23" fileid="4" />
                <BranchPoint vc="0" uspid="33" ordinal="1" offset="21" sl="87" path="1" offsetend="110" fileid="4" />
                <BranchPoint vc="8" uspid="34" ordinal="2" offset="34" sl="87" path="0" offsetend="36" fileid="4" />
                <BranchPoint vc="1" uspid="35" ordinal="3" offset="34" sl="87" path="1" offsetend="90" fileid="4" />
                <BranchPoint vc="7" uspid="36" ordinal="4" offset="47" sl="87" path="0" offsetend="49" fileid="4" />
                <BranchPoint vc="1" uspid="37" ordinal="5" offset="47" sl="87" path="1" offsetend="94" fileid="4" />
                <BranchPoint vc="5" uspid="38" ordinal="6" offset="60" sl="87" path="0" offsetend="62" fileid="4" />
                <BranchPoint vc="2" uspid="39" ordinal="7" offset="60" sl="87" path="1" offsetend="98" fileid="4" />
                <BranchPoint vc="2" uspid="40" ordinal="8" offset="73" sl="87" path="0" offsetend="75" fileid="4" />
                <BranchPoint vc="3" uspid="41" ordinal="9" offset="73" sl="87" path="1" offsetend="102" fileid="4" />
                <BranchPoint vc="1" uspid="42" ordinal="10" offset="86" sl="87" path="0" offsetchain="88" offsetend="110" fileid="4" />
                <BranchPoint vc="1" uspid="43" ordinal="11" offset="86" sl="87" path="1" offsetend="106" fileid="4" />
              </BranchPoints>
              <MethodPoint xsi:type="SequencePoint" vc="9" uspid="23" ordinal="0" offset="0" sl="86" sc="13" el="86" ec="14" bec="0" bev="0" fileid="4" />
            </Method>
            <Method skippedDueTo="AutoImplementedProperty" visited="false" cyclomaticComplexity="1" nPathComplexity="0" sequenceCoverage="0" branchCoverage="0" isConstructor="false" isStatic="false" isGetter="true" isSetter="false">
              <MetadataToken>100663318</MetadataToken>
              <Name>System.Object ProjectManager.SharedKernel.FilterCriteria.FilterDescriptor::get_Value()</Name>
              <FileRef uid="4" />
              <SequencePoints />
              <BranchPoints />
            </Method>
            <Method skippedDueTo="AutoImplementedProperty" visited="false" cyclomaticComplexity="1" nPathComplexity="0" sequenceCoverage="0" branchCoverage="0" isConstructor="false" isStatic="false" isGetter="false" isSetter="true">
              <MetadataToken>100663319</MetadataToken>
              <Name>System.Void ProjectManager.SharedKernel.FilterCriteria.FilterDescriptor::set_Value(System.Object)</Name>
              <FileRef uid="4" />
              <SequencePoints />
              <BranchPoints />
            </Method>
            <Method skippedDueTo="AutoImplementedProperty" visited="false" cyclomaticComplexity="1" nPathComplexity="0" sequenceCoverage="0" branchCoverage="0" isConstructor="false" isStatic="false" isGetter="true" isSetter="false">
              <MetadataToken>100663320</MetadataToken>
              <Name>System.Boolean ProjectManager.SharedKernel.FilterCriteria.FilterDescriptor::get_IgnoreCase()</Name>
              <FileRef uid="4" />
              <SequencePoints />
              <BranchPoints />
            </Method>
            <Method skippedDueTo="AutoImplementedProperty" visited="false" cyclomaticComplexity="1" nPathComplexity="0" sequenceCoverage="0" branchCoverage="0" isConstructor="false" isStatic="false" isGetter="false" isSetter="true">
              <MetadataToken>100663321</MetadataToken>
              <Name>System.Void ProjectManager.SharedKernel.FilterCriteria.FilterDescriptor::set_IgnoreCase(System.Boolean)</Name>
              <FileRef uid="4" />
              <SequencePoints />
              <BranchPoints />
            </Method>
            <Method visited="true" cyclomaticComplexity="1" nPathComplexity="0" sequenceCoverage="0" branchCoverage="0" isConstructor="true" isStatic="false" isGetter="false" isSetter="false">
              <Summary numSequencePoints="0" visitedSequencePoints="0" numBranchPoints="0" visitedBranchPoints="0" sequenceCoverage="0" branchCoverage="0" maxCyclomaticComplexity="1" minCyclomaticComplexity="1" visitedClasses="0" numClasses="0" visitedMethods="0" numMethods="0" />
              <MetadataToken>100663322</MetadataToken>
              <Name>System.Void ProjectManager.SharedKernel.FilterCriteria.FilterDescriptor::.ctor()</Name>
              <SequencePoints />
              <BranchPoints />
              <MethodPoint vc="10" uspid="44" ordinal="0" offset="0" />
            </Method>
          </Methods>
        </Class>
        <Class>
          <Summary numSequencePoints="0" visitedSequencePoints="0" numBranchPoints="0" visitedBranchPoints="0" sequenceCoverage="0" branchCoverage="0" maxCyclomaticComplexity="1" minCyclomaticComplexity="1" visitedClasses="0" numClasses="0" visitedMethods="0" numMethods="0" />
          <FullName>ProjectManager.SharedKernel.FilterCriteria.FilterResult`1</FullName>
          <Methods>
            <Method skippedDueTo="AutoImplementedProperty" visited="false" cyclomaticComplexity="1" nPathComplexity="0" sequenceCoverage="0" branchCoverage="0" isConstructor="false" isStatic="false" isGetter="true" isSetter="false">
              <MetadataToken>100663323</MetadataToken>
              <Name>System.Collections.Generic.IEnumerable`1&lt;T&gt; ProjectManager.SharedKernel.FilterCriteria.FilterResult`1::get_Data()</Name>
              <FileRef uid="5" />
              <SequencePoints />
              <BranchPoints />
            </Method>
            <Method skippedDueTo="AutoImplementedProperty" visited="false" cyclomaticComplexity="1" nPathComplexity="0" sequenceCoverage="0" branchCoverage="0" isConstructor="false" isStatic="false" isGetter="false" isSetter="true">
              <MetadataToken>100663324</MetadataToken>
              <Name>System.Void ProjectManager.SharedKernel.FilterCriteria.FilterResult`1::set_Data(System.Collections.Generic.IEnumerable`1&lt;T&gt;)</Name>
              <FileRef uid="5" />
              <SequencePoints />
              <BranchPoints />
            </Method>
            <Method skippedDueTo="AutoImplementedProperty" visited="false" cyclomaticComplexity="1" nPathComplexity="0" sequenceCoverage="0" branchCoverage="0" isConstructor="false" isStatic="false" isGetter="true" isSetter="false">
              <MetadataToken>100663325</MetadataToken>
              <Name>System.Nullable`1&lt;System.Int32&gt; ProjectManager.SharedKernel.FilterCriteria.FilterResult`1::get_Total()</Name>
              <FileRef uid="5" />
              <SequencePoints />
              <BranchPoints />
            </Method>
            <Method skippedDueTo="AutoImplementedProperty" visited="false" cyclomaticComplexity="1" nPathComplexity="0" sequenceCoverage="0" branchCoverage="0" isConstructor="false" isStatic="false" isGetter="false" isSetter="true">
              <MetadataToken>100663326</MetadataToken>
              <Name>System.Void ProjectManager.SharedKernel.FilterCriteria.FilterResult`1::set_Total(System.Nullable`1&lt;System.Int32&gt;)</Name>
              <FileRef uid="5" />
              <SequencePoints />
              <BranchPoints />
            </Method>
            <Method skippedDueTo="AutoImplementedProperty" visited="false" cyclomaticComplexity="1" nPathComplexity="0" sequenceCoverage="0" branchCoverage="0" isConstructor="false" isStatic="false" isGetter="true" isSetter="false">
              <MetadataToken>100663327</MetadataToken>
              <Name>System.Object ProjectManager.SharedKernel.FilterCriteria.FilterResult`1::get_Auxiliary()</Name>
              <FileRef uid="5" />
              <SequencePoints />
              <BranchPoints />
            </Method>
            <Method skippedDueTo="AutoImplementedProperty" visited="false" cyclomaticComplexity="1" nPathComplexity="0" sequenceCoverage="0" branchCoverage="0" isConstructor="false" isStatic="false" isGetter="false" isSetter="true">
              <MetadataToken>100663328</MetadataToken>
              <Name>System.Void ProjectManager.SharedKernel.FilterCriteria.FilterResult`1::set_Auxiliary(System.Object)</Name>
              <FileRef uid="5" />
              <SequencePoints />
              <BranchPoints />
            </Method>
            <Method visited="true" cyclomaticComplexity="1" nPathComplexity="0" sequenceCoverage="0" branchCoverage="0" isConstructor="true" isStatic="false" isGetter="false" isSetter="false">
              <Summary numSequencePoints="0" visitedSequencePoints="0" numBranchPoints="0" visitedBranchPoints="0" sequenceCoverage="0" branchCoverage="0" maxCyclomaticComplexity="1" minCyclomaticComplexity="1" visitedClasses="0" numClasses="0" visitedMethods="0" numMethods="0" />
              <MetadataToken>100663329</MetadataToken>
              <Name>System.Void ProjectManager.SharedKernel.FilterCriteria.FilterResult`1::.ctor()</Name>
              <SequencePoints />
              <BranchPoints />
              <MethodPoint vc="9" uspid="45" ordinal="0" offset="0" />
            </Method>
          </Methods>
        </Class>
        <Class>
          <Summary numSequencePoints="0" visitedSequencePoints="0" numBranchPoints="0" visitedBranchPoints="0" sequenceCoverage="0" branchCoverage="0" maxCyclomaticComplexity="1" minCyclomaticComplexity="1" visitedClasses="0" numClasses="0" visitedMethods="0" numMethods="0" />
          <FullName>ProjectManager.SharedKernel.FilterCriteria.FilterState</FullName>
          <Methods>
            <Method skippedDueTo="AutoImplementedProperty" visited="false" cyclomaticComplexity="1" nPathComplexity="0" sequenceCoverage="0" branchCoverage="0" isConstructor="false" isStatic="false" isGetter="true" isSetter="false">
              <MetadataToken>100663330</MetadataToken>
              <Name>System.Int32 ProjectManager.SharedKernel.FilterCriteria.FilterState::get_Skip()</Name>
              <FileRef uid="6" />
              <SequencePoints />
              <BranchPoints />
            </Method>
            <Method skippedDueTo="AutoImplementedProperty" visited="false" cyclomaticComplexity="1" nPathComplexity="0" sequenceCoverage="0" branchCoverage="0" isConstructor="false" isStatic="false" isGetter="false" isSetter="true">
              <MetadataToken>100663331</MetadataToken>
              <Name>System.Void ProjectManager.SharedKernel.FilterCriteria.FilterState::set_Skip(System.Int32)</Name>
              <FileRef uid="6" />
              <SequencePoints />
              <BranchPoints />
            </Method>
            <Method skippedDueTo="AutoImplementedProperty" visited="false" cyclomaticComplexity="1" nPathComplexity="0" sequenceCoverage="0" branchCoverage="0" isConstructor="false" isStatic="false" isGetter="true" isSetter="false">
              <MetadataToken>100663332</MetadataToken>
              <Name>System.Int32 ProjectManager.SharedKernel.FilterCriteria.FilterState::get_Take()</Name>
              <FileRef uid="6" />
              <SequencePoints />
              <BranchPoints />
            </Method>
            <Method skippedDueTo="AutoImplementedProperty" visited="false" cyclomaticComplexity="1" nPathComplexity="0" sequenceCoverage="0" branchCoverage="0" isConstructor="false" isStatic="false" isGetter="false" isSetter="true">
              <MetadataToken>100663333</MetadataToken>
              <Name>System.Void ProjectManager.SharedKernel.FilterCriteria.FilterState::set_Take(System.Int32)</Name>
              <FileRef uid="6" />
              <SequencePoints />
              <BranchPoints />
            </Method>
            <Method skippedDueTo="AutoImplementedProperty" visited="false" cyclomaticComplexity="1" nPathComplexity="0" sequenceCoverage="0" branchCoverage="0" isConstructor="false" isStatic="false" isGetter="true" isSetter="false">
              <MetadataToken>100663334</MetadataToken>
              <Name>System.Collections.Generic.List`1&lt;ProjectManager.SharedKernel.FilterCriteria.SortDescriptor&gt; ProjectManager.SharedKernel.FilterCriteria.FilterState::get_Sort()</Name>
              <FileRef uid="6" />
              <SequencePoints />
              <BranchPoints />
            </Method>
            <Method skippedDueTo="AutoImplementedProperty" visited="false" cyclomaticComplexity="1" nPathComplexity="0" sequenceCoverage="0" branchCoverage="0" isConstructor="false" isStatic="false" isGetter="false" isSetter="true">
              <MetadataToken>100663335</MetadataToken>
              <Name>System.Void ProjectManager.SharedKernel.FilterCriteria.FilterState::set_Sort(System.Collections.Generic.List`1&lt;ProjectManager.SharedKernel.FilterCriteria.SortDescriptor&gt;)</Name>
              <FileRef uid="6" />
              <SequencePoints />
              <BranchPoints />
            </Method>
            <Method skippedDueTo="AutoImplementedProperty" visited="false" cyclomaticComplexity="1" nPathComplexity="0" sequenceCoverage="0" branchCoverage="0" isConstructor="false" isStatic="false" isGetter="true" isSetter="false">
              <MetadataToken>100663336</MetadataToken>
              <Name>ProjectManager.SharedKernel.FilterCriteria.CompositeFilterDescriptor ProjectManager.SharedKernel.FilterCriteria.FilterState::get_Filter()</Name>
              <FileRef uid="6" />
              <SequencePoints />
              <BranchPoints />
            </Method>
            <Method skippedDueTo="AutoImplementedProperty" visited="false" cyclomaticComplexity="1" nPathComplexity="0" sequenceCoverage="0" branchCoverage="0" isConstructor="false" isStatic="false" isGetter="false" isSetter="true">
              <MetadataToken>100663337</MetadataToken>
              <Name>System.Void ProjectManager.SharedKernel.FilterCriteria.FilterState::set_Filter(ProjectManager.SharedKernel.FilterCriteria.CompositeFilterDescriptor)</Name>
              <FileRef uid="6" />
              <SequencePoints />
              <BranchPoints />
            </Method>
            <Method skippedDueTo="AutoImplementedProperty" visited="false" cyclomaticComplexity="1" nPathComplexity="0" sequenceCoverage="0" branchCoverage="0" isConstructor="false" isStatic="false" isGetter="true" isSetter="false">
              <MetadataToken>100663338</MetadataToken>
              <Name>System.Nullable`1&lt;System.Double&gt; ProjectManager.SharedKernel.FilterCriteria.FilterState::get_TimeZoneOffset()</Name>
              <FileRef uid="6" />
              <SequencePoints />
              <BranchPoints />
            </Method>
            <Method skippedDueTo="AutoImplementedProperty" visited="false" cyclomaticComplexity="1" nPathComplexity="0" sequenceCoverage="0" branchCoverage="0" isConstructor="false" isStatic="false" isGetter="false" isSetter="true">
              <MetadataToken>100663339</MetadataToken>
              <Name>System.Void ProjectManager.SharedKernel.FilterCriteria.FilterState::set_TimeZoneOffset(System.Nullable`1&lt;System.Double&gt;)</Name>
              <FileRef uid="6" />
              <SequencePoints />
              <BranchPoints />
            </Method>
            <Method visited="true" cyclomaticComplexity="1" nPathComplexity="0" sequenceCoverage="0" branchCoverage="0" isConstructor="true" isStatic="false" isGetter="false" isSetter="false">
              <Summary numSequencePoints="0" visitedSequencePoints="0" numBranchPoints="0" visitedBranchPoints="0" sequenceCoverage="0" branchCoverage="0" maxCyclomaticComplexity="1" minCyclomaticComplexity="1" visitedClasses="0" numClasses="0" visitedMethods="0" numMethods="0" />
              <MetadataToken>100663340</MetadataToken>
              <Name>System.Void ProjectManager.SharedKernel.FilterCriteria.FilterState::.ctor()</Name>
              <SequencePoints />
              <BranchPoints />
              <MethodPoint vc="7" uspid="46" ordinal="0" offset="0" />
            </Method>
          </Methods>
        </Class>
        <Class>
          <Summary numSequencePoints="53" visitedSequencePoints="51" numBranchPoints="25" visitedBranchPoints="22" sequenceCoverage="96.23" branchCoverage="88" maxCyclomaticComplexity="9" minCyclomaticComplexity="2" visitedClasses="1" numClasses="1" visitedMethods="4" numMethods="4" />
          <FullName>ProjectManager.SharedKernel.FilterCriteria.FilterStateHelper</FullName>
          <Methods>
            <Method visited="true" cyclomaticComplexity="6" nPathComplexity="7" sequenceCoverage="100" branchCoverage="87.5" isConstructor="false" isStatic="true" isGetter="false" isSetter="false">
              <Summary numSequencePoints="8" visitedSequencePoints="8" numBranchPoints="8" visitedBranchPoints="7" sequenceCoverage="100" branchCoverage="87.5" maxCyclomaticComplexity="6" minCyclomaticComplexity="6" visitedClasses="0" numClasses="0" visitedMethods="1" numMethods="1" />
              <MetadataToken>100663341</MetadataToken>
              <Name>System.String ProjectManager.SharedKernel.FilterCriteria.FilterStateHelper::ToOperatorStr(ProjectManager.SharedKernel.FilterCriteria.FilterOperator)</Name>
              <FileRef uid="7" />
              <SequencePoints>
                <SequencePoint vc="7" uspid="47" ordinal="0" offset="0" sl="12" sc="9" el="12" ec="10" bec="0" bev="0" fileid="7" />
                <SequencePoint vc="7" uspid="48" ordinal="1" offset="1" sl="13" sc="13" el="13" ec="27" bec="5" bev="5" fileid="7" />
                <SequencePoint vc="1" uspid="49" ordinal="2" offset="39" sl="15" sc="47" el="15" ec="65" bec="0" bev="0" fileid="7" />
                <SequencePoint vc="1" uspid="50" ordinal="3" offset="47" sl="17" sc="52" el="17" ec="65" bec="0" bev="0" fileid="7" />
                <SequencePoint vc="1" uspid="51" ordinal="4" offset="55" sl="19" sc="55" el="19" ec="68" bec="0" bev="0" fileid="7" />
                <SequencePoint vc="3" uspid="52" ordinal="5" offset="63" sl="21" sc="46" el="21" ec="58" bec="0" bev="0" fileid="7" />
                <SequencePoint vc="1" uspid="53" ordinal="6" offset="71" sl="24" sc="21" el="24" ec="101" bec="0" bev="0" fileid="7" />
                <SequencePoint vc="6" uspid="54" ordinal="7" offset="105" sl="26" sc="9" el="26" ec="10" bec="0" bev="0" fileid="7" />
              </SequencePoints>
              <BranchPoints>
                <BranchPoint vc="1" uspid="55" ordinal="0" offset="8" sl="13" path="0" offsetchain="37" offsetend="71" fileid="7" />
                <BranchPoint vc="1" uspid="56" ordinal="1" offset="8" sl="13" path="1" offsetend="39" fileid="7" />
                <BranchPoint vc="0" uspid="57" ordinal="2" offset="8" sl="13" path="2" offsetend="71" fileid="7" />
                <BranchPoint vc="1" uspid="58" ordinal="3" offset="8" sl="13" path="3" offsetend="47" fileid="7" />
                <BranchPoint vc="1" uspid="59" ordinal="4" offset="8" sl="13" path="4" offsetend="71" fileid="7" />
                <BranchPoint vc="1" uspid="60" ordinal="5" offset="8" sl="13" path="5" offsetend="55" fileid="7" />
                <BranchPoint vc="3" uspid="61" ordinal="6" offset="8" sl="13" path="6" offsetend="63" fileid="7" />
              </BranchPoints>
              <MethodPoint xsi:type="SequencePoint" vc="7" uspid="47" ordinal="0" offset="0" sl="12" sc="9" el="12" ec="10" bec="0" bev="0" fileid="7" />
            </Method>
            <Method visited="true" cyclomaticComplexity="3" nPathComplexity="4" sequenceCoverage="100" branchCoverage="100" isConstructor="false" isStatic="true" isGetter="false" isSetter="false">
              <Summary numSequencePoints="12" visitedSequencePoints="12" numBranchPoints="5" visitedBranchPoints="5" sequenceCoverage="100" branchCoverage="100" maxCyclomaticComplexity="3" minCyclomaticComplexity="3" visitedClasses="0" numClasses="0" visitedMethods="1" numMethods="1" />
              <MetadataToken>100663342</MetadataToken>
              <Name>System.Void ProjectManager.SharedKernel.FilterCriteria.FilterStateHelper::AddFilter(ProjectManager.SharedKernel.FilterCriteria.FilterState,System.String,System.Object,ProjectManager.SharedKernel.FilterCriteria.FilterOperator)</Name>
              <FileRef uid="7" />
              <SequencePoints>
                <SequencePoint vc="3" uspid="62" ordinal="0" offset="0" sl="29" sc="9" el="29" ec="10" bec="0" bev="0" fileid="7" />
                <SequencePoint vc="3" uspid="63" ordinal="1" offset="1" sl="30" sc="13" el="30" ec="44" bec="2" bev="2" fileid="7" />
                <SequencePoint vc="2" uspid="64" ordinal="2" offset="14" sl="31" sc="13" el="31" ec="14" bec="0" bev="0" fileid="7" />
                <SequencePoint vc="2" uspid="65" ordinal="3" offset="15" sl="32" sc="17" el="36" ec="19" bec="0" bev="0" fileid="7" />
                <SequencePoint vc="2" uspid="66" ordinal="4" offset="51" sl="37" sc="13" el="37" ec="14" bec="0" bev="0" fileid="7" />
                <SequencePoint vc="3" uspid="67" ordinal="5" offset="52" sl="39" sc="13" el="39" ec="97" bec="0" bev="0" fileid="7" />
                <SequencePoint vc="3" uspid="68" ordinal="6" offset="70" sl="40" sc="13" el="40" ec="31" bec="2" bev="2" fileid="7" />
                <SequencePoint vc="1" uspid="69" ordinal="7" offset="78" sl="41" sc="13" el="41" ec="14" bec="0" bev="0" fileid="7" />
                <SequencePoint vc="1" uspid="70" ordinal="8" offset="79" sl="42" sc="17" el="42" ec="94" bec="0" bev="0" fileid="7" />
                <SequencePoint vc="2" uspid="71" ordinal="9" offset="101" sl="45" sc="13" el="50" ec="24" bec="0" bev="0" fileid="7" />
                <SequencePoint vc="2" uspid="72" ordinal="10" offset="141" sl="52" sc="13" el="52" ec="56" bec="0" bev="0" fileid="7" />
                <SequencePoint vc="2" uspid="73" ordinal="11" offset="159" sl="53" sc="9" el="53" ec="10" bec="0" bev="0" fileid="7" />
              </SequencePoints>
              <BranchPoints>
                <BranchPoint vc="2" uspid="74" ordinal="0" offset="12" sl="30" path="0" offsetend="14" fileid="7" />
                <BranchPoint vc="1" uspid="75" ordinal="1" offset="12" sl="30" path="1" offsetend="52" fileid="7" />
                <BranchPoint vc="1" uspid="76" ordinal="2" offset="76" sl="40" path="0" offsetend="78" fileid="7" />
                <BranchPoint vc="2" uspid="77" ordinal="3" offset="76" sl="40" path="1" offsetend="101" fileid="7" />
              </BranchPoints>
              <MethodPoint xsi:type="SequencePoint" vc="3" uspid="62" ordinal="0" offset="0" sl="29" sc="9" el="29" ec="10" bec="0" bev="0" fileid="7" />
            </Method>
            <Method visited="true" cyclomaticComplexity="2" nPathComplexity="2" sequenceCoverage="100" branchCoverage="100" isConstructor="false" isStatic="true" isGetter="false" isSetter="false">
              <Summary numSequencePoints="5" visitedSequencePoints="5" numBranchPoints="3" visitedBranchPoints="3" sequenceCoverage="100" branchCoverage="100" maxCyclomaticComplexity="2" minCyclomaticComplexity="2" visitedClasses="0" numClasses="0" visitedMethods="1" numMethods="1" />
              <MetadataToken>100663343</MetadataToken>
              <Name>System.Collections.Generic.IEnumerable`1&lt;ProjectManager.SharedKernel.FilterCriteria.FilterDescriptor&gt; ProjectManager.SharedKernel.FilterCriteria.FilterStateHelper::SearchFilterDescriptors(ProjectManager.SharedKernel.FilterCriteria.CompositeFilterDescriptor,System.String)</Name>
              <FileRef uid="7" />
              <SequencePoints>
                <SequencePoint vc="4" uspid="78" ordinal="0" offset="13" sl="58" sc="9" el="58" ec="10" bec="0" bev="0" fileid="7" />
                <SequencePoint vc="4" uspid="79" ordinal="1" offset="14" sl="59" sc="13" el="59" ec="30" bec="2" bev="2" fileid="7" />
                <SequencePoint vc="1" uspid="80" ordinal="2" offset="22" sl="59" sc="31" el="59" ec="67" bec="0" bev="0" fileid="7" />
                <SequencePoint vc="3" uspid="81" ordinal="3" offset="30" sl="61" sc="13" el="62" ec="85" bec="0" bev="0" fileid="7" />
                <SequencePoint vc="4" uspid="82" ordinal="4" offset="56" sl="63" sc="9" el="63" ec="10" bec="0" bev="0" fileid="7" />
              </SequencePoints>
              <BranchPoints>
                <BranchPoint vc="1" uspid="83" ordinal="0" offset="20" sl="59" path="0" offsetend="22" fileid="7" />
                <BranchPoint vc="3" uspid="84" ordinal="1" offset="20" sl="59" path="1" offsetend="30" fileid="7" />
              </BranchPoints>
              <MethodPoint vc="4" uspid="85" ordinal="0" offset="0" />
            </Method>
            <Method visited="true" cyclomaticComplexity="9" nPathComplexity="16" sequenceCoverage="92.86" branchCoverage="77.78" isConstructor="false" isStatic="true" isGetter="false" isSetter="false">
              <Summary numSequencePoints="28" visitedSequencePoints="26" numBranchPoints="9" visitedBranchPoints="7" sequenceCoverage="92.86" branchCoverage="77.78" maxCyclomaticComplexity="9" minCyclomaticComplexity="9" visitedClasses="0" numClasses="0" visitedMethods="1" numMethods="1" />
              <MetadataToken>100663344</MetadataToken>
              <Name>System.Collections.Generic.IEnumerable`1&lt;ProjectManager.SharedKernel.FilterCriteria.FilterDescriptor&gt; ProjectManager.SharedKernel.FilterCriteria.FilterStateHelper::FlattenCompositeFilterDescriptor(ProjectManager.SharedKernel.FilterCriteria.CompositeFilterDescriptor)</Name>
              <FileRef uid="7" />
              <SequencePoints>
                <SequencePoint vc="6" uspid="86" ordinal="0" offset="0" sl="69" sc="9" el="69" ec="10" bec="0" bev="0" fileid="7" />
                <SequencePoint vc="6" uspid="87" ordinal="1" offset="1" sl="70" sc="13" el="70" ec="55" bec="0" bev="0" fileid="7" />
                <SequencePoint vc="6" uspid="88" ordinal="2" offset="7" sl="72" sc="13" el="72" ec="39" bec="4" bev="2" fileid="7" />
                <SequencePoint vc="6" uspid="89" ordinal="3" offset="29" sl="73" sc="13" el="73" ec="14" bec="0" bev="0" fileid="7" />
                <SequencePoint vc="6" uspid="90" ordinal="4" offset="30" sl="75" sc="17" el="75" ec="51" bec="2" bev="2" fileid="7" />
                <SequencePoint vc="5" uspid="91" ordinal="5" offset="58" sl="76" sc="17" el="76" ec="18" bec="0" bev="0" fileid="7" />
                <SequencePoint vc="5" uspid="92" ordinal="6" offset="59" sl="77" sc="21" el="77" ec="28" bec="0" bev="0" fileid="7" />
                <SequencePoint vc="5" uspid="93" ordinal="7" offset="60" sl="77" sc="52" el="77" ec="64" bec="0" bev="0" fileid="7" />
                <SequencePoint vc="3" uspid="94" ordinal="8" offset="77" sl="77" sc="30" el="77" ec="48" bec="0" bev="0" fileid="7" />
                <SequencePoint vc="3" uspid="95" ordinal="9" offset="86" sl="78" sc="21" el="78" ec="22" bec="0" bev="0" fileid="7" />
                <SequencePoint vc="3" uspid="96" ordinal="10" offset="87" sl="79" sc="25" el="79" ec="65" bec="0" bev="0" fileid="7" />
                <SequencePoint vc="3" uspid="97" ordinal="11" offset="233" sl="81" sc="25" el="81" ec="56" bec="2" bev="2" fileid="7" />
                <SequencePoint vc="1" uspid="98" ordinal="12" offset="254" sl="82" sc="25" el="82" ec="26" bec="0" bev="0" fileid="7" />
                <SequencePoint vc="1" uspid="99" ordinal="13" offset="255" sl="83" sc="29" el="83" ec="95" bec="0" bev="0" fileid="7" />
                <SequencePoint vc="0" uspid="100" ordinal="14" offset="264" sl="85" sc="29" el="85" ec="97" bec="0" bev="0" fileid="7" />
                <SequencePoint vc="0" uspid="101" ordinal="15" offset="278" sl="86" sc="25" el="86" ec="26" bec="0" bev="0" fileid="7" />
                <SequencePoint vc="2" uspid="102" ordinal="16" offset="281" sl="88" sc="25" el="88" ec="26" bec="0" bev="0" fileid="7" />
                <SequencePoint vc="2" uspid="103" ordinal="17" offset="282" sl="89" sc="29" el="89" ec="86" bec="0" bev="0" fileid="7" />
                <SequencePoint vc="2" uspid="104" ordinal="18" offset="291" sl="90" sc="29" el="90" ec="58" bec="0" bev="0" fileid="7" />
                <SequencePoint vc="2" uspid="105" ordinal="19" offset="300" sl="91" sc="25" el="91" ec="26" bec="0" bev="0" fileid="7" />
                <SequencePoint vc="2" uspid="106" ordinal="20" offset="301" sl="92" sc="21" el="92" ec="22" bec="0" bev="0" fileid="7" />
                <SequencePoint vc="7" uspid="107" ordinal="21" offset="302" sl="77" sc="49" el="77" ec="51" bec="0" bev="0" fileid="7" />
                <SequencePoint vc="4" uspid="108" ordinal="22" offset="331" sl="93" sc="17" el="93" ec="18" bec="0" bev="0" fileid="7" />
                <SequencePoint vc="1" uspid="109" ordinal="23" offset="334" sl="95" sc="17" el="95" ec="18" bec="0" bev="0" fileid="7" />
                <SequencePoint vc="1" uspid="110" ordinal="24" offset="335" sl="96" sc="21" el="96" ec="76" bec="0" bev="0" fileid="7" />
                <SequencePoint vc="4" uspid="111" ordinal="25" offset="346" sl="98" sc="13" el="98" ec="14" bec="0" bev="0" fileid="7" />
                <SequencePoint vc="4" uspid="112" ordinal="26" offset="347" sl="100" sc="13" el="100" ec="27" bec="0" bev="0" fileid="7" />
                <SequencePoint vc="4" uspid="113" ordinal="27" offset="352" sl="101" sc="9" el="101" ec="10" bec="0" bev="0" fileid="7" />
              </SequencePoints>
              <BranchPoints>
                <BranchPoint vc="0" uspid="114" ordinal="0" offset="8" sl="72" path="0" offsetend="10" fileid="7" />
                <BranchPoint vc="6" uspid="115" ordinal="1" offset="8" sl="72" path="1" offsetend="13" fileid="7" />
                <BranchPoint vc="6" uspid="116" ordinal="2" offset="24" sl="72" path="0" offsetend="29" fileid="7" />
                <BranchPoint vc="0" uspid="117" ordinal="3" offset="24" sl="72" path="1" offsetend="347" fileid="7" />
                <BranchPoint vc="5" uspid="118" ordinal="4" offset="53" sl="75" path="0" offsetend="58" fileid="7" />
                <BranchPoint vc="1" uspid="119" ordinal="5" offset="53" sl="75" path="1" offsetend="334" fileid="7" />
                <BranchPoint vc="1" uspid="124" ordinal="10" offset="252" sl="81" path="0" offsetend="254" fileid="7" />
                <BranchPoint vc="2" uspid="125" ordinal="11" offset="252" sl="81" path="1" offsetend="281" fileid="7" />
              </BranchPoints>
              <MethodPoint xsi:type="SequencePoint" vc="6" uspid="86" ordinal="0" offset="0" sl="69" sc="9" el="69" ec="10" bec="0" bev="0" fileid="7" />
            </Method>
          </Methods>
        </Class>
        <Class>
          <Summary numSequencePoints="1" visitedSequencePoints="1" numBranchPoints="1" visitedBranchPoints="1" sequenceCoverage="100" branchCoverage="100" maxCyclomaticComplexity="1" minCyclomaticComplexity="1" visitedClasses="1" numClasses="1" visitedMethods="1" numMethods="1" />
          <FullName>ProjectManager.SharedKernel.FilterCriteria.FilterStateHelper/&lt;&gt;c__DisplayClass2_0</FullName>
          <Methods>
            <Method visited="true" cyclomaticComplexity="1" nPathComplexity="0" sequenceCoverage="0" branchCoverage="0" isConstructor="true" isStatic="false" isGetter="false" isSetter="false">
              <Summary numSequencePoints="0" visitedSequencePoints="0" numBranchPoints="0" visitedBranchPoints="0" sequenceCoverage="0" branchCoverage="0" maxCyclomaticComplexity="1" minCyclomaticComplexity="1" visitedClasses="0" numClasses="0" visitedMethods="0" numMethods="0" />
              <MetadataToken>100663358</MetadataToken>
              <Name>System.Void ProjectManager.SharedKernel.FilterCriteria.FilterStateHelper/&lt;&gt;c__DisplayClass2_0::.ctor()</Name>
              <SequencePoints />
              <BranchPoints />
              <MethodPoint vc="4" uspid="128" ordinal="0" offset="0" />
            </Method>
            <Method visited="true" cyclomaticComplexity="1" nPathComplexity="0" sequenceCoverage="100" branchCoverage="100" isConstructor="false" isStatic="false" isGetter="false" isSetter="false">
              <Summary numSequencePoints="1" visitedSequencePoints="1" numBranchPoints="1" visitedBranchPoints="1" sequenceCoverage="100" branchCoverage="100" maxCyclomaticComplexity="1" minCyclomaticComplexity="1" visitedClasses="0" numClasses="0" visitedMethods="1" numMethods="1" />
              <MetadataToken>100663359</MetadataToken>
              <Name>System.Boolean ProjectManager.SharedKernel.FilterCriteria.FilterStateHelper/&lt;&gt;c__DisplayClass2_0::&lt;SearchFilterDescriptors&gt;b__0(ProjectManager.SharedKernel.FilterCriteria.FilterDescriptor)</Name>
              <FileRef uid="7" />
              <SequencePoints>
                <SequencePoint vc="1" uspid="129" ordinal="0" offset="0" sl="62" sc="29" el="62" ec="83" bec="0" bev="0" fileid="7" />
              </SequencePoints>
              <BranchPoints />
              <MethodPoint xsi:type="SequencePoint" vc="1" uspid="129" ordinal="0" offset="0" sl="62" sc="29" el="62" ec="83" bec="0" bev="0" fileid="7" />
            </Method>
          </Methods>
        </Class>
        <Class>
          <Summary numSequencePoints="0" visitedSequencePoints="0" numBranchPoints="0" visitedBranchPoints="0" sequenceCoverage="0" branchCoverage="0" maxCyclomaticComplexity="0" minCyclomaticComplexity="0" visitedClasses="0" numClasses="0" visitedMethods="0" numMethods="0" />
          <FullName>ProjectManager.SharedKernel.FilterCriteria.FilterStateHelper/&lt;&gt;o__3</FullName>
          <Methods />
        </Class>
        <Class>
          <Summary numSequencePoints="0" visitedSequencePoints="0" numBranchPoints="0" visitedBranchPoints="0" sequenceCoverage="0" branchCoverage="0" maxCyclomaticComplexity="1" minCyclomaticComplexity="1" visitedClasses="0" numClasses="0" visitedMethods="0" numMethods="0" />
          <FullName>ProjectManager.SharedKernel.FilterCriteria.RangeFilter`1</FullName>
          <Methods>
            <Method skippedDueTo="AutoImplementedProperty" visited="false" cyclomaticComplexity="1" nPathComplexity="0" sequenceCoverage="0" branchCoverage="0" isConstructor="false" isStatic="false" isGetter="true" isSetter="false">
              <MetadataToken>100663345</MetadataToken>
              <Name>T ProjectManager.SharedKernel.FilterCriteria.RangeFilter`1::get_From()</Name>
              <FileRef uid="9" />
              <SequencePoints />
              <BranchPoints />
            </Method>
            <Method skippedDueTo="AutoImplementedProperty" visited="false" cyclomaticComplexity="1" nPathComplexity="0" sequenceCoverage="0" branchCoverage="0" isConstructor="false" isStatic="false" isGetter="false" isSetter="true">
              <MetadataToken>100663346</MetadataToken>
              <Name>System.Void ProjectManager.SharedKernel.FilterCriteria.RangeFilter`1::set_From(T)</Name>
              <FileRef uid="9" />
              <SequencePoints />
              <BranchPoints />
            </Method>
            <Method skippedDueTo="AutoImplementedProperty" visited="false" cyclomaticComplexity="1" nPathComplexity="0" sequenceCoverage="0" branchCoverage="0" isConstructor="false" isStatic="false" isGetter="true" isSetter="false">
              <MetadataToken>100663347</MetadataToken>
              <Name>T ProjectManager.SharedKernel.FilterCriteria.RangeFilter`1::get_To()</Name>
              <FileRef uid="9" />
              <SequencePoints />
              <BranchPoints />
            </Method>
            <Method skippedDueTo="AutoImplementedProperty" visited="false" cyclomaticComplexity="1" nPathComplexity="0" sequenceCoverage="0" branchCoverage="0" isConstructor="false" isStatic="false" isGetter="false" isSetter="true">
              <MetadataToken>100663348</MetadataToken>
              <Name>System.Void ProjectManager.SharedKernel.FilterCriteria.RangeFilter`1::set_To(T)</Name>
              <FileRef uid="9" />
              <SequencePoints />
              <BranchPoints />
            </Method>
            <Method skippedDueTo="AutoImplementedProperty" visited="false" cyclomaticComplexity="1" nPathComplexity="0" sequenceCoverage="0" branchCoverage="0" isConstructor="false" isStatic="false" isGetter="true" isSetter="false">
              <MetadataToken>100663349</MetadataToken>
              <Name>System.Nullable`1&lt;System.Double&gt; ProjectManager.SharedKernel.FilterCriteria.RangeFilter`1::get_TimeZoneOffset()</Name>
              <FileRef uid="9" />
              <SequencePoints />
              <BranchPoints />
            </Method>
            <Method skippedDueTo="AutoImplementedProperty" visited="false" cyclomaticComplexity="1" nPathComplexity="0" sequenceCoverage="0" branchCoverage="0" isConstructor="false" isStatic="false" isGetter="false" isSetter="true">
              <MetadataToken>100663350</MetadataToken>
              <Name>System.Void ProjectManager.SharedKernel.FilterCriteria.RangeFilter`1::set_TimeZoneOffset(System.Nullable`1&lt;System.Double&gt;)</Name>
              <FileRef uid="9" />
              <SequencePoints />
              <BranchPoints />
            </Method>
            <Method visited="false" cyclomaticComplexity="1" nPathComplexity="0" sequenceCoverage="0" branchCoverage="0" isConstructor="true" isStatic="false" isGetter="false" isSetter="false">
              <Summary numSequencePoints="0" visitedSequencePoints="0" numBranchPoints="0" visitedBranchPoints="0" sequenceCoverage="0" branchCoverage="0" maxCyclomaticComplexity="1" minCyclomaticComplexity="1" visitedClasses="0" numClasses="0" visitedMethods="0" numMethods="0" />
              <MetadataToken>100663351</MetadataToken>
              <Name>System.Void ProjectManager.SharedKernel.FilterCriteria.RangeFilter`1::.ctor()</Name>
              <SequencePoints />
              <BranchPoints />
              <MethodPoint vc="0" uspid="130" ordinal="0" offset="0" />
            </Method>
          </Methods>
        </Class>
        <Class>
          <Summary numSequencePoints="9" visitedSequencePoints="9" numBranchPoints="9" visitedBranchPoints="8" sequenceCoverage="100" branchCoverage="88.89" maxCyclomaticComplexity="5" minCyclomaticComplexity="1" visitedClasses="1" numClasses="1" visitedMethods="1" numMethods="1" />
          <FullName>ProjectManager.SharedKernel.FilterCriteria.SortDescriptor</FullName>
          <Methods>
            <Method skippedDueTo="AutoImplementedProperty" visited="false" cyclomaticComplexity="1" nPathComplexity="0" sequenceCoverage="0" branchCoverage="0" isConstructor="false" isStatic="false" isGetter="true" isSetter="false">
              <MetadataToken>100663352</MetadataToken>
              <Name>System.String ProjectManager.SharedKernel.FilterCriteria.SortDescriptor::get_Field()</Name>
              <FileRef uid="10" />
              <SequencePoints />
              <BranchPoints />
            </Method>
            <Method skippedDueTo="AutoImplementedProperty" visited="false" cyclomaticComplexity="1" nPathComplexity="0" sequenceCoverage="0" branchCoverage="0" isConstructor="false" isStatic="false" isGetter="false" isSetter="true">
              <MetadataToken>100663353</MetadataToken>
              <Name>System.Void ProjectManager.SharedKernel.FilterCriteria.SortDescriptor::set_Field(System.String)</Name>
              <FileRef uid="10" />
              <SequencePoints />
              <BranchPoints />
            </Method>
            <Method skippedDueTo="AutoImplementedProperty" visited="false" cyclomaticComplexity="1" nPathComplexity="0" sequenceCoverage="0" branchCoverage="0" isConstructor="false" isStatic="false" isGetter="true" isSetter="false">
              <MetadataToken>100663354</MetadataToken>
              <Name>System.String ProjectManager.SharedKernel.FilterCriteria.SortDescriptor::get_Dir()</Name>
              <FileRef uid="10" />
              <SequencePoints />
              <BranchPoints />
            </Method>
            <Method skippedDueTo="AutoImplementedProperty" visited="false" cyclomaticComplexity="1" nPathComplexity="0" sequenceCoverage="0" branchCoverage="0" isConstructor="false" isStatic="false" isGetter="false" isSetter="true">
              <MetadataToken>100663355</MetadataToken>
              <Name>System.Void ProjectManager.SharedKernel.FilterCriteria.SortDescriptor::set_Dir(System.String)</Name>
              <FileRef uid="10" />
              <SequencePoints />
              <BranchPoints />
            </Method>
            <Method visited="true" cyclomaticComplexity="5" nPathComplexity="16" sequenceCoverage="100" branchCoverage="88.89" isConstructor="false" isStatic="false" isGetter="true" isSetter="false">
              <Summary numSequencePoints="9" visitedSequencePoints="9" numBranchPoints="9" visitedBranchPoints="8" sequenceCoverage="100" branchCoverage="88.89" maxCyclomaticComplexity="5" minCyclomaticComplexity="5" visitedClasses="0" numClasses="0" visitedMethods="1" numMethods="1" />
              <MetadataToken>100663356</MetadataToken>
              <Name>ProjectManager.SharedKernel.FilterCriteria.SortDirection ProjectManager.SharedKernel.FilterCriteria.SortDescriptor::get_Direction()</Name>
              <FileRef uid="10" />
              <SequencePoints>
                <SequencePoint vc="5" uspid="131" ordinal="0" offset="0" sl="27" sc="13" el="27" ec="14" bec="0" bev="0" fileid="10" />
                <SequencePoint vc="5" uspid="132" ordinal="1" offset="1" sl="28" sc="17" el="28" ec="48" bec="2" bev="2" fileid="10" />
                <SequencePoint vc="4" uspid="133" ordinal="2" offset="19" sl="29" sc="17" el="29" ec="18" bec="0" bev="0" fileid="10" />
                <SequencePoint vc="4" uspid="134" ordinal="3" offset="20" sl="30" sc="21" el="30" ec="50" bec="5" bev="5" fileid="10" />
                <SequencePoint vc="1" uspid="135" ordinal="4" offset="70" sl="33" sc="29" el="33" ec="54" bec="0" bev="0" fileid="10" />
                <SequencePoint vc="2" uspid="136" ordinal="5" offset="74" sl="36" sc="29" el="36" ec="54" bec="0" bev="0" fileid="10" />
                <SequencePoint vc="1" uspid="137" ordinal="6" offset="78" sl="39" sc="29" el="39" ec="74" bec="0" bev="0" fileid="10" />
                <SequencePoint vc="1" uspid="138" ordinal="7" offset="84" sl="43" sc="17" el="43" ec="48" bec="0" bev="0" fileid="10" />
                <SequencePoint vc="4" uspid="139" ordinal="8" offset="88" sl="44" sc="13" el="44" ec="14" bec="0" bev="0" fileid="10" />
              </SequencePoints>
              <BranchPoints>
                <BranchPoint vc="4" uspid="140" ordinal="0" offset="17" sl="28" path="0" offsetend="19" fileid="10" />
                <BranchPoint vc="1" uspid="141" ordinal="1" offset="17" sl="28" path="1" offsetend="84" fileid="10" />
                <BranchPoint vc="4" uspid="142" ordinal="2" offset="40" sl="30" path="0" offsetend="42" fileid="10" />
                <BranchPoint vc="0" uspid="143" ordinal="3" offset="40" sl="30" path="1" offsetend="78" fileid="10" />
                <BranchPoint vc="3" uspid="144" ordinal="4" offset="53" sl="30" path="0" offsetend="55" fileid="10" />
                <BranchPoint vc="1" uspid="145" ordinal="5" offset="53" sl="30" path="1" offsetend="70" fileid="10" />
                <BranchPoint vc="1" uspid="146" ordinal="6" offset="66" sl="30" path="0" offsetchain="68" offsetend="78" fileid="10" />
                <BranchPoint vc="2" uspid="147" ordinal="7" offset="66" sl="30" path="1" offsetend="74" fileid="10" />
              </BranchPoints>
              <MethodPoint xsi:type="SequencePoint" vc="5" uspid="131" ordinal="0" offset="0" sl="27" sc="13" el="27" ec="14" bec="0" bev="0" fileid="10" />
            </Method>
            <Method visited="true" cyclomaticComplexity="1" nPathComplexity="0" sequenceCoverage="0" branchCoverage="0" isConstructor="true" isStatic="false" isGetter="false" isSetter="false">
              <Summary numSequencePoints="0" visitedSequencePoints="0" numBranchPoints="0" visitedBranchPoints="0" sequenceCoverage="0" branchCoverage="0" maxCyclomaticComplexity="1" minCyclomaticComplexity="1" visitedClasses="0" numClasses="0" visitedMethods="0" numMethods="0" />
              <MetadataToken>100663357</MetadataToken>
              <Name>System.Void ProjectManager.SharedKernel.FilterCriteria.SortDescriptor::.ctor()</Name>
              <SequencePoints />
              <BranchPoints />
              <MethodPoint vc="5" uspid="148" ordinal="0" offset="0" />
            </Method>
          </Methods>
        </Class>
      </Classes>
    </Module>
    <Module skippedDueTo="MissingPdb" hash="51-6C-AE-C4-00-A1-8F-AA-38-03-66-6C-39-26-14-43-F6-EE-88-E8">
      <ModulePath>C:\Users\kuskas\Source\Repos\fse-projectmanager\ProjectManager\Web.Api.Tests\bin\Debug\NBench.dll</ModulePath>
      <ModuleTime>2017-06-10T09:09:32Z</ModuleTime>
      <ModuleName>NBench</ModuleName>
      <Classes />
    </Module>
    <Module hash="C1-BB-52-50-0E-50-5F-6F-75-1F-E5-38-8D-B4-28-7C-63-E2-51-26">
      <Summary numSequencePoints="223" visitedSequencePoints="223" numBranchPoints="71" visitedBranchPoints="70" sequenceCoverage="100" branchCoverage="98.59" maxCyclomaticComplexity="5" minCyclomaticComplexity="1" visitedClasses="5" numClasses="5" visitedMethods="25" numMethods="25" />
      <ModulePath>C:\Users\kuskas\Source\Repos\fse-projectmanager\ProjectManager\Web.Api.Tests\bin\Debug\ProjectManager.Api.Extension.dll</ModulePath>
      <ModuleTime>2019-07-30T03:19:23.4231901Z</ModuleTime>
      <ModuleName>ProjectManager.Api.Extension</ModuleName>
      <Files>
        <File uid="21" fullPath="C:\Users\kuskas\Source\Repos\fse-projectmanager\ProjectManager\ProjectManager.Api.Extension\ProjectFacade.cs" />
        <File uid="22" fullPath="C:\Users\kuskas\Source\Repos\fse-projectmanager\ProjectManager\ProjectManager.Api.Extension\ParentTaskFacade.cs" />
        <File uid="23" fullPath="C:\Users\kuskas\Source\Repos\fse-projectmanager\ProjectManager\ProjectManager.Api.Extension\TaskFacade.cs" />
        <File uid="24" fullPath="C:\Users\kuskas\Source\Repos\fse-projectmanager\ProjectManager\ProjectManager.Api.Extension\UserFacade.cs" />
        <File uid="25" fullPath="C:\Users\kuskas\Source\Repos\fse-projectmanager\ProjectManager\ProjectManager.Api.Extension\DTO\ParentTaskDto.cs" />
        <File uid="26" fullPath="C:\Users\kuskas\Source\Repos\fse-projectmanager\ProjectManager\ProjectManager.Api.Extension\DTO\ProjectDto.cs" />
        <File uid="27" fullPath="C:\Users\kuskas\Source\Repos\fse-projectmanager\ProjectManager\ProjectManager.Api.Extension\DTO\TaskDto.cs" />
        <File uid="28" fullPath="C:\Users\kuskas\Source\Repos\fse-projectmanager\ProjectManager\ProjectManager.Api.Extension\DTO\UserDto.cs" />
      </Files>
      <Classes>
        <Class>
          <Summary numSequencePoints="0" visitedSequencePoints="0" numBranchPoints="0" visitedBranchPoints="0" sequenceCoverage="0" branchCoverage="0" maxCyclomaticComplexity="0" minCyclomaticComplexity="0" visitedClasses="0" numClasses="0" visitedMethods="0" numMethods="0" />
          <FullName>&lt;Module&gt;</FullName>
          <Methods />
        </Class>
        <Class>
          <Summary numSequencePoints="66" visitedSequencePoints="66" numBranchPoints="23" visitedBranchPoints="22" sequenceCoverage="100" branchCoverage="95.65" maxCyclomaticComplexity="5" minCyclomaticComplexity="1" visitedClasses="1" numClasses="1" visitedMethods="7" numMethods="7" />
          <FullName>ProjectManager.Api.Extension.ProjectFacade</FullName>
          <Methods>
            <Method visited="true" cyclomaticComplexity="1" nPathComplexity="0" sequenceCoverage="100" branchCoverage="100" isConstructor="true" isStatic="false" isGetter="false" isSetter="false">
              <Summary numSequencePoints="4" visitedSequencePoints="4" numBranchPoints="1" visitedBranchPoints="1" sequenceCoverage="100" branchCoverage="100" maxCyclomaticComplexity="1" minCyclomaticComplexity="1" visitedClasses="0" numClasses="0" visitedMethods="1" numMethods="1" />
              <MetadataToken>100663297</MetadataToken>
              <Name>System.Void ProjectManager.Api.Extension.ProjectFacade::.ctor(DataAccess.Repositories.Intefaces.IProjectRepository)</Name>
              <FileRef uid="21" />
              <SequencePoints>
                <SequencePoint vc="15" uspid="149" ordinal="0" offset="0" sl="20" sc="9" el="20" ec="67" bec="0" bev="0" fileid="21" />
                <SequencePoint vc="15" uspid="150" ordinal="1" offset="7" sl="21" sc="9" el="21" ec="10" bec="0" bev="0" fileid="21" />
                <SequencePoint vc="15" uspid="151" ordinal="2" offset="8" sl="22" sc="13" el="22" ec="52" bec="0" bev="0" fileid="21" />
                <SequencePoint vc="15" uspid="152" ordinal="3" offset="15" sl="23" sc="9" el="23" ec="10" bec="0" bev="0" fileid="21" />
              </SequencePoints>
              <BranchPoints />
              <MethodPoint xsi:type="SequencePoint" vc="15" uspid="149" ordinal="0" offset="0" sl="20" sc="9" el="20" ec="67" bec="0" bev="0" fileid="21" />
            </Method>
            <Method visited="true" cyclomaticComplexity="2" nPathComplexity="2" sequenceCoverage="100" branchCoverage="100" isConstructor="false" isStatic="false" isGetter="false" isSetter="false">
              <Summary numSequencePoints="8" visitedSequencePoints="8" numBranchPoints="3" visitedBranchPoints="3" sequenceCoverage="100" branchCoverage="100" maxCyclomaticComplexity="2" minCyclomaticComplexity="2" visitedClasses="0" numClasses="0" visitedMethods="1" numMethods="1" />
              <MetadataToken>100663298</MetadataToken>
              <Name>ProjectManager.SharedKernel.FilterCriteria.FilterResult`1&lt;ProjectManager.Api.Extension.DTO.ProjectDto&gt; ProjectManager.Api.Extension.ProjectFacade::Query(ProjectManager.SharedKernel.FilterCriteria.FilterState)</Name>
              <FileRef uid="21" />
              <SequencePoints>
                <SequencePoint vc="3" uspid="153" ordinal="0" offset="0" sl="26" sc="9" el="26" ec="10" bec="0" bev="0" fileid="21" />
                <SequencePoint vc="3" uspid="154" ordinal="1" offset="1" sl="27" sc="13" el="27" ec="70" bec="0" bev="0" fileid="21" />
                <SequencePoint vc="3" uspid="155" ordinal="2" offset="14" sl="29" sc="13" el="29" ec="38" bec="2" bev="2" fileid="21" />
                <SequencePoint vc="2" uspid="156" ordinal="3" offset="22" sl="30" sc="13" el="30" ec="14" bec="0" bev="0" fileid="21" />
                <SequencePoint vc="2" uspid="157" ordinal="4" offset="23" sl="31" sc="17" el="31" ec="80" bec="0" bev="0" fileid="21" />
                <SequencePoint vc="2" uspid="158" ordinal="5" offset="35" sl="32" sc="17" el="36" ec="19" bec="0" bev="0" fileid="21" />
                <SequencePoint vc="1" uspid="159" ordinal="6" offset="64" sl="39" sc="13" el="39" ec="25" bec="0" bev="0" fileid="21" />
                <SequencePoint vc="3" uspid="160" ordinal="7" offset="68" sl="40" sc="9" el="40" ec="10" bec="0" bev="0" fileid="21" />
              </SequencePoints>
              <BranchPoints>
                <BranchPoint vc="2" uspid="161" ordinal="0" offset="20" sl="29" path="0" offsetend="22" fileid="21" />
                <BranchPoint vc="1" uspid="162" ordinal="1" offset="20" sl="29" path="1" offsetend="64" fileid="21" />
              </BranchPoints>
              <MethodPoint xsi:type="SequencePoint" vc="3" uspid="153" ordinal="0" offset="0" sl="26" sc="9" el="26" ec="10" bec="0" bev="0" fileid="21" />
            </Method>
            <Method visited="true" cyclomaticComplexity="2" nPathComplexity="2" sequenceCoverage="100" branchCoverage="100" isConstructor="false" isStatic="false" isGetter="false" isSetter="false">
              <Summary numSequencePoints="8" visitedSequencePoints="8" numBranchPoints="3" visitedBranchPoints="3" sequenceCoverage="100" branchCoverage="100" maxCyclomaticComplexity="2" minCyclomaticComplexity="2" visitedClasses="0" numClasses="0" visitedMethods="1" numMethods="1" />
              <MetadataToken>100663299</MetadataToken>
              <Name>ProjectManager.Api.Extension.DTO.ProjectDto ProjectManager.Api.Extension.ProjectFacade::Get(System.Int32)</Name>
              <FileRef uid="21" />
              <SequencePoints>
                <SequencePoint vc="3" uspid="163" ordinal="0" offset="0" sl="48" sc="9" el="48" ec="10" bec="0" bev="0" fileid="21" />
                <SequencePoint vc="3" uspid="164" ordinal="1" offset="1" sl="49" sc="13" el="49" ec="54" bec="0" bev="0" fileid="21" />
[...]
              <MetadataToken>100663352</MetadataToken>
              <Name>System.Web.Http.IHttpActionResult WebApp.Api.UserController::Update(ProjectManager.Api.Extension.DTO.UserDto)</Name>
              <FileRef uid="56" />
              <SequencePoints>
                <SequencePoint vc="3" uspid="680" ordinal="0" offset="20" sl="77" sc="9" el="77" ec="10" bec="0" bev="0" fileid="56" />
                <SequencePoint vc="3" uspid="681" ordinal="1" offset="21" sl="78" sc="13" el="81" ec="16" bec="0" bev="0" fileid="56" />
                <SequencePoint vc="3" uspid="682" ordinal="2" offset="42" sl="82" sc="9" el="82" ec="10" bec="0" bev="0" fileid="56" />
              </SequencePoints>
              <BranchPoints />
              <MethodPoint vc="3" uspid="683" ordinal="0" offset="0" />
            </Method>
            <Method visited="true" cyclomaticComplexity="1" nPathComplexity="0" sequenceCoverage="100" branchCoverage="100" isConstructor="false" isStatic="false" isGetter="false" isSetter="false">
              <Summary numSequencePoints="3" visitedSequencePoints="3" numBranchPoints="1" visitedBranchPoints="1" sequenceCoverage="100" branchCoverage="100" maxCyclomaticComplexity="1" minCyclomaticComplexity="1" visitedClasses="0" numClasses="0" visitedMethods="1" numMethods="1" />
              <MetadataToken>100663353</MetadataToken>
              <Name>System.Web.Http.IHttpActionResult WebApp.Api.UserController::Delete(System.Int32)</Name>
              <FileRef uid="56" />
              <SequencePoints>
                <SequencePoint vc="4" uspid="684" ordinal="0" offset="20" sl="89" sc="9" el="89" ec="10" bec="0" bev="0" fileid="56" />
                <SequencePoint vc="4" uspid="685" ordinal="1" offset="21" sl="90" sc="13" el="93" ec="16" bec="0" bev="0" fileid="56" />
                <SequencePoint vc="4" uspid="686" ordinal="2" offset="42" sl="94" sc="9" el="94" ec="10" bec="0" bev="0" fileid="56" />
              </SequencePoints>
              <BranchPoints />
              <MethodPoint vc="4" uspid="687" ordinal="0" offset="0" />
            </Method>
            <Method visited="true" cyclomaticComplexity="1" nPathComplexity="0" sequenceCoverage="100" branchCoverage="100" isConstructor="false" isStatic="false" isGetter="false" isSetter="false">
              <Summary numSequencePoints="3" visitedSequencePoints="3" numBranchPoints="1" visitedBranchPoints="1" sequenceCoverage="100" branchCoverage="100" maxCyclomaticComplexity="1" minCyclomaticComplexity="1" visitedClasses="0" numClasses="0" visitedMethods="1" numMethods="1" />
              <MetadataToken>100663354</MetadataToken>
              <Name>System.Web.Http.IHttpActionResult WebApp.Api.UserController::&lt;GetUsers&gt;b__4_0()</Name>
              <FileRef uid="56" />
              <SequencePoints>
                <SequencePoint vc="1" uspid="688" ordinal="0" offset="0" sl="54" sc="13" el="54" ec="14" bec="0" bev="0" fileid="56" />
                <SequencePoint vc="1" uspid="689" ordinal="1" offset="1" sl="55" sc="17" el="55" ec="49" bec="0" bev="0" fileid="56" />
                <SequencePoint vc="1" uspid="690" ordinal="2" offset="21" sl="56" sc="13" el="56" ec="14" bec="0" bev="0" fileid="56" />
              </SequencePoints>
              <BranchPoints />
              <MethodPoint xsi:type="SequencePoint" vc="1" uspid="688" ordinal="0" offset="0" sl="54" sc="13" el="54" ec="14" bec="0" bev="0" fileid="56" />
            </Method>
          </Methods>
        </Class>
        <Class>
          <Summary numSequencePoints="3" visitedSequencePoints="3" numBranchPoints="1" visitedBranchPoints="1" sequenceCoverage="100" branchCoverage="100" maxCyclomaticComplexity="1" minCyclomaticComplexity="1" visitedClasses="1" numClasses="1" visitedMethods="1" numMethods="1" />
          <FullName>WebApp.Api.UserController/&lt;&gt;c__DisplayClass3_0</FullName>
          <Methods>
            <Method visited="true" cyclomaticComplexity="1" nPathComplexity="0" sequenceCoverage="0" branchCoverage="0" isConstructor="true" isStatic="false" isGetter="false" isSetter="false">
              <Summary numSequencePoints="0" visitedSequencePoints="0" numBranchPoints="0" visitedBranchPoints="0" sequenceCoverage="0" branchCoverage="0" maxCyclomaticComplexity="1" minCyclomaticComplexity="1" visitedClasses="0" numClasses="0" visitedMethods="0" numMethods="0" />
              <MetadataToken>100663404</MetadataToken>
              <Name>System.Void WebApp.Api.UserController/&lt;&gt;c__DisplayClass3_0::.ctor()</Name>
              <SequencePoints />
              <BranchPoints />
              <MethodPoint vc="2" uspid="691" ordinal="0" offset="0" />
            </Method>
            <Method visited="true" cyclomaticComplexity="1" nPathComplexity="0" sequenceCoverage="100" branchCoverage="100" isConstructor="false" isStatic="false" isGetter="false" isSetter="false">
              <Summary numSequencePoints="3" visitedSequencePoints="3" numBranchPoints="1" visitedBranchPoints="1" sequenceCoverage="100" branchCoverage="100" maxCyclomaticComplexity="1" minCyclomaticComplexity="1" visitedClasses="0" numClasses="0" visitedMethods="1" numMethods="1" />
              <MetadataToken>100663405</MetadataToken>
              <Name>System.Web.Http.IHttpActionResult WebApp.Api.UserController/&lt;&gt;c__DisplayClass3_0::&lt;Query&gt;b__0()</Name>
              <FileRef uid="56" />
              <SequencePoints>
                <SequencePoint vc="2" uspid="692" ordinal="0" offset="0" sl="42" sc="13" el="42" ec="14" bec="0" bev="0" fileid="56" />
                <SequencePoint vc="2" uspid="693" ordinal="1" offset="1" sl="43" sc="17" el="43" ec="59" bec="0" bev="0" fileid="56" />
                <SequencePoint vc="2" uspid="694" ordinal="2" offset="37" sl="44" sc="13" el="44" ec="14" bec="0" bev="0" fileid="56" />
              </SequencePoints>
              <BranchPoints />
              <MethodPoint xsi:type="SequencePoint" vc="2" uspid="692" ordinal="0" offset="0" sl="42" sc="13" el="42" ec="14" bec="0" bev="0" fileid="56" />
            </Method>
          </Methods>
        </Class>
        <Class>
          <Summary numSequencePoints="3" visitedSequencePoints="3" numBranchPoints="1" visitedBranchPoints="1" sequenceCoverage="100" branchCoverage="100" maxCyclomaticComplexity="1" minCyclomaticComplexity="1" visitedClasses="1" numClasses="1" visitedMethods="1" numMethods="1" />
          <FullName>WebApp.Api.UserController/&lt;&gt;c__DisplayClass5_0</FullName>
          <Methods>
            <Method visited="true" cyclomaticComplexity="1" nPathComplexity="0" sequenceCoverage="0" branchCoverage="0" isConstructor="true" isStatic="false" isGetter="false" isSetter="false">
              <Summary numSequencePoints="0" visitedSequencePoints="0" numBranchPoints="0" visitedBranchPoints="0" sequenceCoverage="0" branchCoverage="0" maxCyclomaticComplexity="1" minCyclomaticComplexity="1" visitedClasses="0" numClasses="0" visitedMethods="0" numMethods="0" />
              <MetadataToken>100663406</MetadataToken>
              <Name>System.Void WebApp.Api.UserController/&lt;&gt;c__DisplayClass5_0::.ctor()</Name>
              <SequencePoints />
              <BranchPoints />
              <MethodPoint vc="3" uspid="695" ordinal="0" offset="0" />
            </Method>
            <Method visited="true" cyclomaticComplexity="1" nPathComplexity="0" sequenceCoverage="100" branchCoverage="100" isConstructor="false" isStatic="false" isGetter="false" isSetter="false">
              <Summary numSequencePoints="3" visitedSequencePoints="3" numBranchPoints="1" visitedBranchPoints="1" sequenceCoverage="100" branchCoverage="100" maxCyclomaticComplexity="1" minCyclomaticComplexity="1" visitedClasses="0" numClasses="0" visitedMethods="1" numMethods="1" />
              <MetadataToken>100663407</MetadataToken>
              <Name>System.Web.Http.IHttpActionResult WebApp.Api.UserController/&lt;&gt;c__DisplayClass5_0::&lt;GetUser&gt;b__0()</Name>
              <FileRef uid="56" />
              <SequencePoints>
                <SequencePoint vc="3" uspid="696" ordinal="0" offset="0" sl="67" sc="13" el="67" ec="14" bec="0" bev="0" fileid="56" />
                <SequencePoint vc="3" uspid="697" ordinal="1" offset="1" sl="68" sc="17" el="68" ec="48" bec="0" bev="0" fileid="56" />
                <SequencePoint vc="1" uspid="698" ordinal="2" offset="37" sl="69" sc="13" el="69" ec="14" bec="0" bev="0" fileid="56" />
              </SequencePoints>
              <BranchPoints />
              <MethodPoint xsi:type="SequencePoint" vc="3" uspid="696" ordinal="0" offset="0" sl="67" sc="13" el="67" ec="14" bec="0" bev="0" fileid="56" />
            </Method>
          </Methods>
        </Class>
        <Class>
          <Summary numSequencePoints="3" visitedSequencePoints="3" numBranchPoints="1" visitedBranchPoints="1" sequenceCoverage="100" branchCoverage="100" maxCyclomaticComplexity="1" minCyclomaticComplexity="1" visitedClasses="1" numClasses="1" visitedMethods="1" numMethods="1" />
          <FullName>WebApp.Api.UserController/&lt;&gt;c__DisplayClass6_0</FullName>
          <Methods>
            <Method visited="true" cyclomaticComplexity="1" nPathComplexity="0" sequenceCoverage="0" branchCoverage="0" isConstructor="true" isStatic="false" isGetter="false" isSetter="false">
              <Summary numSequencePoints="0" visitedSequencePoints="0" numBranchPoints="0" visitedBranchPoints="0" sequenceCoverage="0" branchCoverage="0" maxCyclomaticComplexity="1" minCyclomaticComplexity="1" visitedClasses="0" numClasses="0" visitedMethods="0" numMethods="0" />
              <MetadataToken>100663408</MetadataToken>
              <Name>System.Void WebApp.Api.UserController/&lt;&gt;c__DisplayClass6_0::.ctor()</Name>
              <SequencePoints />
              <BranchPoints />
              <MethodPoint vc="3" uspid="699" ordinal="0" offset="0" />
            </Method>
            <Method visited="true" cyclomaticComplexity="1" nPathComplexity="0" sequenceCoverage="100" branchCoverage="100" isConstructor="false" isStatic="false" isGetter="false" isSetter="false">
              <Summary numSequencePoints="3" visitedSequencePoints="3" numBranchPoints="1" visitedBranchPoints="1" sequenceCoverage="100" branchCoverage="100" maxCyclomaticComplexity="1" minCyclomaticComplexity="1" visitedClasses="0" numClasses="0" visitedMethods="1" numMethods="1" />
              <MetadataToken>100663409</MetadataToken>
              <Name>System.Web.Http.IHttpActionResult WebApp.Api.UserController/&lt;&gt;c__DisplayClass6_0::&lt;Update&gt;b__0()</Name>
              <FileRef uid="56" />
              <SequencePoints>
                <SequencePoint vc="3" uspid="700" ordinal="0" offset="0" sl="79" sc="13" el="79" ec="14" bec="0" bev="0" fileid="56" />
                <SequencePoint vc="3" uspid="701" ordinal="1" offset="1" sl="80" sc="17" el="80" ec="53" bec="0" bev="0" fileid="56" />
                <SequencePoint vc="2" uspid="702" ordinal="2" offset="37" sl="81" sc="13" el="81" ec="14" bec="0" bev="0" fileid="56" />
              </SequencePoints>
              <BranchPoints />
              <MethodPoint xsi:type="SequencePoint" vc="3" uspid="700" ordinal="0" offset="0" sl="79" sc="13" el="79" ec="14" bec="0" bev="0" fileid="56" />
            </Method>
          </Methods>
        </Class>
        <Class>
          <Summary numSequencePoints="3" visitedSequencePoints="3" numBranchPoints="1" visitedBranchPoints="1" sequenceCoverage="100" branchCoverage="100" maxCyclomaticComplexity="1" minCyclomaticComplexity="1" visitedClasses="1" numClasses="1" visitedMethods="1" numMethods="1" />
          <FullName>WebApp.Api.UserController/&lt;&gt;c__DisplayClass7_0</FullName>
          <Methods>
            <Method visited="true" cyclomaticComplexity="1" nPathComplexity="0" sequenceCoverage="0" branchCoverage="0" isConstructor="true" isStatic="false" isGetter="false" isSetter="false">
              <Summary numSequencePoints="0" visitedSequencePoints="0" numBranchPoints="0" visitedBranchPoints="0" sequenceCoverage="0" branchCoverage="0" maxCyclomaticComplexity="1" minCyclomaticComplexity="1" visitedClasses="0" numClasses="0" visitedMethods="0" numMethods="0" />
              <MetadataToken>100663410</MetadataToken>
              <Name>System.Void WebApp.Api.UserController/&lt;&gt;c__DisplayClass7_0::.ctor()</Name>
              <SequencePoints />
              <BranchPoints />
              <MethodPoint vc="4" uspid="703" ordinal="0" offset="0" />
            </Method>
            <Method visited="true" cyclomaticComplexity="1" nPathComplexity="0" sequenceCoverage="100" branchCoverage="100" isConstructor="false" isStatic="false" isGetter="false" isSetter="false">
              <Summary numSequencePoints="3" visitedSequencePoints="3" numBranchPoints="1" visitedBranchPoints="1" sequenceCoverage="100" branchCoverage="100" maxCyclomaticComplexity="1" minCyclomaticComplexity="1" visitedClasses="0" numClasses="0" visitedMethods="1" numMethods="1" />
              <MetadataToken>100663411</MetadataToken>
              <Name>System.Web.Http.IHttpActionResult WebApp.Api.UserController/&lt;&gt;c__DisplayClass7_0::&lt;Delete&gt;b__0()</Name>
              <FileRef uid="56" />
              <SequencePoints>
                <SequencePoint vc="4" uspid="704" ordinal="0" offset="0" sl="91" sc="13" el="91" ec="14" bec="0" bev="0" fileid="56" />
                <SequencePoint vc="4" uspid="705" ordinal="1" offset="1" sl="92" sc="17" el="92" ec="51" bec="0" bev="0" fileid="56" />
                <SequencePoint vc="1" uspid="706" ordinal="2" offset="37" sl="93" sc="13" el="93" ec="14" bec="0" bev="0" fileid="56" />
              </SequencePoints>
              <BranchPoints />
              <MethodPoint xsi:type="SequencePoint" vc="4" uspid="704" ordinal="0" offset="0" sl="91" sc="13" el="91" ec="14" bec="0" bev="0" fileid="56" />
            </Method>
          </Methods>
        </Class>
      </Classes>
    </Module>
    <Module skippedDueTo="Filter" hash="9A-D3-76-38-AA-BB-31-F4-25-8E-86-13-76-8F-B6-5C-24-45-7D-FB">
      <ModulePath>C:\Users\kuskas\Source\Repos\fse-projectmanager\ProjectManager\Web.Api.Tests\bin\Debug\BusinessTier.Models.dll</ModulePath>
      <ModuleTime>2019-07-30T03:19:22.1494498Z</ModuleTime>
      <ModuleName>BusinessTier.Models</ModuleName>
      <Classes />
    </Module>
    <Module skippedDueTo="Filter" hash="F4-EC-DA-46-BF-E9-41-10-86-9B-3E-BA-22-6A-BC-C2-98-13-B5-D9">
      <ModulePath>C:\Users\kuskas\Source\Repos\fse-projectmanager\ProjectManager\Web.Api.Tests\bin\Debug\DataAccess.dll</ModulePath>
      <ModuleTime>2019-07-30T03:19:22.7823204Z</ModuleTime>
      <ModuleName>DataAccess</ModuleName>
      <Classes />
    </Module>
    <Module skippedDueTo="Filter" hash="F9-9B-B5-71-3A-BE-A4-D1-7B-42-24-6F-13-97-0A-EB-C4-29-42-FE">
      <ModulePath>C:\Users\kuskas\Source\Repos\fse-projectmanager\ProjectManager\Web.Api.Tests\bin\Debug\System.Web.Http.dll</ModulePath>
      <ModuleTime>2018-05-10T14:39:16Z</ModuleTime>
      <ModuleName>System.Web.Http</ModuleName>
      <Classes />
    </Module>
    <Module skippedDueTo="MissingPdb" hash="22-3C-EF-E8-08-72-8E-67-F2-D1-FC-6F-0F-81-A9-AF-49-0D-0F-33">
      <ModulePath>C:\Users\kuskas\Source\Repos\fse-projectmanager\ProjectManager\Web.Api.Tests\bin\Debug\Moq.dll</ModulePath>
      <ModuleTime>2019-06-20T00:49:52Z</ModuleTime>
      <ModuleName>Moq</ModuleName>
      <Classes />
    </Module>
    <Module skippedDueTo="MissingPdb" hash="DC-CC-6B-85-DE-D3-FF-D6-B1-BF-5C-63-F6-46-A9-1A-1D-EF-79-5B">
      <ModulePath>C:\Users\kuskas\Source\Repos\fse-projectmanager\ProjectManager\Web.Api.Tests\bin\Debug\Castle.Core.dll</ModulePath>
      <ModuleTime>2019-04-04T17:50:26Z</ModuleTime>
      <ModuleName>Castle.Core</ModuleName>
      <Classes />
    </Module>
    <Module skippedDueTo="Filter" hash="B6-3D-95-5E-A1-F2-3D-D5-61-A7-8A-59-69-72-6D-F6-FF-70-71-9F">
      <ModulePath>C:\Users\kuskas\Source\Repos\fse-projectmanager\ProjectManager\Web.Api.Tests\bin\Debug\System.Threading.Tasks.Extensions.dll</ModulePath>
      <ModuleTime>2018-06-06T05:29:04Z</ModuleTime>
      <ModuleName>System.Threading.Tasks.Extensions</ModuleName>
      <Classes />
    </Module>
    <Module skippedDueTo="MissingPdb" hash="F0-A3-6D-2D-53-B9-AB-BE-F3-60-2F-F3-92-25-56-5B-A9-DA-27-56">
      <ModulePath>C:\WINDOWS\Microsoft.Net\assembly\GAC_MSIL\netstandard\v4.0_2.0.0.0__cc7b13ffcd2ddd51\netstandard.dll</ModulePath>
      <ModuleTime>2018-06-18T04:19:34.4199495Z</ModuleTime>
      <ModuleName>netstandard</ModuleName>
      <Classes />
    </Module>
    <Module skippedDueTo="MissingPdb" hash="75-E8-45-F7-55-0B-30-E9-B6-D4-8C-4F-F4-0E-32-8A-69-8B-83-7B">
      <ModulePath>C:\Users\kuskas\Source\Repos\fse-projectmanager\ProjectManager\Web.Api.Tests\bin\Debug\Serilog.dll</ModulePath>
      <ModuleTime>2019-01-16T15:25:02Z</ModuleTime>
      <ModuleName>Serilog</ModuleName>
      <Classes />
    </Module>
    <Module skippedDueTo="MissingPdb" hash="12-3F-E3-10-D1-D0-35-93-2B-65-FA-C5-00-62-09-C4-DC-D6-92-BF">
      <ModulePath>C:\Users\kuskas\Source\Repos\fse-projectmanager\ProjectManager\Web.Api.Tests\bin\Debug\EntityFramework.dll</ModulePath>
      <ModuleTime>2017-10-23T05:15:18Z</ModuleTime>
      <ModuleName>EntityFramework</ModuleName>
      <Classes />
    </Module>
    <Module skippedDueTo="MissingPdb" hash="9D-8C-F0-38-93-AA-F9-80-7F-99-3F-48-55-49-21-AF-A0-81-85-9F">
      <ModulePath>C:\Users\kuskas\Source\Repos\fse-projectmanager\ProjectManager\Web.Api.Tests\bin\Debug\EntityFramework.SqlServer.dll</ModulePath>
      <ModuleTime>2017-10-23T05:15:20Z</ModuleTime>
      <ModuleName>EntityFramework.SqlServer</ModuleName>
      <Classes />
    </Module>
    <Module skippedDueTo="Filter" hash="D4-54-32-B5-B1-E2-7D-BE-A8-0C-10-C4-98-E4-C8-76-00-FF-CA-2D">
      <ModulePath>C:\WINDOWS\Microsoft.Net\assembly\GAC_64\System.Transactions\v4.0_4.0.0.0__b77a5c561934e089\System.Transactions.dll</ModulePath>
      <ModuleTime>2018-09-11T01:26:49.2069766Z</ModuleTime>
      <ModuleName>System.Transactions</ModuleName>
      <Classes />
    </Module>
    <Module skippedDueTo="Filter" hash="DC-10-6B-5A-3A-39-6A-03-4D-F0-47-6E-B7-56-22-C8-59-10-F9-0C">
      <ModulePath>C:\WINDOWS\Microsoft.Net\assembly\GAC_64\System.Data.OracleClient\v4.0_4.0.0.0__b77a5c561934e089\System.Data.OracleClient.dll</ModulePath>
      <ModuleTime>2018-06-18T04:19:33.8776973Z</ModuleTime>
      <ModuleName>System.Data.OracleClient</ModuleName>
      <Classes />
    </Module>
    <Module skippedDueTo="Filter" hash="50-66-EF-9E-91-12-D2-6C-1F-BE-00-32-58-24-E8-C7-76-40-11-B6">
      <ModulePath>C:\WINDOWS\Microsoft.Net\assembly\GAC_64\System.EnterpriseServices\v4.0_4.0.0.0__b03f5f7f11d50a3a\System.EnterpriseServices.dll</ModulePath>
      <ModuleTime>2018-06-18T04:19:31.8740728Z</ModuleTime>
      <ModuleName>System.EnterpriseServices</ModuleName>
      <Classes />
    </Module>
    <Module skippedDueTo="Filter" hash="8B-59-7F-E0-46-94-0E-BD-B7-02-5B-B4-71-52-59-1B-12-6F-C5-90">
      <ModulePath>C:\WINDOWS\Microsoft.Net\assembly\GAC_MSIL\System.Xml.Linq\v4.0_4.0.0.0__b77a5c561934e089\System.Xml.Linq.dll</ModulePath>
      <ModuleTime>2018-06-18T04:19:31.4993281Z</ModuleTime>
      <ModuleName>System.Xml.Linq</ModuleName>
      <Classes />
    </Module>
    <Module skippedDueTo="Filter" hash="AA-F9-5B-08-84-E6-BF-7A-58-47-F8-F7-D9-D7-BB-95-22-70-B1-DF">
      <ModulePath>C:\WINDOWS\Microsoft.Net\assembly\GAC_MSIL\System.Web.Extensions\v4.0_4.0.0.0__31bf3856ad364e35\System.Web.Extensions.dll</ModulePath>
      <ModuleTime>2018-11-13T02:21:18.7327182Z</ModuleTime>
      <ModuleName>System.Web.Extensions</ModuleName>
      <Classes />
    </Module>
  </Modules>
</CoverageSession>