<?xml version="1.0" encoding="utf-8"?>
<CoverageSession xmlns:xsd="http://www.w3.org/2001/XMLSchema" xmlns:xsi="http://www.w3.org/2001/XMLSchema-instance">
  <Summary numSequencePoints="387" visitedSequencePoints="278" numBranchPoints="113" visitedBranchPoints="84" sequenceCoverage="71.83" branchCoverage="74.34" maxCyclomaticComplexity="10" minCyclomaticComplexity="1" visitedClasses="22" numClasses="27" visitedMethods="65" numMethods="81" />
  <Modules>
    <Module skippedDueTo="Filter" hash="8F-DF-0C-F9-5B-73-58-D8-FD-3D-6D-55-47-B0-2B-CB-6F-04-49-3F">
      <ModulePath>C:\WINDOWS\Microsoft.Net\assembly\GAC_64\mscorlib\v4.0_4.0.0.0__b77a5c561934e089\mscorlib.dll</ModulePath>
      <ModuleTime>2019-02-12T02:35:56.0883553Z</ModuleTime>
      <ModuleName>mscorlib</ModuleName>
      <Classes />
    </Module>
    <Module skippedDueTo="MissingPdb" hash="C3-AA-1C-1C-8E-82-1A-33-B0-D2-15-D7-67-2F-0B-23-E3-D3-35-BD">
      <ModulePath>C:\Users\kuskas\Source\Repos\fse-projectmanager\ProjectManager\packages\NUnit.ConsoleRunner.3.10.0\tools\nunit3-console.exe</ModulePath>
      <ModuleTime>2019-03-24T08:23:50Z</ModuleTime>
      <ModuleName>nunit3-console</ModuleName>
      <Classes />
    </Module>
    <Module skippedDueTo="Filter" hash="B2-06-7D-FB-E9-C5-90-1F-12-4D-6E-5D-37-9A-91-73-FE-58-BB-39">
      <ModulePath>C:\WINDOWS\Microsoft.Net\assembly\GAC_MSIL\System\v4.0_4.0.0.0__b77a5c561934e089\System.dll</ModulePath>
      <ModuleTime>2019-01-08T03:20:13.8429008Z</ModuleTime>
      <ModuleName>System</ModuleName>
      <Classes />
    </Module>
    <Module skippedDueTo="MissingPdb" hash="56-19-46-EE-B2-F2-BE-59-B4-C3-2F-4A-6E-93-59-8A-52-CC-E1-25">
      <ModulePath>C:\Users\kuskas\Source\Repos\fse-projectmanager\ProjectManager\packages\NUnit.ConsoleRunner.3.10.0\tools\nunit.engine.api.dll</ModulePath>
      <ModuleTime>2019-03-24T08:23:50Z</ModuleTime>
      <ModuleName>nunit.engine.api</ModuleName>
      <Classes />
    </Module>
    <Module skippedDueTo="MissingPdb" hash="F3-B1-83-1B-09-4C-8B-4B-4D-F1-AE-22-3B-BF-1C-83-85-41-B0-4C">
      <ModulePath>C:\Users\kuskas\Source\Repos\fse-projectmanager\ProjectManager\packages\NUnit.ConsoleRunner.3.10.0\tools\nunit.engine.dll</ModulePath>
      <ModuleTime>2019-03-24T08:23:50Z</ModuleTime>
      <ModuleName>nunit.engine</ModuleName>
      <Classes />
    </Module>
    <Module skippedDueTo="Filter" hash="C9-90-56-C8-34-0E-96-2A-07-09-EA-81-19-89-AB-9B-B6-6C-C4-D4">
      <ModulePath>C:\WINDOWS\Microsoft.Net\assembly\GAC_MSIL\System.Xml\v4.0_4.0.0.0__b77a5c561934e089\System.Xml.dll</ModulePath>
      <ModuleTime>2018-06-18T04:19:29.265858Z</ModuleTime>
      <ModuleName>System.Xml</ModuleName>
      <Classes />
    </Module>
    <Module skippedDueTo="Filter" hash="3A-73-A1-C9-77-A2-4B-0D-EE-93-92-04-28-0A-E5-0F-7B-06-36-12">
      <ModulePath>C:\WINDOWS\Microsoft.Net\assembly\GAC_64\System.Web\v4.0_4.0.0.0__b03f5f7f11d50a3a\System.Web.dll</ModulePath>
      <ModuleTime>2018-11-13T02:22:02.4055265Z</ModuleTime>
      <ModuleName>System.Web</ModuleName>
      <Classes />
    </Module>
    <Module skippedDueTo="MissingPdb" hash="8A-2E-8F-D6-9D-39-02-4A-2F-30-FC-06-42-F7-0F-A8-32-69-07-72">
      <ModulePath>C:\Users\kuskas\Source\Repos\fse-projectmanager\ProjectManager\packages\NUnit.ConsoleRunner.3.10.0\tools\Mono.Cecil.dll</ModulePath>
      <ModuleTime>2019-03-24T08:23:50Z</ModuleTime>
      <ModuleName>Mono.Cecil</ModuleName>
      <Classes />
    </Module>
    <Module skippedDueTo="Filter" hash="99-11-EB-F5-78-AC-B1-38-60-82-1D-90-D3-48-FC-57-C0-00-EA-04">
      <ModulePath>C:\WINDOWS\Microsoft.Net\assembly\GAC_MSIL\System.Runtime.Remoting\v4.0_4.0.0.0__b77a5c561934e089\System.Runtime.Remoting.dll</ModulePath>
      <ModuleTime>2018-06-18T04:19:28.9275518Z</ModuleTime>
      <ModuleName>System.Runtime.Remoting</ModuleName>
      <Classes />
    </Module>
    <Module skippedDueTo="Filter" hash="41-E7-52-4E-E7-9F-10-43-54-6F-CE-76-44-7B-9F-E0-F1-33-EE-FD">
      <ModulePath>C:\WINDOWS\Microsoft.Net\assembly\GAC_MSIL\System.Configuration\v4.0_4.0.0.0__b03f5f7f11d50a3a\System.Configuration.dll</ModulePath>
      <ModuleTime>2018-12-11T02:36:28.3231849Z</ModuleTime>
      <ModuleName>System.Configuration</ModuleName>
      <Classes />
    </Module>
    <Module skippedDueTo="MissingPdb" hash="DD-03-C0-F6-30-61-DA-66-3E-7C-57-4F-A1-08-5C-81-F5-6E-EF-AA">
      <ModulePath>C:\Users\kuskas\Source\Repos\fse-projectmanager\ProjectManager\packages\NUnit.ConsoleRunner.3.10.0\tools\nunit-agent.exe</ModulePath>
      <ModuleTime>2019-03-24T08:23:50Z</ModuleTime>
      <ModuleName>nunit-agent</ModuleName>
      <Classes />
    </Module>
    <Module skippedDueTo="Filter" hash="EE-92-34-AE-A6-A6-A8-2E-8A-34-A1-E4-20-3D-2A-23-C5-9D-D8-D2">
      <ModulePath>C:\Users\kuskas\Source\Repos\fse-projectmanager\ProjectManager\Web.Api.Tests\bin\Debug\nunit.framework.dll</ModulePath>
      <ModuleTime>2018-10-06T08:52:56Z</ModuleTime>
      <ModuleName>nunit.framework</ModuleName>
      <Classes />
    </Module>
    <Module skippedDueTo="Filter" hash="B9-05-2F-F0-B5-34-29-CD-73-A5-65-7D-D6-7B-7B-2F-20-82-C5-E4">
      <ModulePath>C:\WINDOWS\Microsoft.Net\assembly\GAC_MSIL\System.Core\v4.0_4.0.0.0__b77a5c561934e089\System.Core.dll</ModulePath>
      <ModuleTime>2019-01-08T03:20:13.6397741Z</ModuleTime>
      <ModuleName>System.Core</ModuleName>
      <Classes />
    </Module>
    <Module skippedDueTo="Filter" hash="04-5C-66-F9-FF-BA-7C-EA-3B-40-59-BA-78-15-6F-1D-7A-9A-EA-87">
      <ModulePath>C:\Users\kuskas\Source\Repos\fse-projectmanager\ProjectManager\Web.Api.Tests\bin\Debug\Web.Api.Tests.dll</ModulePath>
      <ModuleTime>2019-07-21T09:39:49.1426588Z</ModuleTime>
      <ModuleName>Web.Api.Tests</ModuleName>
      <Classes />
    </Module>
    <Module hash="34-4A-68-54-3D-4F-FF-F1-26-15-50-A5-57-7F-A4-3D-A8-6C-EA-C4">
      <Summary numSequencePoints="220" visitedSequencePoints="129" numBranchPoints="64" visitedBranchPoints="45" sequenceCoverage="58.64" branchCoverage="70.31" maxCyclomaticComplexity="10" minCyclomaticComplexity="1" visitedClasses="17" numClasses="22" visitedMethods="44" numMethods="60" />
      <ModulePath>C:\Users\kuskas\Source\Repos\fse-projectmanager\ProjectManager\Web.Api.Tests\bin\Debug\WebApp.dll</ModulePath>
      <ModuleTime>2019-07-21T09:27:00.1671101Z</ModuleTime>
      <ModuleName>WebApp</ModuleName>
      <Files>
        <File uid="1" fullPath="C:\Users\kuskas\Source\Repos\fse-projectmanager\ProjectManager\WebApp\App_Start\SwaggerConfig.cs" />
        <File uid="2" fullPath="C:\Users\kuskas\Source\Repos\fse-projectmanager\ProjectManager\WebApp\App_Start\AutoMapperConfig.cs" />
        <File uid="3" fullPath="C:\Users\kuskas\Source\Repos\fse-projectmanager\ProjectManager\WebApp\Global.asax.cs" />
        <File uid="4" fullPath="C:\Users\kuskas\Source\Repos\fse-projectmanager\ProjectManager\WebApp\UnityResolver.cs" />
        <File uid="5" fullPath="C:\Users\kuskas\Source\Repos\fse-projectmanager\ProjectManager\WebApp\CustomHandler\GlobalExceptionHandler .cs" />
        <File uid="7" fullPath="C:\Users\kuskas\Source\Repos\fse-projectmanager\ProjectManager\WebApp\Api\BaseApiController.cs" />
        <File uid="8" fullPath="C:\Users\kuskas\Source\Repos\fse-projectmanager\ProjectManager\WebApp\Api\ParentTaskController.cs" />
        <File uid="11" fullPath="C:\Users\kuskas\Source\Repos\fse-projectmanager\ProjectManager\WebApp\Api\ProjectController.cs" />
        <File uid="15" fullPath="C:\Users\kuskas\Source\Repos\fse-projectmanager\ProjectManager\WebApp\Api\TaskController.cs" />
        <File uid="19" fullPath="C:\Users\kuskas\Source\Repos\fse-projectmanager\ProjectManager\WebApp\Api\UserController.cs" />
      </Files>
      <Classes>
        <Class>
          <Summary numSequencePoints="0" visitedSequencePoints="0" numBranchPoints="0" visitedBranchPoints="0" sequenceCoverage="0" branchCoverage="0" maxCyclomaticComplexity="0" minCyclomaticComplexity="0" visitedClasses="0" numClasses="0" visitedMethods="0" numMethods="0" />
          <FullName>&lt;Module&gt;</FullName>
          <Methods />
        </Class>
        <Class>
          <Summary numSequencePoints="0" visitedSequencePoints="0" numBranchPoints="0" visitedBranchPoints="0" sequenceCoverage="0" branchCoverage="0" maxCyclomaticComplexity="10" minCyclomaticComplexity="1" visitedClasses="0" numClasses="0" visitedMethods="0" numMethods="0" />
          <FullName>&lt;&gt;f__AnonymousType0`3</FullName>
          <Methods>
            <Method visited="false" cyclomaticComplexity="1" nPathComplexity="0" sequenceCoverage="0" branchCoverage="0" isConstructor="false" isStatic="false" isGetter="true" isSetter="false">
              <Summary numSequencePoints="0" visitedSequencePoints="0" numBranchPoints="0" visitedBranchPoints="0" sequenceCoverage="0" branchCoverage="0" maxCyclomaticComplexity="1" minCyclomaticComplexity="1" visitedClasses="0" numClasses="0" visitedMethods="0" numMethods="0" />
              <MetadataToken>100663297</MetadataToken>
              <Name>&lt;controller&gt;j__TPar &lt;&gt;f__AnonymousType0`3::get_controller()</Name>
              <SequencePoints />
              <BranchPoints />
              <MethodPoint vc="0" uspid="1" ordinal="0" offset="0" />
            </Method>
            <Method visited="false" cyclomaticComplexity="1" nPathComplexity="0" sequenceCoverage="0" branchCoverage="0" isConstructor="false" isStatic="false" isGetter="true" isSetter="false">
              <Summary numSequencePoints="0" visitedSequencePoints="0" numBranchPoints="0" visitedBranchPoints="0" sequenceCoverage="0" branchCoverage="0" maxCyclomaticComplexity="1" minCyclomaticComplexity="1" visitedClasses="0" numClasses="0" visitedMethods="0" numMethods="0" />
              <MetadataToken>100663298</MetadataToken>
              <Name>&lt;action&gt;j__TPar &lt;&gt;f__AnonymousType0`3::get_action()</Name>
              <SequencePoints />
              <BranchPoints />
              <MethodPoint vc="0" uspid="2" ordinal="0" offset="0" />
            </Method>
            <Method visited="false" cyclomaticComplexity="1" nPathComplexity="0" sequenceCoverage="0" branchCoverage="0" isConstructor="false" isStatic="false" isGetter="true" isSetter="false">
              <Summary numSequencePoints="0" visitedSequencePoints="0" numBranchPoints="0" visitedBranchPoints="0" sequenceCoverage="0" branchCoverage="0" maxCyclomaticComplexity="1" minCyclomaticComplexity="1" visitedClasses="0" numClasses="0" visitedMethods="0" numMethods="0" />
              <MetadataToken>100663299</MetadataToken>
              <Name>&lt;id&gt;j__TPar &lt;&gt;f__AnonymousType0`3::get_id()</Name>
              <SequencePoints />
              <BranchPoints />
              <MethodPoint vc="0" uspid="3" ordinal="0" offset="0" />
            </Method>
            <Method visited="false" cyclomaticComplexity="1" nPathComplexity="0" sequenceCoverage="0" branchCoverage="0" isConstructor="true" isStatic="false" isGetter="false" isSetter="false">
              <Summary numSequencePoints="0" visitedSequencePoints="0" numBranchPoints="0" visitedBranchPoints="0" sequenceCoverage="0" branchCoverage="0" maxCyclomaticComplexity="1" minCyclomaticComplexity="1" visitedClasses="0" numClasses="0" visitedMethods="0" numMethods="0" />
              <MetadataToken>100663300</MetadataToken>
              <Name>System.Void &lt;&gt;f__AnonymousType0`3::.ctor(&lt;controller&gt;j__TPar,&lt;action&gt;j__TPar,&lt;id&gt;j__TPar)</Name>
              <SequencePoints />
              <BranchPoints />
              <MethodPoint vc="0" uspid="4" ordinal="0" offset="0" />
            </Method>
            <Method visited="false" cyclomaticComplexity="4" nPathComplexity="0" sequenceCoverage="0" branchCoverage="0" isConstructor="false" isStatic="false" isGetter="false" isSetter="false">
              <Summary numSequencePoints="0" visitedSequencePoints="0" numBranchPoints="0" visitedBranchPoints="0" sequenceCoverage="0" branchCoverage="0" maxCyclomaticComplexity="4" minCyclomaticComplexity="4" visitedClasses="0" numClasses="0" visitedMethods="0" numMethods="0" />
              <MetadataToken>100663301</MetadataToken>
              <Name>System.Boolean &lt;&gt;f__AnonymousType0`3::Equals(System.Object)</Name>
              <SequencePoints />
              <BranchPoints />
              <MethodPoint vc="0" uspid="5" ordinal="0" offset="0" />
            </Method>
            <Method visited="false" cyclomaticComplexity="1" nPathComplexity="0" sequenceCoverage="0" branchCoverage="0" isConstructor="false" isStatic="false" isGetter="false" isSetter="false">
              <Summary numSequencePoints="0" visitedSequencePoints="0" numBranchPoints="0" visitedBranchPoints="0" sequenceCoverage="0" branchCoverage="0" maxCyclomaticComplexity="1" minCyclomaticComplexity="1" visitedClasses="0" numClasses="0" visitedMethods="0" numMethods="0" />
              <MetadataToken>100663302</MetadataToken>
              <Name>System.Int32 &lt;&gt;f__AnonymousType0`3::GetHashCode()</Name>
              <SequencePoints />
              <BranchPoints />
              <MethodPoint vc="0" uspid="6" ordinal="0" offset="0" />
            </Method>
            <Method visited="false" cyclomaticComplexity="10" nPathComplexity="0" sequenceCoverage="0" branchCoverage="0" isConstructor="false" isStatic="false" isGetter="false" isSetter="false">
              <Summary numSequencePoints="0" visitedSequencePoints="0" numBranchPoints="0" visitedBranchPoints="0" sequenceCoverage="0" branchCoverage="0" maxCyclomaticComplexity="10" minCyclomaticComplexity="10" visitedClasses="0" numClasses="0" visitedMethods="0" numMethods="0" />
              <MetadataToken>100663303</MetadataToken>
              <Name>System.String &lt;&gt;f__AnonymousType0`3::ToString()</Name>
              <SequencePoints />
              <BranchPoints />
              <MethodPoint vc="0" uspid="7" ordinal="0" offset="0" />
            </Method>
          </Methods>
        </Class>
        <Class>
          <Summary numSequencePoints="0" visitedSequencePoints="0" numBranchPoints="0" visitedBranchPoints="0" sequenceCoverage="0" branchCoverage="0" maxCyclomaticComplexity="4" minCyclomaticComplexity="1" visitedClasses="0" numClasses="0" visitedMethods="0" numMethods="0" />
          <FullName>&lt;&gt;f__AnonymousType1`1</FullName>
          <Methods>
            <Method visited="false" cyclomaticComplexity="1" nPathComplexity="0" sequenceCoverage="0" branchCoverage="0" isConstructor="false" isStatic="false" isGetter="true" isSetter="false">
              <Summary numSequencePoints="0" visitedSequencePoints="0" numBranchPoints="0" visitedBranchPoints="0" sequenceCoverage="0" branchCoverage="0" maxCyclomaticComplexity="1" minCyclomaticComplexity="1" visitedClasses="0" numClasses="0" visitedMethods="0" numMethods="0" />
              <MetadataToken>100663304</MetadataToken>
              <Name>&lt;id&gt;j__TPar &lt;&gt;f__AnonymousType1`1::get_id()</Name>
              <SequencePoints />
              <BranchPoints />
              <MethodPoint vc="0" uspid="8" ordinal="0" offset="0" />
            </Method>
            <Method visited="false" cyclomaticComplexity="1" nPathComplexity="0" sequenceCoverage="0" branchCoverage="0" isConstructor="true" isStatic="false" isGetter="false" isSetter="false">
              <Summary numSequencePoints="0" visitedSequencePoints="0" numBranchPoints="0" visitedBranchPoints="0" sequenceCoverage="0" branchCoverage="0" maxCyclomaticComplexity="1" minCyclomaticComplexity="1" visitedClasses="0" numClasses="0" visitedMethods="0" numMethods="0" />
              <MetadataToken>100663305</MetadataToken>
              <Name>System.Void &lt;&gt;f__AnonymousType1`1::.ctor(&lt;id&gt;j__TPar)</Name>
              <SequencePoints />
              <BranchPoints />
              <MethodPoint vc="0" uspid="9" ordinal="0" offset="0" />
            </Method>
            <Method visited="false" cyclomaticComplexity="2" nPathComplexity="0" sequenceCoverage="0" branchCoverage="0" isConstructor="false" isStatic="false" isGetter="false" isSetter="false">
              <Summary numSequencePoints="0" visitedSequencePoints="0" numBranchPoints="0" visitedBranchPoints="0" sequenceCoverage="0" branchCoverage="0" maxCyclomaticComplexity="2" minCyclomaticComplexity="2" visitedClasses="0" numClasses="0" visitedMethods="0" numMethods="0" />
              <MetadataToken>100663306</MetadataToken>
              <Name>System.Boolean &lt;&gt;f__AnonymousType1`1::Equals(System.Object)</Name>
              <SequencePoints />
              <BranchPoints />
              <MethodPoint vc="0" uspid="10" ordinal="0" offset="0" />
            </Method>
            <Method visited="false" cyclomaticComplexity="1" nPathComplexity="0" sequenceCoverage="0" branchCoverage="0" isConstructor="false" isStatic="false" isGetter="false" isSetter="false">
              <Summary numSequencePoints="0" visitedSequencePoints="0" numBranchPoints="0" visitedBranchPoints="0" sequenceCoverage="0" branchCoverage="0" maxCyclomaticComplexity="1" minCyclomaticComplexity="1" visitedClasses="0" numClasses="0" visitedMethods="0" numMethods="0" />
              <MetadataToken>100663307</MetadataToken>
              <Name>System.Int32 &lt;&gt;f__AnonymousType1`1::GetHashCode()</Name>
              <SequencePoints />
              <BranchPoints />
              <MethodPoint vc="0" uspid="11" ordinal="0" offset="0" />
            </Method>
            <Method visited="false" cyclomaticComplexity="4" nPathComplexity="0" sequenceCoverage="0" branchCoverage="0" isConstructor="false" isStatic="false" isGetter="false" isSetter="false">
              <Summary numSequencePoints="0" visitedSequencePoints="0" numBranchPoints="0" visitedBranchPoints="0" sequenceCoverage="0" branchCoverage="0" maxCyclomaticComplexity="4" minCyclomaticComplexity="4" visitedClasses="0" numClasses="0" visitedMethods="0" numMethods="0" />
              <MetadataToken>100663308</MetadataToken>
              <Name>System.String &lt;&gt;f__AnonymousType1`1::ToString()</Name>
              <SequencePoints />
              <BranchPoints />
              <MethodPoint vc="0" uspid="12" ordinal="0" offset="0" />
            </Method>
          </Methods>
        </Class>
        <Class skippedDueTo="Filter">
          <FullName>WebApp.FilterConfig</FullName>
          <Methods />
        </Class>
        <Class skippedDueTo="Filter">
          <FullName>WebApp.RouteConfig</FullName>
          <Methods />
        </Class>
        <Class skippedDueTo="Filter">
          <FullName>WebApp.SwaggerConfig</FullName>
          <Methods />
        </Class>
        <Class>
          <Summary numSequencePoints="5" visitedSequencePoints="0" numBranchPoints="2" visitedBranchPoints="0" sequenceCoverage="0" branchCoverage="0" maxCyclomaticComplexity="1" minCyclomaticComplexity="1" visitedClasses="0" numClasses="1" visitedMethods="0" numMethods="2" />
          <FullName>WebApp.SwaggerConfig/&lt;&gt;c</FullName>
          <Methods>
            <Method visited="false" cyclomaticComplexity="1" nPathComplexity="0" sequenceCoverage="0" branchCoverage="0" isConstructor="true" isStatic="true" isGetter="false" isSetter="false">
              <Summary numSequencePoints="0" visitedSequencePoints="0" numBranchPoints="0" visitedBranchPoints="0" sequenceCoverage="0" branchCoverage="0" maxCyclomaticComplexity="1" minCyclomaticComplexity="1" visitedClasses="0" numClasses="0" visitedMethods="0" numMethods="0" />
              <MetadataToken>100663358</MetadataToken>
              <Name>System.Void WebApp.SwaggerConfig/&lt;&gt;c::.cctor()</Name>
              <SequencePoints />
              <BranchPoints />
              <MethodPoint vc="0" uspid="13" ordinal="0" offset="0" />
            </Method>
            <Method visited="false" cyclomaticComplexity="1" nPathComplexity="0" sequenceCoverage="0" branchCoverage="0" isConstructor="true" isStatic="false" isGetter="false" isSetter="false">
              <Summary numSequencePoints="0" visitedSequencePoints="0" numBranchPoints="0" visitedBranchPoints="0" sequenceCoverage="0" branchCoverage="0" maxCyclomaticComplexity="1" minCyclomaticComplexity="1" visitedClasses="0" numClasses="0" visitedMethods="0" numMethods="0" />
              <MetadataToken>100663359</MetadataToken>
              <Name>System.Void WebApp.SwaggerConfig/&lt;&gt;c::.ctor()</Name>
              <SequencePoints />
              <BranchPoints />
              <MethodPoint vc="0" uspid="14" ordinal="0" offset="0" />
            </Method>
            <Method visited="false" cyclomaticComplexity="1" nPathComplexity="0" sequenceCoverage="0" branchCoverage="0" isConstructor="false" isStatic="false" isGetter="false" isSetter="false">
              <Summary numSequencePoints="3" visitedSequencePoints="0" numBranchPoints="1" visitedBranchPoints="0" sequenceCoverage="0" branchCoverage="0" maxCyclomaticComplexity="1" minCyclomaticComplexity="1" visitedClasses="0" numClasses="0" visitedMethods="0" numMethods="1" />
              <MetadataToken>100663360</MetadataToken>
              <Name>System.Void WebApp.SwaggerConfig/&lt;&gt;c::&lt;Register&gt;b__0_0(Swashbuckle.Application.SwaggerDocsConfig)</Name>
              <FileRef uid="1" />
              <SequencePoints>
                <SequencePoint vc="0" uspid="15" ordinal="0" offset="0" sl="18" sc="21" el="18" ec="22" bec="0" bev="0" fileid="1" />
                <SequencePoint vc="0" uspid="16" ordinal="1" offset="1" sl="35" sc="25" el="35" ec="69" bec="0" bev="0" fileid="1" />
                <SequencePoint vc="0" uspid="17" ordinal="2" offset="18" sl="179" sc="21" el="179" ec="22" bec="0" bev="0" fileid="1" />
              </SequencePoints>
              <BranchPoints />
              <MethodPoint xsi:type="SequencePoint" vc="0" uspid="15" ordinal="0" offset="0" sl="18" sc="21" el="18" ec="22" bec="0" bev="0" fileid="1" />
            </Method>
            <Method visited="false" cyclomaticComplexity="1" nPathComplexity="0" sequenceCoverage="0" branchCoverage="0" isConstructor="false" isStatic="false" isGetter="false" isSetter="false">
              <Summary numSequencePoints="2" visitedSequencePoints="0" numBranchPoints="1" visitedBranchPoints="0" sequenceCoverage="0" branchCoverage="0" maxCyclomaticComplexity="1" minCyclomaticComplexity="1" visitedClasses="0" numClasses="0" visitedMethods="0" numMethods="1" />
              <MetadataToken>100663361</MetadataToken>
              <Name>System.Void WebApp.SwaggerConfig/&lt;&gt;c::&lt;Register&gt;b__0_1(Swashbuckle.Application.SwaggerUiConfig)</Name>
              <FileRef uid="1" />
              <SequencePoints>
                <SequencePoint vc="0" uspid="18" ordinal="0" offset="0" sl="181" sc="21" el="181" ec="22" bec="0" bev="0" fileid="1" />
                <SequencePoint vc="0" uspid="19" ordinal="1" offset="1" sl="252" sc="21" el="252" ec="22" bec="0" bev="0" fileid="1" />
              </SequencePoints>
              <BranchPoints />
              <MethodPoint xsi:type="SequencePoint" vc="0" uspid="18" ordinal="0" offset="0" sl="181" sc="21" el="181" ec="22" bec="0" bev="0" fileid="1" />
            </Method>
          </Methods>
        </Class>
        <Class skippedDueTo="Filter">
          <FullName>WebApp.WebApiConfig</FullName>
          <Methods />
        </Class>
        <Class skippedDueTo="Filter">
          <FullName>WebApp.AutoMapperConfig</FullName>
          <Methods />
        </Class>
        <Class>
          <Summary numSequencePoints="18" visitedSequencePoints="18" numBranchPoints="9" visitedBranchPoints="9" sequenceCoverage="100" branchCoverage="100" maxCyclomaticComplexity="9" minCyclomaticComplexity="1" visitedClasses="1" numClasses="1" visitedMethods="9" numMethods="9" />
          <FullName>WebApp.AutoMapperConfig/&lt;&gt;c</FullName>
          <Methods>
            <Method visited="true" cyclomaticComplexity="1" nPathComplexity="0" sequenceCoverage="0" branchCoverage="0" isConstructor="true" isStatic="true" isGetter="false" isSetter="false">
              <Summary numSequencePoints="0" visitedSequencePoints="0" numBranchPoints="0" visitedBranchPoints="0" sequenceCoverage="0" branchCoverage="0" maxCyclomaticComplexity="1" minCyclomaticComplexity="1" visitedClasses="0" numClasses="0" visitedMethods="0" numMethods="0" />
              <MetadataToken>100663362</MetadataToken>
              <Name>System.Void WebApp.AutoMapperConfig/&lt;&gt;c::.cctor()</Name>
              <SequencePoints />
              <BranchPoints />
              <MethodPoint vc="1" uspid="20" ordinal="0" offset="0" />
            </Method>
            <Method visited="true" cyclomaticComplexity="1" nPathComplexity="0" sequenceCoverage="0" branchCoverage="0" isConstructor="true" isStatic="false" isGetter="false" isSetter="false">
              <Summary numSequencePoints="0" visitedSequencePoints="0" numBranchPoints="0" visitedBranchPoints="0" sequenceCoverage="0" branchCoverage="0" maxCyclomaticComplexity="1" minCyclomaticComplexity="1" visitedClasses="0" numClasses="0" visitedMethods="0" numMethods="0" />
              <MetadataToken>100663363</MetadataToken>
              <Name>System.Void WebApp.AutoMapperConfig/&lt;&gt;c::.ctor()</Name>
              <SequencePoints />
              <BranchPoints />
              <MethodPoint vc="1" uspid="21" ordinal="0" offset="0" />
            </Method>
            <Method visited="true" cyclomaticComplexity="9" nPathComplexity="0" sequenceCoverage="100" branchCoverage="100" isConstructor="false" isStatic="false" isGetter="false" isSetter="false">
              <Summary numSequencePoints="10" visitedSequencePoints="10" numBranchPoints="1" visitedBranchPoints="1" sequenceCoverage="100" branchCoverage="100" maxCyclomaticComplexity="9" minCyclomaticComplexity="9" visitedClasses="0" numClasses="0" visitedMethods="1" numMethods="1" />
              <MetadataToken>100663364</MetadataToken>
              <Name>System.Void WebApp.AutoMapperConfig/&lt;&gt;c::&lt;Initialize&gt;b__0_0(AutoMapper.IMapperConfigurationExpression)</Name>
              <FileRef uid="2" />
              <SequencePoints>
                <SequencePoint vc="1" uspid="22" ordinal="0" offset="0" sl="13" sc="13" el="13" ec="14" bec="0" bev="0" fileid="2" />
                <SequencePoint vc="1" uspid="23" ordinal="1" offset="1" sl="14" sc="17" el="14" ec="48" bec="0" bev="0" fileid="2" />
                <SequencePoint vc="1" uspid="24" ordinal="2" offset="8" sl="15" sc="17" el="15" ec="48" bec="0" bev="0" fileid="2" />
                <SequencePoint vc="1" uspid="25" ordinal="3" offset="15" sl="17" sc="17" el="19" ec="97" bec="0" bev="0" fileid="2" />
                <SequencePoint vc="1" uspid="26" ordinal="4" offset="208" sl="21" sc="17" el="23" ec="96" bec="0" bev="0" fileid="2" />
                <SequencePoint vc="1" uspid="27" ordinal="5" offset="401" sl="25" sc="17" el="27" ec="97" bec="0" bev="0" fileid="2" />
                <SequencePoint vc="1" uspid="28" ordinal="6" offset="594" sl="29" sc="17" el="31" ec="96" bec="0" bev="0" fileid="2" />
                <SequencePoint vc="1" uspid="29" ordinal="7" offset="787" sl="33" sc="17" el="33" ec="60" bec="0" bev="0" fileid="2" />
                <SequencePoint vc="1" uspid="30" ordinal="8" offset="794" sl="34" sc="17" el="34" ec="60" bec="0" bev="0" fileid="2" />
                <SequencePoint vc="1" uspid="31" ordinal="9" offset="801" sl="35" sc="13" el="35" ec="14" bec="0" bev="0" fileid="2" />
              </SequencePoints>
              <BranchPoints />
              <MethodPoint xsi:type="SequencePoint" vc="1" uspid="22" ordinal="0" offset="0" sl="13" sc="13" el="13" ec="14" bec="0" bev="0" fileid="2" />
            </Method>
            <Method visited="true" cyclomaticComplexity="1" nPathComplexity="0" sequenceCoverage="100" branchCoverage="100" isConstructor="false" isStatic="false" isGetter="false" isSetter="false">
              <Summary numSequencePoints="1" visitedSequencePoints="1" numBranchPoints="1" visitedBranchPoints="1" sequenceCoverage="100" branchCoverage="100" maxCyclomaticComplexity="1" minCyclomaticComplexity="1" visitedClasses="0" numClasses="0" visitedMethods="1" numMethods="1" />
              <MetadataToken>100663365</MetadataToken>
              <Name>System.Void WebApp.AutoMapperConfig/&lt;&gt;c::&lt;Initialize&gt;b__0_2(AutoMapper.IMemberConfigurationExpression`3&lt;BusinessTier.Models.Project,ProjectManager.Api.Extension.DTO.ProjectDto,System.String&gt;)</Name>
              <FileRef uid="2" />
              <SequencePoints>
                <SequencePoint vc="1" uspid="48" ordinal="0" offset="0" sl="18" sc="53" el="18" ec="99" bec="0" bev="0" fileid="2" />
              </SequencePoints>
              <BranchPoints />
              <MethodPoint xsi:type="SequencePoint" vc="1" uspid="48" ordinal="0" offset="0" sl="18" sc="53" el="18" ec="99" bec="0" bev="0" fileid="2" />
            </Method>
            <Method visited="true" cyclomaticComplexity="1" nPathComplexity="0" sequenceCoverage="100" branchCoverage="100" isConstructor="false" isStatic="false" isGetter="false" isSetter="false">
              <Summary numSequencePoints="1" visitedSequencePoints="1" numBranchPoints="1" visitedBranchPoints="1" sequenceCoverage="100" branchCoverage="100" maxCyclomaticComplexity="1" minCyclomaticComplexity="1" visitedClasses="0" numClasses="0" visitedMethods="1" numMethods="1" />
              <MetadataToken>100663366</MetadataToken>
              <Name>System.Void WebApp.AutoMapperConfig/&lt;&gt;c::&lt;Initialize&gt;b__0_4(AutoMapper.IMemberConfigurationExpression`3&lt;BusinessTier.Models.Project,ProjectManager.Api.Extension.DTO.ProjectDto,System.String&gt;)</Name>
              <FileRef uid="2" />
              <SequencePoints>
                <SequencePoint vc="1" uspid="49" ordinal="0" offset="0" sl="19" sc="51" el="19" ec="95" bec="0" bev="0" fileid="2" />
              </SequencePoints>
              <BranchPoints />
              <MethodPoint xsi:type="SequencePoint" vc="1" uspid="49" ordinal="0" offset="0" sl="19" sc="51" el="19" ec="95" bec="0" bev="0" fileid="2" />
            </Method>
            <Method visited="true" cyclomaticComplexity="1" nPathComplexity="0" sequenceCoverage="100" branchCoverage="100" isConstructor="false" isStatic="false" isGetter="false" isSetter="false">
              <Summary numSequencePoints="1" visitedSequencePoints="1" numBranchPoints="1" visitedBranchPoints="1" sequenceCoverage="100" branchCoverage="100" maxCyclomaticComplexity="1" minCyclomaticComplexity="1" visitedClasses="0" numClasses="0" visitedMethods="1" numMethods="1" />
              <MetadataToken>100663367</MetadataToken>
              <Name>System.Void WebApp.AutoMapperConfig/&lt;&gt;c::&lt;Initialize&gt;b__0_6(AutoMapper.IMemberConfigurationExpression`3&lt;ProjectManager.Api.Extension.DTO.ProjectDto,BusinessTier.Models.Project,System.DateTime&gt;)</Name>
              <FileRef uid="2" />
              <SequencePoints>
                <SequencePoint vc="1" uspid="50" ordinal="0" offset="0" sl="22" sc="52" el="22" ec="98" bec="0" bev="0" fileid="2" />
              </SequencePoints>
              <BranchPoints />
              <MethodPoint xsi:type="SequencePoint" vc="1" uspid="50" ordinal="0" offset="0" sl="22" sc="52" el="22" ec="98" bec="0" bev="0" fileid="2" />
            </Method>
            <Method visited="true" cyclomaticComplexity="1" nPathComplexity="0" sequenceCoverage="100" branchCoverage="100" isConstructor="false" isStatic="false" isGetter="false" isSetter="false">
              <Summary numSequencePoints="1" visitedSequencePoints="1" numBranchPoints="1" visitedBranchPoints="1" sequenceCoverage="100" branchCoverage="100" maxCyclomaticComplexity="1" minCyclomaticComplexity="1" visitedClasses="0" numClasses="0" visitedMethods="1" numMethods="1" />
              <MetadataToken>100663368</MetadataToken>
              <Name>System.Void WebApp.AutoMapperConfig/&lt;&gt;c::&lt;Initialize&gt;b__0_8(AutoMapper.IMemberConfigurationExpression`3&lt;ProjectManager.Api.Extension.DTO.ProjectDto,BusinessTier.Models.Project,System.DateTime&gt;)</Name>
              <FileRef uid="2" />
              <SequencePoints>
                <SequencePoint vc="1" uspid="51" ordinal="0" offset="0" sl="23" sc="50" el="23" ec="94" bec="0" bev="0" fileid="2" />
              </SequencePoints>
              <BranchPoints />
              <MethodPoint xsi:type="SequencePoint" vc="1" uspid="51" ordinal="0" offset="0" sl="23" sc="50" el="23" ec="94" bec="0" bev="0" fileid="2" />
            </Method>
            <Method visited="true" cyclomaticComplexity="1" nPathComplexity="0" sequenceCoverage="100" branchCoverage="100" isConstructor="false" isStatic="false" isGetter="false" isSetter="false">
              <Summary numSequencePoints="1" visitedSequencePoints="1" numBranchPoints="1" visitedBranchPoints="1" sequenceCoverage="100" branchCoverage="100" maxCyclomaticComplexity="1" minCyclomaticComplexity="1" visitedClasses="0" numClasses="0" visitedMethods="1" numMethods="1" />
              <MetadataToken>100663369</MetadataToken>
              <Name>System.Void WebApp.AutoMapperConfig/&lt;&gt;c::&lt;Initialize&gt;b__0_10(AutoMapper.IMemberConfigurationExpression`3&lt;BusinessTier.Models.Task,ProjectManager.Api.Extension.DTO.TaskDto,System.String&gt;)</Name>
              <FileRef uid="2" />
              <SequencePoints>
                <SequencePoint vc="1" uspid="52" ordinal="0" offset="0" sl="26" sc="53" el="26" ec="99" bec="0" bev="0" fileid="2" />
              </SequencePoints>
              <BranchPoints />
              <MethodPoint xsi:type="SequencePoint" vc="1" uspid="52" ordinal="0" offset="0" sl="26" sc="53" el="26" ec="99" bec="0" bev="0" fileid="2" />
            </Method>
            <Method visited="true" cyclomaticComplexity="1" nPathComplexity="0" sequenceCoverage="100" branchCoverage="100" isConstructor="false" isStatic="false" isGetter="false" isSetter="false">
              <Summary numSequencePoints="1" visitedSequencePoints="1" numBranchPoints="1" visitedBranchPoints="1" sequenceCoverage="100" branchCoverage="100" maxCyclomaticComplexity="1" minCyclomaticComplexity="1" visitedClasses="0" numClasses="0" visitedMethods="1" numMethods="1" />
              <MetadataToken>100663370</MetadataToken>
              <Name>System.Void WebApp.AutoMapperConfig/&lt;&gt;c::&lt;Initialize&gt;b__0_12(AutoMapper.IMemberConfigurationExpression`3&lt;BusinessTier.Models.Task,ProjectManager.Api.Extension.DTO.TaskDto,System.String&gt;)</Name>
              <FileRef uid="2" />
              <SequencePoints>
                <SequencePoint vc="1" uspid="53" ordinal="0" offset="0" sl="27" sc="51" el="27" ec="95" bec="0" bev="0" fileid="2" />
              </SequencePoints>
              <BranchPoints />
              <MethodPoint xsi:type="SequencePoint" vc="1" uspid="53" ordinal="0" offset="0" sl="27" sc="51" el="27" ec="95" bec="0" bev="0" fileid="2" />
            </Method>
            <Method visited="true" cyclomaticComplexity="1" nPathComplexity="0" sequenceCoverage="100" branchCoverage="100" isConstructor="false" isStatic="false" isGetter="false" isSetter="false">
              <Summary numSequencePoints="1" visitedSequencePoints="1" numBranchPoints="1" visitedBranchPoints="1" sequenceCoverage="100" branchCoverage="100" maxCyclomaticComplexity="1" minCyclomaticComplexity="1" visitedClasses="0" numClasses="0" visitedMethods="1" numMethods="1" />
              <MetadataToken>100663371</MetadataToken>
              <Name>System.Void WebApp.AutoMapperConfig/&lt;&gt;c::&lt;Initialize&gt;b__0_14(AutoMapper.IMemberConfigurationExpression`3&lt;ProjectManager.Api.Extension.DTO.TaskDto,BusinessTier.Models.Task,System.DateTime&gt;)</Name>
              <FileRef uid="2" />
              <SequencePoints>
                <SequencePoint vc="1" uspid="54" ordinal="0" offset="0" sl="30" sc="52" el="30" ec="98" bec="0" bev="0" fileid="2" />
              </SequencePoints>
              <BranchPoints />
              <MethodPoint xsi:type="SequencePoint" vc="1" uspid="54" ordinal="0" offset="0" sl="30" sc="52" el="30" ec="98" bec="0" bev="0" fileid="2" />
            </Method>
            <Method visited="true" cyclomaticComplexity="1" nPathComplexity="0" sequenceCoverage="100" branchCoverage="100" isConstructor="false" isStatic="false" isGetter="false" isSetter="false">
              <Summary numSequencePoints="1" visitedSequencePoints="1" numBranchPoints="1" visitedBranchPoints="1" sequenceCoverage="100" branchCoverage="100" maxCyclomaticComplexity="1" minCyclomaticComplexity="1" visitedClasses="0" numClasses="0" visitedMethods="1" numMethods="1" />
              <MetadataToken>100663372</MetadataToken>
              <Name>System.Void WebApp.AutoMapperConfig/&lt;&gt;c::&lt;Initialize&gt;b__0_16(AutoMapper.IMemberConfigurationExpression`3&lt;ProjectManager.Api.Extension.DTO.TaskDto,BusinessTier.Models.Task,System.DateTime&gt;)</Name>
              <FileRef uid="2" />
              <SequencePoints>
                <SequencePoint vc="1" uspid="55" ordinal="0" offset="0" sl="31" sc="50" el="31" ec="94" bec="0" bev="0" fileid="2" />
              </SequencePoints>
              <BranchPoints />
              <MethodPoint xsi:type="SequencePoint" vc="1" uspid="55" ordinal="0" offset="0" sl="31" sc="50" el="31" ec="94" bec="0" bev="0" fileid="2" />
            </Method>
          </Methods>
        </Class>
        <Class>
          <Summary numSequencePoints="8" visitedSequencePoints="0" numBranchPoints="1" visitedBranchPoints="0" sequenceCoverage="0" branchCoverage="0" maxCyclomaticComplexity="1" minCyclomaticComplexity="1" visitedClasses="0" numClasses="1" visitedMethods="0" numMethods="1" />
          <FullName>WebApp.WebApiApplication</FullName>
          <Methods>
            <Method visited="false" cyclomaticComplexity="1" nPathComplexity="0" sequenceCoverage="0" branchCoverage="0" isConstructor="false" isStatic="false" isGetter="false" isSetter="false">
              <Summary numSequencePoints="8" visitedSequencePoints="0" numBranchPoints="1" visitedBranchPoints="0" sequenceCoverage="0" branchCoverage="0" maxCyclomaticComplexity="1" minCyclomaticComplexity="1" visitedClasses="0" numClasses="0" visitedMethods="0" numMethods="1" />
              <MetadataToken>100663317</MetadataToken>
              <Name>System.Void WebApp.WebApiApplication::Application_Start()</Name>
              <FileRef uid="3" />
              <SequencePoints>
                <SequencePoint vc="0" uspid="56" ordinal="0" offset="0" sl="12" sc="9" el="12" ec="10" bec="0" bev="0" fileid="3" />
                <SequencePoint vc="0" uspid="57" ordinal="1" offset="1" sl="13" sc="13" el="13" ec="49" bec="0" bev="0" fileid="3" />
                <SequencePoint vc="0" uspid="58" ordinal="2" offset="7" sl="14" sc="13" el="14" ec="66" bec="0" bev="0" fileid="3" />
                <SequencePoint vc="0" uspid="59" ordinal="3" offset="25" sl="15" sc="13" el="15" ec="71" bec="0" bev="0" fileid="3" />
                <SequencePoint vc="0" uspid="60" ordinal="4" offset="36" sl="16" sc="13" el="16" ec="59" bec="0" bev="0" fileid="3" />
                <SequencePoint vc="0" uspid="61" ordinal="5" offset="47" sl="22" sc="13" el="22" ec="43" bec="0" bev="0" fileid="3" />
                <SequencePoint vc="0" uspid="62" ordinal="6" offset="53" sl="25" sc="13" el="25" ec="40" bec="0" bev="0" fileid="3" />
                <SequencePoint vc="0" uspid="63" ordinal="7" offset="59" sl="27" sc="9" el="27" ec="10" bec="0" bev="0" fileid="3" />
              </SequencePoints>
              <BranchPoints />
              <MethodPoint xsi:type="SequencePoint" vc="0" uspid="56" ordinal="0" offset="0" sl="12" sc="9" el="12" ec="10" bec="0" bev="0" fileid="3" />
            </Method>
            <Method visited="false" cyclomaticComplexity="1" nPathComplexity="0" sequenceCoverage="0" branchCoverage="0" isConstructor="true" isStatic="false" isGetter="false" isSetter="false">
              <Summary numSequencePoints="0" visitedSequencePoints="0" numBranchPoints="0" visitedBranchPoints="0" sequenceCoverage="0" branchCoverage="0" maxCyclomaticComplexity="1" minCyclomaticComplexity="1" visitedClasses="0" numClasses="0" visitedMethods="0" numMethods="0" />
              <MetadataToken>100663318</MetadataToken>
              <Name>System.Void WebApp.WebApiApplication::.ctor()</Name>
              <SequencePoints />
              <BranchPoints />
              <MethodPoint vc="0" uspid="64" ordinal="0" offset="0" />
            </Method>
          </Methods>
        </Class>
        <Class skippedDueTo="Filter">
          <FullName>WebApp.SerilogConfig</FullName>
          <Methods />
        </Class>
        <Class>
          <Summary numSequencePoints="31" visitedSequencePoints="0" numBranchPoints="8" visitedBranchPoints="0" sequenceCoverage="0" branchCoverage="0" maxCyclomaticComplexity="2" minCyclomaticComplexity="1" visitedClasses="0" numClasses="1" visitedMethods="0" numMethods="6" />
          <FullName>WebApp.UnityResolver</FullName>
          <Methods>
            <Method visited="false" cyclomaticComplexity="2" nPathComplexity="2" sequenceCoverage="0" branchCoverage="0" isConstructor="true" isStatic="false" isGetter="false" isSetter="false">
              <Summary numSequencePoints="7" visitedSequencePoints="0" numBranchPoints="3" visitedBranchPoints="0" sequenceCoverage="0" branchCoverage="0" maxCyclomaticComplexity="2" minCyclomaticComplexity="2" visitedClasses="0" numClasses="0" visitedMethods="0" numMethods="1" />
              <MetadataToken>100663321</MetadataToken>
              <Name>System.Void WebApp.UnityResolver::.ctor(Unity.IUnityContainer)</Name>
              <FileRef uid="4" />
              <SequencePoints>
                <SequencePoint vc="0" uspid="65" ordinal="0" offset="0" sl="14" sc="9" el="14" ec="56" bec="0" bev="0" fileid="4" />
                <SequencePoint vc="0" uspid="66" ordinal="1" offset="7" sl="15" sc="9" el="15" ec="10" bec="0" bev="0" fileid="4" />
                <SequencePoint vc="0" uspid="67" ordinal="2" offset="8" sl="16" sc="13" el="16" ec="35" bec="2" bev="0" fileid="4" />
                <SequencePoint vc="0" uspid="68" ordinal="3" offset="16" sl="17" sc="13" el="17" ec="14" bec="0" bev="0" fileid="4" />
                <SequencePoint vc="0" uspid="69" ordinal="4" offset="17" sl="18" sc="17" el="18" ec="62" bec="0" bev="0" fileid="4" />
                <SequencePoint vc="0" uspid="70" ordinal="5" offset="28" sl="20" sc="13" el="20" ec="40" bec="0" bev="0" fileid="4" />
                <SequencePoint vc="0" uspid="71" ordinal="6" offset="35" sl="21" sc="9" el="21" ec="10" bec="0" bev="0" fileid="4" />
              </SequencePoints>
              <BranchPoints>
                <BranchPoint vc="0" uspid="72" ordinal="0" offset="14" sl="16" path="0" offsetend="16" fileid="4" />
                <BranchPoint vc="0" uspid="73" ordinal="1" offset="14" sl="16" path="1" offsetend="28" fileid="4" />
              </BranchPoints>
              <MethodPoint xsi:type="SequencePoint" vc="0" uspid="65" ordinal="0" offset="0" sl="14" sc="9" el="14" ec="56" bec="0" bev="0" fileid="4" />
            </Method>
            <Method visited="false" cyclomaticComplexity="1" nPathComplexity="0" sequenceCoverage="0" branchCoverage="0" isConstructor="false" isStatic="false" isGetter="false" isSetter="false">
              <Summary numSequencePoints="7" visitedSequencePoints="0" numBranchPoints="1" visitedBranchPoints="0" sequenceCoverage="0" branchCoverage="0" maxCyclomaticComplexity="1" minCyclomaticComplexity="1" visitedClasses="0" numClasses="0" visitedMethods="0" numMethods="1" />
              <MetadataToken>100663322</MetadataToken>
              <Name>System.Object WebApp.UnityResolver::GetService(System.Type)</Name>
              <FileRef uid="4" />
              <SequencePoints>
                <SequencePoint vc="0" uspid="74" ordinal="0" offset="0" sl="24" sc="9" el="24" ec="10" bec="0" bev="0" fileid="4" />
                <SequencePoint vc="0" uspid="75" ordinal="1" offset="1" sl="26" sc="13" el="26" ec="14" bec="0" bev="0" fileid="4" />
                <SequencePoint vc="0" uspid="76" ordinal="2" offset="2" sl="27" sc="17" el="27" ec="55" bec="0" bev="0" fileid="4" />
                <SequencePoint vc="0" uspid="77" ordinal="3" offset="22" sl="29" sc="13" el="29" ec="46" bec="0" bev="0" fileid="4" />
                <SequencePoint vc="0" uspid="78" ordinal="4" offset="23" sl="30" sc="13" el="30" ec="14" bec="0" bev="0" fileid="4" />
                <SequencePoint vc="0" uspid="79" ordinal="5" offset="24" sl="31" sc="17" el="31" ec="29" bec="0" bev="0" fileid="4" />
                <SequencePoint vc="0" uspid="80" ordinal="6" offset="28" sl="33" sc="9" el="33" ec="10" bec="0" bev="0" fileid="4" />
              </SequencePoints>
              <BranchPoints />
              <MethodPoint xsi:type="SequencePoint" vc="0" uspid="74" ordinal="0" offset="0" sl="24" sc="9" el="24" ec="10" bec="0" bev="0" fileid="4" />
            </Method>
            <Method visited="false" cyclomaticComplexity="1" nPathComplexity="0" sequenceCoverage="0" branchCoverage="0" isConstructor="false" isStatic="false" isGetter="false" isSetter="false">
              <Summary numSequencePoints="7" visitedSequencePoints="0" numBranchPoints="1" visitedBranchPoints="0" sequenceCoverage="0" branchCoverage="0" maxCyclomaticComplexity="1" minCyclomaticComplexity="1" visitedClasses="0" numClasses="0" visitedMethods="0" numMethods="1" />
              <MetadataToken>100663323</MetadataToken>
              <Name>System.Collections.Generic.IEnumerable`1&lt;System.Object&gt; WebApp.UnityResolver::GetServices(System.Type)</Name>
              <FileRef uid="4" />
              <SequencePoints>
                <SequencePoint vc="0" uspid="81" ordinal="0" offset="0" sl="36" sc="9" el="36" ec="10" bec="0" bev="0" fileid="4" />
                <SequencePoint vc="0" uspid="82" ordinal="1" offset="1" sl="38" sc="13" el="38" ec="14" bec="0" bev="0" fileid="4" />
                <SequencePoint vc="0" uspid="83" ordinal="2" offset="2" sl="39" sc="17" el="39" ec="58" bec="0" bev="0" fileid="4" />
                <SequencePoint vc="0" uspid="84" ordinal="3" offset="22" sl="41" sc="13" el="41" ec="46" bec="0" bev="0" fileid="4" />
                <SequencePoint vc="0" uspid="85" ordinal="4" offset="23" sl="42" sc="13" el="42" ec="14" bec="0" bev="0" fileid="4" />
                <SequencePoint vc="0" uspid="86" ordinal="5" offset="24" sl="43" sc="17" el="43" ec="43" bec="0" bev="0" fileid="4" />
                <SequencePoint vc="0" uspid="87" ordinal="6" offset="32" sl="45" sc="9" el="45" ec="10" bec="0" bev="0" fileid="4" />
              </SequencePoints>
              <BranchPoints />
              <MethodPoint xsi:type="SequencePoint" vc="0" uspid="81" ordinal="0" offset="0" sl="36" sc="9" el="36" ec="10" bec="0" bev="0" fileid="4" />
            </Method>
            <Method visited="false" cyclomaticComplexity="1" nPathComplexity="0" sequenceCoverage="0" branchCoverage="0" isConstructor="false" isStatic="false" isGetter="false" isSetter="false">
              <Summary numSequencePoints="4" visitedSequencePoints="0" numBranchPoints="1" visitedBranchPoints="0" sequenceCoverage="0" branchCoverage="0" maxCyclomaticComplexity="1" minCyclomaticComplexity="1" visitedClasses="0" numClasses="0" visitedMethods="0" numMethods="1" />
              <MetadataToken>100663324</MetadataToken>
              <Name>System.Web.Http.Dependencies.IDependencyScope WebApp.UnityResolver::BeginScope()</Name>
              <FileRef uid="4" />
              <SequencePoints>
                <SequencePoint vc="0" uspid="88" ordinal="0" offset="0" sl="48" sc="9" el="48" ec="10" bec="0" bev="0" fileid="4" />
                <SequencePoint vc="0" uspid="89" ordinal="1" offset="1" sl="49" sc="13" el="49" ec="58" bec="0" bev="0" fileid="4" />
                <SequencePoint vc="0" uspid="90" ordinal="2" offset="13" sl="50" sc="13" el="50" ec="45" bec="0" bev="0" fileid="4" />
                <SequencePoint vc="0" uspid="91" ordinal="3" offset="22" sl="51" sc="9" el="51" ec="10" bec="0" bev="0" fileid="4" />
              </SequencePoints>
              <BranchPoints />
              <MethodPoint xsi:type="SequencePoint" vc="0" uspid="88" ordinal="0" offset="0" sl="48" sc="9" el="48" ec="10" bec="0" bev="0" fileid="4" />
            </Method>
            <Method visited="false" cyclomaticComplexity="1" nPathComplexity="0" sequenceCoverage="0" branchCoverage="0" isConstructor="false" isStatic="false" isGetter="false" isSetter="false">
              <Summary numSequencePoints="3" visitedSequencePoints="0" numBranchPoints="1" visitedBranchPoints="0" sequenceCoverage="0" branchCoverage="0" maxCyclomaticComplexity="1" minCyclomaticComplexity="1" visitedClasses="0" numClasses="0" visitedMethods="0" numMethods="1" />
              <MetadataToken>100663325</MetadataToken>
              <Name>System.Void WebApp.UnityResolver::Dispose()</Name>
              <FileRef uid="4" />
              <SequencePoints>
                <SequencePoint vc="0" uspid="92" ordinal="0" offset="0" sl="54" sc="9" el="54" ec="10" bec="0" bev="0" fileid="4" />
                <SequencePoint vc="0" uspid="93" ordinal="1" offset="1" sl="55" sc="13" el="55" ec="27" bec="0" bev="0" fileid="4" />
                <SequencePoint vc="0" uspid="94" ordinal="2" offset="9" sl="56" sc="9" el="56" ec="10" bec="0" bev="0" fileid="4" />
              </SequencePoints>
              <BranchPoints />
              <MethodPoint xsi:type="SequencePoint" vc="0" uspid="92" ordinal="0" offset="0" sl="54" sc="9" el="54" ec="10" bec="0" bev="0" fileid="4" />
            </Method>
            <Method visited="false" cyclomaticComplexity="1" nPathComplexity="0" sequenceCoverage="0" branchCoverage="0" isConstructor="false" isStatic="false" isGetter="false" isSetter="false">
              <Summary numSequencePoints="3" visitedSequencePoints="0" numBranchPoints="1" visitedBranchPoints="0" sequenceCoverage="0" branchCoverage="0" maxCyclomaticComplexity="1" minCyclomaticComplexity="1" visitedClasses="0" numClasses="0" visitedMethods="0" numMethods="1" />
              <MetadataToken>100663326</MetadataToken>
              <Name>System.Void WebApp.UnityResolver::Dispose(System.Boolean)</Name>
              <FileRef uid="4" />
              <SequencePoints>
                <SequencePoint vc="0" uspid="95" ordinal="0" offset="0" sl="59" sc="9" el="59" ec="10" bec="0" bev="0" fileid="4" />
                <SequencePoint vc="0" uspid="96" ordinal="1" offset="1" sl="60" sc="13" el="60" ec="33" bec="0" bev="0" fileid="4" />
                <SequencePoint vc="0" uspid="97" ordinal="2" offset="13" sl="61" sc="9" el="61" ec="10" bec="0" bev="0" fileid="4" />
              </SequencePoints>
              <BranchPoints />
              <MethodPoint xsi:type="SequencePoint" vc="0" uspid="95" ordinal="0" offset="0" sl="59" sc="9" el="59" ec="10" bec="0" bev="0" fileid="4" />
            </Method>
          </Methods>
        </Class>
        <Class>
          <Summary numSequencePoints="4" visitedSequencePoints="0" numBranchPoints="1" visitedBranchPoints="0" sequenceCoverage="0" branchCoverage="0" maxCyclomaticComplexity="1" minCyclomaticComplexity="1" visitedClasses="0" numClasses="1" visitedMethods="0" numMethods="1" />
          <FullName>WebApp.CustomHandler.GlobalExceptionHandler</FullName>
          <Methods>
            <Method visited="false" cyclomaticComplexity="1" nPathComplexity="0" sequenceCoverage="0" branchCoverage="0" isConstructor="false" isStatic="false" isGetter="false" isSetter="false">
              <Summary numSequencePoints="4" visitedSequencePoints="0" numBranchPoints="1" visitedBranchPoints="0" sequenceCoverage="0" branchCoverage="0" maxCyclomaticComplexity="1" minCyclomaticComplexity="1" visitedClasses="0" numClasses="0" visitedMethods="0" numMethods="1" />
              <MetadataToken>100663327</MetadataToken>
              <Name>System.Void WebApp.CustomHandler.GlobalExceptionHandler::Handle(System.Web.Http.ExceptionHandling.ExceptionHandlerContext)</Name>
              <FileRef uid="5" />
              <SequencePoints>
                <SequencePoint vc="0" uspid="98" ordinal="0" offset="0" sl="17" sc="9" el="17" ec="10" bec="0" bev="0" fileid="5" />
                <SequencePoint vc="0" uspid="99" ordinal="1" offset="1" sl="18" sc="13" el="22" ec="15" bec="0" bev="0" fileid="5" />
                <SequencePoint vc="0" uspid="100" ordinal="2" offset="41" sl="24" sc="13" el="24" ec="78" bec="0" bev="0" fileid="5" />
                <SequencePoint vc="0" uspid="101" ordinal="3" offset="60" sl="25" sc="9" el="25" ec="10" bec="0" bev="0" fileid="5" />
              </SequencePoints>
              <BranchPoints />
              <MethodPoint xsi:type="SequencePoint" vc="0" uspid="98" ordinal="0" offset="0" sl="17" sc="9" el="17" ec="10" bec="0" bev="0" fileid="5" />
            </Method>
            <Method visited="false" cyclomaticComplexity="1" nPathComplexity="0" sequenceCoverage="0" branchCoverage="0" isConstructor="true" isStatic="false" isGetter="false" isSetter="false">
              <Summary numSequencePoints="0" visitedSequencePoints="0" numBranchPoints="0" visitedBranchPoints="0" sequenceCoverage="0" branchCoverage="0" maxCyclomaticComplexity="1" minCyclomaticComplexity="1" visitedClasses="0" numClasses="0" visitedMethods="0" numMethods="0" />
              <MetadataToken>100663328</MetadataToken>
              <Name>System.Void WebApp.CustomHandler.GlobalExceptionHandler::.ctor()</Name>
              <SequencePoints />
              <BranchPoints />
              <MethodPoint vc="0" uspid="102" ordinal="0" offset="0" />
            </Method>
          </Methods>
        </Class>
        <Class>
          <Summary numSequencePoints="8" visitedSequencePoints="0" numBranchPoints="2" visitedBranchPoints="0" sequenceCoverage="0" branchCoverage="0" maxCyclomaticComplexity="1" minCyclomaticComplexity="1" visitedClasses="0" numClasses="1" visitedMethods="0" numMethods="2" />
          <FullName>WebApp.CustomHandler.GlobalExceptionHandler/ErrorMessageResult</FullName>
          <Methods>
            <Method visited="false" cyclomaticComplexity="1" nPathComplexity="0" sequenceCoverage="0" branchCoverage="0" isConstructor="true" isStatic="false" isGetter="false" isSetter="false">
              <Summary numSequencePoints="5" visitedSequencePoints="0" numBranchPoints="1" visitedBranchPoints="0" sequenceCoverage="0" branchCoverage="0" maxCyclomaticComplexity="1" minCyclomaticComplexity="1" visitedClasses="0" numClasses="0" visitedMethods="0" numMethods="1" />
              <MetadataToken>100663373</MetadataToken>
              <Name>System.Void WebApp.CustomHandler.GlobalExceptionHandler/ErrorMessageResult::.ctor(System.Net.Http.HttpRequestMessage,System.Net.Http.HttpResponseMessage)</Name>
              <FileRef uid="5" />
              <SequencePoints>
                <SequencePoint vc="0" uspid="103" ordinal="0" offset="0" sl="32" sc="13" el="32" ec="107" bec="0" bev="0" fileid="5" />
                <SequencePoint vc="0" uspid="104" ordinal="1" offset="7" sl="33" sc="13" el="33" ec="14" bec="0" bev="0" fileid="5" />
                <SequencePoint vc="0" uspid="105" ordinal="2" offset="8" sl="34" sc="17" el="34" ec="36" bec="0" bev="0" fileid="5" />
                <SequencePoint vc="0" uspid="106" ordinal="3" offset="15" sl="35" sc="17" el="35" ec="60" bec="0" bev="0" fileid="5" />
                <SequencePoint vc="0" uspid="107" ordinal="4" offset="22" sl="36" sc="13" el="36" ec="14" bec="0" bev="0" fileid="5" />
              </SequencePoints>
              <BranchPoints />
              <MethodPoint xsi:type="SequencePoint" vc="0" uspid="103" ordinal="0" offset="0" sl="32" sc="13" el="32" ec="107" bec="0" bev="0" fileid="5" />
            </Method>
            <Method visited="false" cyclomaticComplexity="1" nPathComplexity="0" sequenceCoverage="0" branchCoverage="0" isConstructor="false" isStatic="false" isGetter="false" isSetter="false">
              <Summary numSequencePoints="3" visitedSequencePoints="0" numBranchPoints="1" visitedBranchPoints="0" sequenceCoverage="0" branchCoverage="0" maxCyclomaticComplexity="1" minCyclomaticComplexity="1" visitedClasses="0" numClasses="0" visitedMethods="0" numMethods="1" />
              <MetadataToken>100663374</MetadataToken>
              <Name>System.Threading.Tasks.Task`1&lt;System.Net.Http.HttpResponseMessage&gt; WebApp.CustomHandler.GlobalExceptionHandler/ErrorMessageResult::ExecuteAsync(System.Threading.CancellationToken)</Name>
              <FileRef uid="5" />
              <SequencePoints>
                <SequencePoint vc="0" uspid="108" ordinal="0" offset="0" sl="39" sc="13" el="39" ec="14" bec="0" bev="0" fileid="5" />
                <SequencePoint vc="0" uspid="109" ordinal="1" offset="1" sl="40" sc="17" el="40" ec="62" bec="0" bev="0" fileid="5" />
                <SequencePoint vc="0" uspid="110" ordinal="2" offset="15" sl="41" sc="13" el="41" ec="14" bec="0" bev="0" fileid="5" />
              </SequencePoints>
              <BranchPoints />
              <MethodPoint xsi:type="SequencePoint" vc="0" uspid="108" ordinal="0" offset="0" sl="39" sc="13" el="39" ec="14" bec="0" bev="0" fileid="5" />
            </Method>
          </Methods>
        </Class>
        <Class>
          <Summary numSequencePoints="24" visitedSequencePoints="5" numBranchPoints="3" visitedBranchPoints="2" sequenceCoverage="20.83" branchCoverage="66.67" maxCyclomaticComplexity="2" minCyclomaticComplexity="1" visitedClasses="1" numClasses="1" visitedMethods="1" numMethods="1" />
          <FullName>WebApp.Api.BaseApiController</FullName>
          <Methods>
            <Method visited="true" cyclomaticComplexity="2" nPathComplexity="2" sequenceCoverage="20.83" branchCoverage="66.67" isConstructor="false" isStatic="false" isGetter="false" isSetter="false">
              <Summary numSequencePoints="24" visitedSequencePoints="5" numBranchPoints="3" visitedBranchPoints="2" sequenceCoverage="20.83" branchCoverage="66.67" maxCyclomaticComplexity="2" minCyclomaticComplexity="2" visitedClasses="0" numClasses="0" visitedMethods="1" numMethods="1" />
              <MetadataToken>100663329</MetadataToken>
              <Name>System.Web.Http.IHttpActionResult WebApp.Api.BaseApiController::Try(WebApp.Api.BaseApiController/WebDelegateMethod)</Name>
              <FileRef uid="7" />
              <SequencePoints>
                <SequencePoint vc="19" uspid="111" ordinal="0" offset="0" sl="15" sc="9" el="15" ec="10" bec="0" bev="0" fileid="7" />
                <SequencePoint vc="19" uspid="112" ordinal="1" offset="1" sl="17" sc="13" el="17" ec="14" bec="0" bev="0" fileid="7" />
                <SequencePoint vc="19" uspid="113" ordinal="2" offset="2" sl="18" sc="17" el="18" ec="41" bec="2" bev="1" fileid="7" />
                <SequencePoint vc="0" uspid="114" ordinal="3" offset="20" sl="19" sc="17" el="19" ec="18" bec="0" bev="0" fileid="7" />
                <SequencePoint vc="0" uspid="115" ordinal="4" offset="21" sl="20" sc="21" el="20" ec="59" bec="0" bev="0" fileid="7" />
                <SequencePoint vc="0" uspid="116" ordinal="5" offset="32" sl="21" sc="21" el="21" ec="51" bec="0" bev="0" fileid="7" />
                <SequencePoint vc="19" uspid="117" ordinal="6" offset="47" sl="23" sc="17" el="23" ec="33" bec="0" bev="0" fileid="7" />
                <SequencePoint vc="0" uspid="118" ordinal="7" offset="56" sl="25" sc="13" el="25" ec="57" bec="0" bev="0" fileid="7" />
                <SequencePoint vc="0" uspid="119" ordinal="8" offset="57" sl="26" sc="13" el="26" ec="14" bec="0" bev="0" fileid="7" />
                <SequencePoint vc="0" uspid="120" ordinal="9" offset="58" sl="27" sc="17" el="27" ec="69" bec="0" bev="0" fileid="7" />
                <SequencePoint vc="0" uspid="121" ordinal="10" offset="71" sl="28" sc="17" el="28" ec="60" bec="0" bev="0" fileid="7" />
                <SequencePoint vc="0" uspid="122" ordinal="11" offset="86" sl="30" sc="13" el="30" ec="68" bec="0" bev="0" fileid="7" />
                <SequencePoint vc="0" uspid="123" ordinal="12" offset="87" sl="31" sc="13" el="31" ec="14" bec="0" bev="0" fileid="7" />
                <SequencePoint vc="0" uspid="124" ordinal="13" offset="88" sl="32" sc="17" el="32" ec="89" bec="0" bev="0" fileid="7" />
                <SequencePoint vc="0" uspid="125" ordinal="14" offset="101" sl="33" sc="17" el="33" ec="70" bec="0" bev="0" fileid="7" />
                <SequencePoint vc="0" uspid="126" ordinal="15" offset="116" sl="35" sc="13" el="35" ec="60" bec="0" bev="0" fileid="7" />
                <SequencePoint vc="0" uspid="127" ordinal="16" offset="118" sl="36" sc="13" el="36" ec="14" bec="0" bev="0" fileid="7" />
                <SequencePoint vc="0" uspid="128" ordinal="17" offset="119" sl="37" sc="17" el="37" ec="81" bec="0" bev="0" fileid="7" />
                <SequencePoint vc="0" uspid="129" ordinal="18" offset="134" sl="38" sc="17" el="38" ec="66" bec="0" bev="0" fileid="7" />
                <SequencePoint vc="0" uspid="130" ordinal="19" offset="150" sl="40" sc="13" el="40" ec="40" bec="0" bev="0" fileid="7" />
                <SequencePoint vc="0" uspid="131" ordinal="20" offset="152" sl="41" sc="13" el="41" ec="14" bec="0" bev="0" fileid="7" />
                <SequencePoint vc="0" uspid="132" ordinal="21" offset="153" sl="42" sc="17" el="42" ec="57" bec="0" bev="0" fileid="7" />
                <SequencePoint vc="0" uspid="133" ordinal="22" offset="168" sl="44" sc="17" el="44" ec="33" bec="0" bev="0" fileid="7" />
                <SequencePoint vc="19" uspid="134" ordinal="23" offset="171" sl="46" sc="9" el="46" ec="10" bec="0" bev="0" fileid="7" />
              </SequencePoints>
              <BranchPoints>
                <BranchPoint vc="0" uspid="135" ordinal="0" offset="18" sl="18" path="0" offsetend="20" fileid="7" />
                <BranchPoint vc="19" uspid="136" ordinal="1" offset="18" sl="18" path="1" offsetend="47" fileid="7" />
              </BranchPoints>
              <MethodPoint xsi:type="SequencePoint" vc="19" uspid="111" ordinal="0" offset="0" sl="15" sc="9" el="15" ec="10" bec="0" bev="0" fileid="7" />
            </Method>
            <Method visited="true" cyclomaticComplexity="1" nPathComplexity="0" sequenceCoverage="0" branchCoverage="0" isConstructor="true" isStatic="false" isGetter="false" isSetter="false">
              <Summary numSequencePoints="0" visitedSequencePoints="0" numBranchPoints="0" visitedBranchPoints="0" sequenceCoverage="0" branchCoverage="0" maxCyclomaticComplexity="1" minCyclomaticComplexity="1" visitedClasses="0" numClasses="0" visitedMethods="0" numMethods="0" />
              <MetadataToken>100663330</MetadataToken>
              <Name>System.Void WebApp.Api.BaseApiController::.ctor()</Name>
              <SequencePoints />
              <BranchPoints />
              <MethodPoint vc="19" uspid="137" ordinal="0" offset="0" />
            </Method>
          </Methods>
        </Class>
        <Class>
          <Summary numSequencePoints="0" visitedSequencePoints="0" numBranchPoints="0" visitedBranchPoints="0" sequenceCoverage="0" branchCoverage="0" maxCyclomaticComplexity="0" minCyclomaticComplexity="0" visitedClasses="0" numClasses="0" visitedMethods="0" numMethods="0" />
          <FullName>WebApp.Api.BaseApiController/WebDelegateMethod</FullName>
          <Methods>
            <Method skippedDueTo="Unknown" visited="false" cyclomaticComplexity="0" nPathComplexity="0" sequenceCoverage="0" branchCoverage="0" isConstructor="true" isStatic="false" isGetter="false" isSetter="false">
              <MetadataToken>100663375</MetadataToken>
              <Name>System.Void WebApp.Api.BaseApiController/WebDelegateMethod::.ctor(System.Object,System.IntPtr)</Name>
              <SequencePoints />
              <BranchPoints />
            </Method>
            <Method skippedDueTo="Unknown" visited="false" cyclomaticComplexity="0" nPathComplexity="0" sequenceCoverage="0" branchCoverage="0" isConstructor="false" isStatic="false" isGetter="false" isSetter="false">
              <MetadataToken>100663376</MetadataToken>
              <Name>System.Web.Http.IHttpActionResult WebApp.Api.BaseApiController/WebDelegateMethod::Invoke()</Name>
              <SequencePoints />
              <BranchPoints />
            </Method>
            <Method skippedDueTo="Unknown" visited="false" cyclomaticComplexity="0" nPathComplexity="0" sequenceCoverage="0" branchCoverage="0" isConstructor="false" isStatic="false" isGetter="false" isSetter="false">
              <MetadataToken>100663377</MetadataToken>
              <Name>System.IAsyncResult WebApp.Api.BaseApiController/WebDelegateMethod::BeginInvoke(System.AsyncCallback,System.Object)</Name>
              <SequencePoints />
              <BranchPoints />
            </Method>
            <Method skippedDueTo="Unknown" visited="false" cyclomaticComplexity="0" nPathComplexity="0" sequenceCoverage="0" branchCoverage="0" isConstructor="false" isStatic="false" isGetter="false" isSetter="false">
              <MetadataToken>100663378</MetadataToken>
              <Name>System.Web.Http.IHttpActionResult WebApp.Api.BaseApiController/WebDelegateMethod::EndInvoke(System.IAsyncResult)</Name>
              <SequencePoints />
              <BranchPoints />
            </Method>
          </Methods>
        </Class>
        <Class>
          <Summary numSequencePoints="20" visitedSequencePoints="16" numBranchPoints="6" visitedBranchPoints="5" sequenceCoverage="80" branchCoverage="83.33" maxCyclomaticComplexity="1" minCyclomaticComplexity="1" visitedClasses="1" numClasses="1" visitedMethods="5" numMethods="6" />
          <FullName>WebApp.Api.ParentTaskController</FullName>
          <Methods>
            <Method visited="true" cyclomaticComplexity="1" nPathComplexity="0" sequenceCoverage="100" branchCoverage="100" isConstructor="true" isStatic="false" isGetter="false" isSetter="false">
              <Summary numSequencePoints="4" visitedSequencePoints="4" numBranchPoints="1" visitedBranchPoints="1" sequenceCoverage="100" branchCoverage="100" maxCyclomaticComplexity="1" minCyclomaticComplexity="1" visitedClasses="0" numClasses="0" visitedMethods="1" numMethods="1" />
              <MetadataToken>100663331</MetadataToken>
              <Name>System.Void WebApp.Api.ParentTaskController::.ctor(ProjectManager.Api.Extension.Interfaces.IParentTaskFacade)</Name>
              <FileRef uid="8" />
              <SequencePoints>
                <SequencePoint vc="4" uspid="138" ordinal="0" offset="0" sl="25" sc="9" el="25" ec="66" bec="0" bev="0" fileid="8" />
                <SequencePoint vc="4" uspid="139" ordinal="1" offset="7" sl="26" sc="9" el="26" ec="10" bec="0" bev="0" fileid="8" />
                <SequencePoint vc="4" uspid="140" ordinal="2" offset="8" sl="27" sc="13" el="27" ec="38" bec="0" bev="0" fileid="8" />
                <SequencePoint vc="4" uspid="141" ordinal="3" offset="15" sl="28" sc="9" el="28" ec="10" bec="0" bev="0" fileid="8" />
              </SequencePoints>
              <BranchPoints />
              <MethodPoint xsi:type="SequencePoint" vc="4" uspid="138" ordinal="0" offset="0" sl="25" sc="9" el="25" ec="66" bec="0" bev="0" fileid="8" />
            </Method>
            <Method visited="false" cyclomaticComplexity="1" nPathComplexity="0" sequenceCoverage="0" branchCoverage="0" isConstructor="true" isStatic="false" isGetter="false" isSetter="false">
              <Summary numSequencePoints="4" visitedSequencePoints="0" numBranchPoints="1" visitedBranchPoints="0" sequenceCoverage="0" branchCoverage="0" maxCyclomaticComplexity="1" minCyclomaticComplexity="1" visitedClasses="0" numClasses="0" visitedMethods="0" numMethods="1" />
              <MetadataToken>100663332</MetadataToken>
              <Name>System.Void WebApp.Api.ParentTaskController::.ctor()</Name>
              <FileRef uid="8" />
              <SequencePoints>
                <SequencePoint vc="0" uspid="142" ordinal="0" offset="0" sl="29" sc="9" el="29" ec="38" bec="0" bev="0" fileid="8" />
                <SequencePoint vc="0" uspid="143" ordinal="1" offset="7" sl="30" sc="9" el="30" ec="10" bec="0" bev="0" fileid="8" />
                <SequencePoint vc="0" uspid="144" ordinal="2" offset="8" sl="31" sc="13" el="31" ec="76" bec="0" bev="0" fileid="8" />
                <SequencePoint vc="0" uspid="145" ordinal="3" offset="24" sl="32" sc="9" el="32" ec="10" bec="0" bev="0" fileid="8" />
              </SequencePoints>
              <BranchPoints />
              <MethodPoint xsi:type="SequencePoint" vc="0" uspid="142" ordinal="0" offset="0" sl="29" sc="9" el="29" ec="38" bec="0" bev="0" fileid="8" />
            </Method>
            <Method visited="true" cyclomaticComplexity="1" nPathComplexity="0" sequenceCoverage="100" branchCoverage="100" isConstructor="false" isStatic="false" isGetter="false" isSetter="false">
              <Summary numSequencePoints="3" visitedSequencePoints="3" numBranchPoints="1" visitedBranchPoints="1" sequenceCoverage="100" branchCoverage="100" maxCyclomaticComplexity="1" minCyclomaticComplexity="1" visitedClasses="0" numClasses="0" visitedMethods="1" numMethods="1" />
              <MetadataToken>100663333</MetadataToken>
              <Name>System.Web.Http.IHttpActionResult WebApp.Api.ParentTaskController::GetTasks()</Name>
              <FileRef uid="8" />
              <SequencePoints>
                <SequencePoint vc="1" uspid="146" ordinal="0" offset="0" sl="40" sc="9" el="40" ec="10" bec="0" bev="0" fileid="8" />
                <SequencePoint vc="1" uspid="147" ordinal="1" offset="1" sl="41" sc="13" el="44" ec="16" bec="0" bev="0" fileid="8" />
                <SequencePoint vc="1" uspid="148" ordinal="2" offset="22" sl="45" sc="9" el="45" ec="10" bec="0" bev="0" fileid="8" />
              </SequencePoints>
              <BranchPoints />
              <MethodPoint xsi:type="SequencePoint" vc="1" uspid="146" ordinal="0" offset="0" sl="40" sc="9" el="40" ec="10" bec="0" bev="0" fileid="8" />
            </Method>
            <Method visited="true" cyclomaticComplexity="1" nPathComplexity="0" sequenceCoverage="100" branchCoverage="100" isConstructor="false" isStatic="false" isGetter="false" isSetter="false">
              <Summary numSequencePoints="3" visitedSequencePoints="3" numBranchPoints="1" visitedBranchPoints="1" sequenceCoverage="100" branchCoverage="100" maxCyclomaticComplexity="1" minCyclomaticComplexity="1" visitedClasses="0" numClasses="0" visitedMethods="1" numMethods="1" />
              <MetadataToken>100663334</MetadataToken>
              <Name>System.Web.Http.IHttpActionResult WebApp.Api.ParentTaskController::GetTask(System.Int32)</Name>
              <FileRef uid="8" />
              <SequencePoints>
                <SequencePoint vc="1" uspid="149" ordinal="0" offset="20" sl="50" sc="9" el="50" ec="10" bec="0" bev="0" fileid="8" />
                <SequencePoint vc="1" uspid="150" ordinal="1" offset="21" sl="51" sc="13" el="54" ec="16" bec="0" bev="0" fileid="8" />
                <SequencePoint vc="1" uspid="151" ordinal="2" offset="42" sl="55" sc="9" el="55" ec="10" bec="0" bev="0" fileid="8" />
              </SequencePoints>
              <BranchPoints />
              <MethodPoint vc="1" uspid="152" ordinal="0" offset="0" />
            </Method>
            <Method visited="true" cyclomaticComplexity="1" nPathComplexity="0" sequenceCoverage="100" branchCoverage="100" isConstructor="false" isStatic="false" isGetter="false" isSetter="false">
              <Summary numSequencePoints="3" visitedSequencePoints="3" numBranchPoints="1" visitedBranchPoints="1" sequenceCoverage="100" branchCoverage="100" maxCyclomaticComplexity="1" minCyclomaticComplexity="1" visitedClasses="0" numClasses="0" visitedMethods="1" numMethods="1" />
              <MetadataToken>100663335</MetadataToken>
              <Name>System.Web.Http.IHttpActionResult WebApp.Api.ParentTaskController::Update(ProjectManager.Api.Extension.DTO.ParentTaskDto)</Name>
              <FileRef uid="8" />
              <SequencePoints>
                <SequencePoint vc="2" uspid="153" ordinal="0" offset="20" sl="60" sc="9" el="60" ec="10" bec="0" bev="0" fileid="8" />
                <SequencePoint vc="2" uspid="154" ordinal="1" offset="21" sl="61" sc="13" el="64" ec="16" bec="0" bev="0" fileid="8" />
                <SequencePoint vc="2" uspid="155" ordinal="2" offset="42" sl="65" sc="9" el="65" ec="10" bec="0" bev="0" fileid="8" />
              </SequencePoints>
              <BranchPoints />
              <MethodPoint vc="2" uspid="156" ordinal="0" offset="0" />
            </Method>
            <Method visited="true" cyclomaticComplexity="1" nPathComplexity="0" sequenceCoverage="100" branchCoverage="100" isConstructor="false" isStatic="false" isGetter="false" isSetter="false">
              <Summary numSequencePoints="3" visitedSequencePoints="3" numBranchPoints="1" visitedBranchPoints="1" sequenceCoverage="100" branchCoverage="100" maxCyclomaticComplexity="1" minCyclomaticComplexity="1" visitedClasses="0" numClasses="0" visitedMethods="1" numMethods="1" />
              <MetadataToken>100663336</MetadataToken>
              <Name>System.Web.Http.IHttpActionResult WebApp.Api.ParentTaskController::&lt;GetTasks&gt;b__3_0()</Name>
              <FileRef uid="8" />
              <SequencePoints>
                <SequencePoint vc="1" uspid="157" ordinal="0" offset="0" sl="42" sc="13" el="42" ec="14" bec="0" bev="0" fileid="8" />
                <SequencePoint vc="1" uspid="158" ordinal="1" offset="1" sl="43" sc="17" el="43" ec="49" bec="0" bev="0" fileid="8" />
                <SequencePoint vc="1" uspid="159" ordinal="2" offset="21" sl="44" sc="13" el="44" ec="14" bec="0" bev="0" fileid="8" />
              </SequencePoints>
              <BranchPoints />
              <MethodPoint xsi:type="SequencePoint" vc="1" uspid="157" ordinal="0" offset="0" sl="42" sc="13" el="42" ec="14" bec="0" bev="0" fileid="8" />
            </Method>
          </Methods>
        </Class>
        <Class>
          <Summary numSequencePoints="3" visitedSequencePoints="3" numBranchPoints="1" visitedBranchPoints="1" sequenceCoverage="100" branchCoverage="100" maxCyclomaticComplexity="1" minCyclomaticComplexity="1" visitedClasses="1" numClasses="1" visitedMethods="1" numMethods="1" />
          <FullName>WebApp.Api.ParentTaskController/&lt;&gt;c__DisplayClass4_0</FullName>
          <Methods>
            <Method visited="true" cyclomaticComplexity="1" nPathComplexity="0" sequenceCoverage="0" branchCoverage="0" isConstructor="true" isStatic="false" isGetter="false" isSetter="false">
              <Summary numSequencePoints="0" visitedSequencePoints="0" numBranchPoints="0" visitedBranchPoints="0" sequenceCoverage="0" branchCoverage="0" maxCyclomaticComplexity="1" minCyclomaticComplexity="1" visitedClasses="0" numClasses="0" visitedMethods="0" numMethods="0" />
              <MetadataToken>100663379</MetadataToken>
              <Name>System.Void WebApp.Api.ParentTaskController/&lt;&gt;c__DisplayClass4_0::.ctor()</Name>
              <SequencePoints />
              <BranchPoints />
              <MethodPoint vc="1" uspid="160" ordinal="0" offset="0" />
            </Method>
            <Method visited="true" cyclomaticComplexity="1" nPathComplexity="0" sequenceCoverage="100" branchCoverage="100" isConstructor="false" isStatic="false" isGetter="false" isSetter="false">
              <Summary numSequencePoints="3" visitedSequencePoints="3" numBranchPoints="1" visitedBranchPoints="1" sequenceCoverage="100" branchCoverage="100" maxCyclomaticComplexity="1" minCyclomaticComplexity="1" visitedClasses="0" numClasses="0" visitedMethods="1" numMethods="1" />
              <MetadataToken>100663380</MetadataToken>
              <Name>System.Web.Http.IHttpActionResult WebApp.Api.ParentTaskController/&lt;&gt;c__DisplayClass4_0::&lt;GetTask&gt;b__0()</Name>
              <FileRef uid="8" />
              <SequencePoints>
                <SequencePoint vc="1" uspid="161" ordinal="0" offset="0" sl="52" sc="13" el="52" ec="14" bec="0" bev="0" fileid="8" />
                <SequencePoint vc="1" uspid="162" ordinal="1" offset="1" sl="53" sc="17" el="53" ec="48" bec="0" bev="0" fileid="8" />
                <SequencePoint vc="1" uspid="163" ordinal="2" offset="37" sl="54" sc="13" el="54" ec="14" bec="0" bev="0" fileid="8" />
              </SequencePoints>
              <BranchPoints />
              <MethodPoint xsi:type="SequencePoint" vc="1" uspid="161" ordinal="0" offset="0" sl="52" sc="13" el="52" ec="14" bec="0" bev="0" fileid="8" />
            </Method>
          </Methods>
        </Class>
        <Class>
          <Summary numSequencePoints="3" visitedSequencePoints="3" numBranchPoints="1" visitedBranchPoints="1" sequenceCoverage="100" branchCoverage="100" maxCyclomaticComplexity="1" minCyclomaticComplexity="1" visitedClasses="1" numClasses="1" visitedMethods="1" numMethods="1" />
          <FullName>WebApp.Api.ParentTaskController/&lt;&gt;c__DisplayClass5_0</FullName>
          <Methods>
            <Method visited="true" cyclomaticComplexity="1" nPathComplexity="0" sequenceCoverage="0" branchCoverage="0" isConstructor="true" isStatic="false" isGetter="false" isSetter="false">
              <Summary numSequencePoints="0" visitedSequencePoints="0" numBranchPoints="0" visitedBranchPoints="0" sequenceCoverage="0" branchCoverage="0" maxCyclomaticComplexity="1" minCyclomaticComplexity="1" visitedClasses="0" numClasses="0" visitedMethods="0" numMethods="0" />
              <MetadataToken>100663381</MetadataToken>
              <Name>System.Void WebApp.Api.ParentTaskController/&lt;&gt;c__DisplayClass5_0::.ctor()</Name>
              <SequencePoints />
              <BranchPoints />
              <MethodPoint vc="2" uspid="164" ordinal="0" offset="0" />
            </Method>
            <Method visited="true" cyclomaticComplexity="1" nPathComplexity="0" sequenceCoverage="100" branchCoverage="100" isConstructor="false" isStatic="false" isGetter="false" isSetter="false">
              <Summary numSequencePoints="3" visitedSequencePoints="3" numBranchPoints="1" visitedBranchPoints="1" sequenceCoverage="100" branchCoverage="100" maxCyclomaticComplexity="1" minCyclomaticComplexity="1" visitedClasses="0" numClasses="0" visitedMethods="1" numMethods="1" />
              <MetadataToken>100663382</MetadataToken>
              <Name>System.Web.Http.IHttpActionResult WebApp.Api.ParentTaskController/&lt;&gt;c__DisplayClass5_0::&lt;Update&gt;b__0()</Name>
              <FileRef uid="8" />
              <SequencePoints>
                <SequencePoint vc="2" uspid="165" ordinal="0" offset="0" sl="62" sc="13" el="62" ec="14" bec="0" bev="0" fileid="8" />
                <SequencePoint vc="2" uspid="166" ordinal="1" offset="1" sl="63" sc="17" el="63" ec="53" bec="0" bev="0" fileid="8" />
                <SequencePoint vc="2" uspid="167" ordinal="2" offset="37" sl="64" sc="13" el="64" ec="14" bec="0" bev="0" fileid="8" />
              </SequencePoints>
              <BranchPoints />
              <MethodPoint xsi:type="SequencePoint" vc="2" uspid="165" ordinal="0" offset="0" sl="62" sc="13" el="62" ec="14" bec="0" bev="0" fileid="8" />
            </Method>
          </Methods>
        </Class>
        <Class>
          <Summary numSequencePoints="23" visitedSequencePoints="19" numBranchPoints="7" visitedBranchPoints="6" sequenceCoverage="82.61" branchCoverage="85.71" maxCyclomaticComplexity="1" minCyclomaticComplexity="1" visitedClasses="1" numClasses="1" visitedMethods="6" numMethods="7" />
[...]
              <FileRef uid="51" />
              <SequencePoints />
              <BranchPoints />
            </Method>
            <Method skippedDueTo="AutoImplementedProperty" visited="false" cyclomaticComplexity="1" nPathComplexity="0" sequenceCoverage="0" branchCoverage="0" isConstructor="false" isStatic="false" isGetter="true" isSetter="false">
              <MetadataToken>100663348</MetadataToken>
              <Name>System.Int32 ProjectManager.Api.Extension.DTO.ProjectDto::get_ManagerId()</Name>
              <FileRef uid="51" />
              <SequencePoints />
              <BranchPoints />
            </Method>
            <Method skippedDueTo="AutoImplementedProperty" visited="false" cyclomaticComplexity="1" nPathComplexity="0" sequenceCoverage="0" branchCoverage="0" isConstructor="false" isStatic="false" isGetter="false" isSetter="true">
              <MetadataToken>100663349</MetadataToken>
              <Name>System.Void ProjectManager.Api.Extension.DTO.ProjectDto::set_ManagerId(System.Int32)</Name>
              <FileRef uid="51" />
              <SequencePoints />
              <BranchPoints />
            </Method>
            <Method visited="true" cyclomaticComplexity="1" nPathComplexity="0" sequenceCoverage="0" branchCoverage="0" isConstructor="true" isStatic="false" isGetter="false" isSetter="false">
              <Summary numSequencePoints="0" visitedSequencePoints="0" numBranchPoints="0" visitedBranchPoints="0" sequenceCoverage="0" branchCoverage="0" maxCyclomaticComplexity="1" minCyclomaticComplexity="1" visitedClasses="0" numClasses="0" visitedMethods="0" numMethods="0" />
              <MetadataToken>100663350</MetadataToken>
              <Name>System.Void ProjectManager.Api.Extension.DTO.ProjectDto::.ctor()</Name>
              <SequencePoints />
              <BranchPoints />
              <MethodPoint vc="7" uspid="478" ordinal="0" offset="0" />
            </Method>
          </Methods>
        </Class>
        <Class>
          <Summary numSequencePoints="0" visitedSequencePoints="0" numBranchPoints="0" visitedBranchPoints="0" sequenceCoverage="0" branchCoverage="0" maxCyclomaticComplexity="1" minCyclomaticComplexity="1" visitedClasses="0" numClasses="0" visitedMethods="0" numMethods="0" />
          <FullName>ProjectManager.Api.Extension.DTO.TaskDto</FullName>
          <Methods>
            <Method skippedDueTo="AutoImplementedProperty" visited="false" cyclomaticComplexity="1" nPathComplexity="0" sequenceCoverage="0" branchCoverage="0" isConstructor="false" isStatic="false" isGetter="true" isSetter="false">
              <MetadataToken>100663351</MetadataToken>
              <Name>System.Int32 ProjectManager.Api.Extension.DTO.TaskDto::get_Id()</Name>
              <FileRef uid="52" />
              <SequencePoints />
              <BranchPoints />
            </Method>
            <Method skippedDueTo="AutoImplementedProperty" visited="false" cyclomaticComplexity="1" nPathComplexity="0" sequenceCoverage="0" branchCoverage="0" isConstructor="false" isStatic="false" isGetter="false" isSetter="true">
              <MetadataToken>100663352</MetadataToken>
              <Name>System.Void ProjectManager.Api.Extension.DTO.TaskDto::set_Id(System.Int32)</Name>
              <FileRef uid="52" />
              <SequencePoints />
              <BranchPoints />
            </Method>
            <Method skippedDueTo="AutoImplementedProperty" visited="false" cyclomaticComplexity="1" nPathComplexity="0" sequenceCoverage="0" branchCoverage="0" isConstructor="false" isStatic="false" isGetter="true" isSetter="false">
              <MetadataToken>100663353</MetadataToken>
              <Name>System.String ProjectManager.Api.Extension.DTO.TaskDto::get_Name()</Name>
              <FileRef uid="52" />
              <SequencePoints />
              <BranchPoints />
            </Method>
            <Method skippedDueTo="AutoImplementedProperty" visited="false" cyclomaticComplexity="1" nPathComplexity="0" sequenceCoverage="0" branchCoverage="0" isConstructor="false" isStatic="false" isGetter="false" isSetter="true">
              <MetadataToken>100663354</MetadataToken>
              <Name>System.Void ProjectManager.Api.Extension.DTO.TaskDto::set_Name(System.String)</Name>
              <FileRef uid="52" />
              <SequencePoints />
              <BranchPoints />
            </Method>
            <Method skippedDueTo="AutoImplementedProperty" visited="false" cyclomaticComplexity="1" nPathComplexity="0" sequenceCoverage="0" branchCoverage="0" isConstructor="false" isStatic="false" isGetter="true" isSetter="false">
              <MetadataToken>100663355</MetadataToken>
              <Name>System.String ProjectManager.Api.Extension.DTO.TaskDto::get_StartDate()</Name>
              <FileRef uid="52" />
              <SequencePoints />
              <BranchPoints />
            </Method>
            <Method skippedDueTo="AutoImplementedProperty" visited="false" cyclomaticComplexity="1" nPathComplexity="0" sequenceCoverage="0" branchCoverage="0" isConstructor="false" isStatic="false" isGetter="false" isSetter="true">
              <MetadataToken>100663356</MetadataToken>
              <Name>System.Void ProjectManager.Api.Extension.DTO.TaskDto::set_StartDate(System.String)</Name>
              <FileRef uid="52" />
              <SequencePoints />
              <BranchPoints />
            </Method>
            <Method skippedDueTo="AutoImplementedProperty" visited="false" cyclomaticComplexity="1" nPathComplexity="0" sequenceCoverage="0" branchCoverage="0" isConstructor="false" isStatic="false" isGetter="true" isSetter="false">
              <MetadataToken>100663357</MetadataToken>
              <Name>System.String ProjectManager.Api.Extension.DTO.TaskDto::get_EndDate()</Name>
              <FileRef uid="52" />
              <SequencePoints />
              <BranchPoints />
            </Method>
            <Method skippedDueTo="AutoImplementedProperty" visited="false" cyclomaticComplexity="1" nPathComplexity="0" sequenceCoverage="0" branchCoverage="0" isConstructor="false" isStatic="false" isGetter="false" isSetter="true">
              <MetadataToken>100663358</MetadataToken>
              <Name>System.Void ProjectManager.Api.Extension.DTO.TaskDto::set_EndDate(System.String)</Name>
              <FileRef uid="52" />
              <SequencePoints />
              <BranchPoints />
            </Method>
            <Method skippedDueTo="AutoImplementedProperty" visited="false" cyclomaticComplexity="1" nPathComplexity="0" sequenceCoverage="0" branchCoverage="0" isConstructor="false" isStatic="false" isGetter="true" isSetter="false">
              <MetadataToken>100663359</MetadataToken>
              <Name>System.Int32 ProjectManager.Api.Extension.DTO.TaskDto::get_Priority()</Name>
              <FileRef uid="52" />
              <SequencePoints />
              <BranchPoints />
            </Method>
            <Method skippedDueTo="AutoImplementedProperty" visited="false" cyclomaticComplexity="1" nPathComplexity="0" sequenceCoverage="0" branchCoverage="0" isConstructor="false" isStatic="false" isGetter="false" isSetter="true">
              <MetadataToken>100663360</MetadataToken>
              <Name>System.Void ProjectManager.Api.Extension.DTO.TaskDto::set_Priority(System.Int32)</Name>
              <FileRef uid="52" />
              <SequencePoints />
              <BranchPoints />
            </Method>
            <Method skippedDueTo="AutoImplementedProperty" visited="false" cyclomaticComplexity="1" nPathComplexity="0" sequenceCoverage="0" branchCoverage="0" isConstructor="false" isStatic="false" isGetter="true" isSetter="false">
              <MetadataToken>100663361</MetadataToken>
              <Name>System.Int32 ProjectManager.Api.Extension.DTO.TaskDto::get_ParentTaskId()</Name>
              <FileRef uid="52" />
              <SequencePoints />
              <BranchPoints />
            </Method>
            <Method skippedDueTo="AutoImplementedProperty" visited="false" cyclomaticComplexity="1" nPathComplexity="0" sequenceCoverage="0" branchCoverage="0" isConstructor="false" isStatic="false" isGetter="false" isSetter="true">
              <MetadataToken>100663362</MetadataToken>
              <Name>System.Void ProjectManager.Api.Extension.DTO.TaskDto::set_ParentTaskId(System.Int32)</Name>
              <FileRef uid="52" />
              <SequencePoints />
              <BranchPoints />
            </Method>
            <Method skippedDueTo="AutoImplementedProperty" visited="false" cyclomaticComplexity="1" nPathComplexity="0" sequenceCoverage="0" branchCoverage="0" isConstructor="false" isStatic="false" isGetter="true" isSetter="false">
              <MetadataToken>100663363</MetadataToken>
              <Name>System.Int32 ProjectManager.Api.Extension.DTO.TaskDto::get_OwnerId()</Name>
              <FileRef uid="52" />
              <SequencePoints />
              <BranchPoints />
            </Method>
            <Method skippedDueTo="AutoImplementedProperty" visited="false" cyclomaticComplexity="1" nPathComplexity="0" sequenceCoverage="0" branchCoverage="0" isConstructor="false" isStatic="false" isGetter="false" isSetter="true">
              <MetadataToken>100663364</MetadataToken>
              <Name>System.Void ProjectManager.Api.Extension.DTO.TaskDto::set_OwnerId(System.Int32)</Name>
              <FileRef uid="52" />
              <SequencePoints />
              <BranchPoints />
            </Method>
            <Method skippedDueTo="AutoImplementedProperty" visited="false" cyclomaticComplexity="1" nPathComplexity="0" sequenceCoverage="0" branchCoverage="0" isConstructor="false" isStatic="false" isGetter="true" isSetter="false">
              <MetadataToken>100663365</MetadataToken>
              <Name>System.Int32 ProjectManager.Api.Extension.DTO.TaskDto::get_ProjectId()</Name>
              <FileRef uid="52" />
              <SequencePoints />
              <BranchPoints />
            </Method>
            <Method skippedDueTo="AutoImplementedProperty" visited="false" cyclomaticComplexity="1" nPathComplexity="0" sequenceCoverage="0" branchCoverage="0" isConstructor="false" isStatic="false" isGetter="false" isSetter="true">
              <MetadataToken>100663366</MetadataToken>
              <Name>System.Void ProjectManager.Api.Extension.DTO.TaskDto::set_ProjectId(System.Int32)</Name>
              <FileRef uid="52" />
              <SequencePoints />
              <BranchPoints />
            </Method>
            <Method visited="true" cyclomaticComplexity="1" nPathComplexity="0" sequenceCoverage="0" branchCoverage="0" isConstructor="true" isStatic="false" isGetter="false" isSetter="false">
              <Summary numSequencePoints="0" visitedSequencePoints="0" numBranchPoints="0" visitedBranchPoints="0" sequenceCoverage="0" branchCoverage="0" maxCyclomaticComplexity="1" minCyclomaticComplexity="1" visitedClasses="0" numClasses="0" visitedMethods="0" numMethods="0" />
              <MetadataToken>100663367</MetadataToken>
              <Name>System.Void ProjectManager.Api.Extension.DTO.TaskDto::.ctor()</Name>
              <SequencePoints />
              <BranchPoints />
              <MethodPoint vc="7" uspid="479" ordinal="0" offset="0" />
            </Method>
          </Methods>
        </Class>
        <Class>
          <Summary numSequencePoints="0" visitedSequencePoints="0" numBranchPoints="0" visitedBranchPoints="0" sequenceCoverage="0" branchCoverage="0" maxCyclomaticComplexity="1" minCyclomaticComplexity="1" visitedClasses="0" numClasses="0" visitedMethods="0" numMethods="0" />
          <FullName>ProjectManager.Api.Extension.DTO.UserDto</FullName>
          <Methods>
            <Method skippedDueTo="AutoImplementedProperty" visited="false" cyclomaticComplexity="1" nPathComplexity="0" sequenceCoverage="0" branchCoverage="0" isConstructor="false" isStatic="false" isGetter="true" isSetter="false">
              <MetadataToken>100663368</MetadataToken>
              <Name>System.Int32 ProjectManager.Api.Extension.DTO.UserDto::get_Id()</Name>
              <FileRef uid="53" />
              <SequencePoints />
              <BranchPoints />
            </Method>
            <Method skippedDueTo="AutoImplementedProperty" visited="false" cyclomaticComplexity="1" nPathComplexity="0" sequenceCoverage="0" branchCoverage="0" isConstructor="false" isStatic="false" isGetter="false" isSetter="true">
              <MetadataToken>100663369</MetadataToken>
              <Name>System.Void ProjectManager.Api.Extension.DTO.UserDto::set_Id(System.Int32)</Name>
              <FileRef uid="53" />
              <SequencePoints />
              <BranchPoints />
            </Method>
            <Method skippedDueTo="AutoImplementedProperty" visited="false" cyclomaticComplexity="1" nPathComplexity="0" sequenceCoverage="0" branchCoverage="0" isConstructor="false" isStatic="false" isGetter="true" isSetter="false">
              <MetadataToken>100663370</MetadataToken>
              <Name>System.String ProjectManager.Api.Extension.DTO.UserDto::get_FirstName()</Name>
              <FileRef uid="53" />
              <SequencePoints />
              <BranchPoints />
            </Method>
            <Method skippedDueTo="AutoImplementedProperty" visited="false" cyclomaticComplexity="1" nPathComplexity="0" sequenceCoverage="0" branchCoverage="0" isConstructor="false" isStatic="false" isGetter="false" isSetter="true">
              <MetadataToken>100663371</MetadataToken>
              <Name>System.Void ProjectManager.Api.Extension.DTO.UserDto::set_FirstName(System.String)</Name>
              <FileRef uid="53" />
              <SequencePoints />
              <BranchPoints />
            </Method>
            <Method skippedDueTo="AutoImplementedProperty" visited="false" cyclomaticComplexity="1" nPathComplexity="0" sequenceCoverage="0" branchCoverage="0" isConstructor="false" isStatic="false" isGetter="true" isSetter="false">
              <MetadataToken>100663372</MetadataToken>
              <Name>System.String ProjectManager.Api.Extension.DTO.UserDto::get_LastName()</Name>
              <FileRef uid="53" />
              <SequencePoints />
              <BranchPoints />
            </Method>
            <Method skippedDueTo="AutoImplementedProperty" visited="false" cyclomaticComplexity="1" nPathComplexity="0" sequenceCoverage="0" branchCoverage="0" isConstructor="false" isStatic="false" isGetter="false" isSetter="true">
              <MetadataToken>100663373</MetadataToken>
              <Name>System.Void ProjectManager.Api.Extension.DTO.UserDto::set_LastName(System.String)</Name>
              <FileRef uid="53" />
              <SequencePoints />
              <BranchPoints />
            </Method>
            <Method skippedDueTo="AutoImplementedProperty" visited="false" cyclomaticComplexity="1" nPathComplexity="0" sequenceCoverage="0" branchCoverage="0" isConstructor="false" isStatic="false" isGetter="true" isSetter="false">
              <MetadataToken>100663374</MetadataToken>
              <Name>System.String ProjectManager.Api.Extension.DTO.UserDto::get_EmployeeId()</Name>
              <FileRef uid="53" />
              <SequencePoints />
              <BranchPoints />
            </Method>
            <Method skippedDueTo="AutoImplementedProperty" visited="false" cyclomaticComplexity="1" nPathComplexity="0" sequenceCoverage="0" branchCoverage="0" isConstructor="false" isStatic="false" isGetter="false" isSetter="true">
              <MetadataToken>100663375</MetadataToken>
              <Name>System.Void ProjectManager.Api.Extension.DTO.UserDto::set_EmployeeId(System.String)</Name>
              <FileRef uid="53" />
              <SequencePoints />
              <BranchPoints />
            </Method>
            <Method visited="true" cyclomaticComplexity="1" nPathComplexity="0" sequenceCoverage="0" branchCoverage="0" isConstructor="true" isStatic="false" isGetter="false" isSetter="false">
              <Summary numSequencePoints="0" visitedSequencePoints="0" numBranchPoints="0" visitedBranchPoints="0" sequenceCoverage="0" branchCoverage="0" maxCyclomaticComplexity="1" minCyclomaticComplexity="1" visitedClasses="0" numClasses="0" visitedMethods="0" numMethods="0" />
              <MetadataToken>100663376</MetadataToken>
              <Name>System.Void ProjectManager.Api.Extension.DTO.UserDto::.ctor()</Name>
              <SequencePoints />
              <BranchPoints />
              <MethodPoint vc="7" uspid="480" ordinal="0" offset="0" />
            </Method>
          </Methods>
        </Class>
      </Classes>
    </Module>
    <Module skippedDueTo="Filter" hash="E4-8E-28-11-42-ED-9C-EC-29-1B-6E-B0-9B-70-4E-BC-55-79-A2-1E">
      <ModulePath>C:\WINDOWS\Microsoft.Net\assembly\GAC_MSIL\System.ComponentModel.DataAnnotations\v4.0_4.0.0.0__31bf3856ad364e35\System.ComponentModel.DataAnnotations.dll</ModulePath>
      <ModuleTime>2018-06-18T04:19:34.0817002Z</ModuleTime>
      <ModuleName>System.ComponentModel.DataAnnotations</ModuleName>
      <Classes />
    </Module>
    <Module skippedDueTo="Filter" hash="30-B0-9E-06-0E-1F-C0-19-34-21-63-DF-CD-83-38-4A-F6-90-33-F8">
      <ModulePath>C:\Users\kuskas\Source\Repos\fse-projectmanager\ProjectManager\Web.Api.Tests\bin\Debug\DataAccess.dll</ModulePath>
      <ModuleTime>2019-07-21T09:26:58.9184045Z</ModuleTime>
      <ModuleName>DataAccess</ModuleName>
      <Classes />
    </Module>
    <Module skippedDueTo="Filter" hash="F9-9B-B5-71-3A-BE-A4-D1-7B-42-24-6F-13-97-0A-EB-C4-29-42-FE">
      <ModulePath>C:\Users\kuskas\Source\Repos\fse-projectmanager\ProjectManager\Web.Api.Tests\bin\Debug\System.Web.Http.dll</ModulePath>
      <ModuleTime>2018-05-10T14:39:16Z</ModuleTime>
      <ModuleName>System.Web.Http</ModuleName>
      <Classes />
    </Module>
    <Module skippedDueTo="MissingPdb" hash="22-3C-EF-E8-08-72-8E-67-F2-D1-FC-6F-0F-81-A9-AF-49-0D-0F-33">
      <ModulePath>C:\Users\kuskas\Source\Repos\fse-projectmanager\ProjectManager\Web.Api.Tests\bin\Debug\Moq.dll</ModulePath>
      <ModuleTime>2019-06-20T00:49:52Z</ModuleTime>
      <ModuleName>Moq</ModuleName>
      <Classes />
    </Module>
    <Module skippedDueTo="MissingPdb" hash="DC-CC-6B-85-DE-D3-FF-D6-B1-BF-5C-63-F6-46-A9-1A-1D-EF-79-5B">
      <ModulePath>C:\Users\kuskas\Source\Repos\fse-projectmanager\ProjectManager\Web.Api.Tests\bin\Debug\Castle.Core.dll</ModulePath>
      <ModuleTime>2019-04-04T17:50:26Z</ModuleTime>
      <ModuleName>Castle.Core</ModuleName>
      <Classes />
    </Module>
    <Module skippedDueTo="Filter" hash="B6-3D-95-5E-A1-F2-3D-D5-61-A7-8A-59-69-72-6D-F6-FF-70-71-9F">
      <ModulePath>C:\Users\kuskas\Source\Repos\fse-projectmanager\ProjectManager\Web.Api.Tests\bin\Debug\System.Threading.Tasks.Extensions.dll</ModulePath>
      <ModuleTime>2018-06-06T05:29:04Z</ModuleTime>
      <ModuleName>System.Threading.Tasks.Extensions</ModuleName>
      <Classes />
    </Module>
    <Module skippedDueTo="MissingPdb" hash="F0-A3-6D-2D-53-B9-AB-BE-F3-60-2F-F3-92-25-56-5B-A9-DA-27-56">
      <ModulePath>C:\WINDOWS\Microsoft.Net\assembly\GAC_MSIL\netstandard\v4.0_2.0.0.0__cc7b13ffcd2ddd51\netstandard.dll</ModulePath>
      <ModuleTime>2018-06-18T04:19:34.4199495Z</ModuleTime>
      <ModuleName>netstandard</ModuleName>
      <Classes />
    </Module>
    <Module skippedDueTo="MissingPdb" hash="">
      <ModulePath>RefEmit_InMemoryManifestModule</ModulePath>
      <ModuleTime>0001-01-01T00:00:00</ModuleTime>
      <ModuleName>DynamicProxyGenAssembly2</ModuleName>
      <Classes />
    </Module>
    <Module skippedDueTo="MissingPdb" hash="75-E8-45-F7-55-0B-30-E9-B6-D4-8C-4F-F4-0E-32-8A-69-8B-83-7B">
      <ModulePath>C:\Users\kuskas\Source\Repos\fse-projectmanager\ProjectManager\Web.Api.Tests\bin\Debug\Serilog.dll</ModulePath>
      <ModuleTime>2019-01-16T15:25:02Z</ModuleTime>
      <ModuleName>Serilog</ModuleName>
      <Classes />
    </Module>
  </Modules>
</CoverageSession>